#
# A fatal error has been detected by the Java Runtime Environment:
#
#  EXCEPTION_ACCESS_VIOLATION (0xc0000005) at pc=0x0000000000000000, pid=5884, tid=10632
#
# JRE version: OpenJDK Runtime Environment Temurin-21.0.9+10 (21.0.9+10) (build 21.0.9+10-LTS)
# Java VM: OpenJDK 64-Bit Server VM Temurin-21.0.9+10 (21.0.9+10-LTS, mixed mode, sharing, tiered, compressed oops, compressed class ptrs, g1 gc, windows-amd64)
# Problematic frame:
# C  0x00007ffe58761538
#
# No core dump will be written. Minidumps are not enabled by default on client versions of Windows
#
# If you would like to submit a bug report, please visit:
#   https://github.com/adoptium/adoptium-support/issues
# The crash happened outside the Java Virtual Machine in native code.
# See problematic frame for where to report the bug.
#

---------------  S U M M A R Y ------------

Command Line: --add-modules=javafx.controls,javafx.fxml,javafx.graphics --module-path=C:\Users\Dell\.gradle\caches\modules-2\files-2.1\org.openjfx\javafx-fxml\21\4a1cd270e1ae03ae73110eb68622afd457c6f903\javafx-fxml-21-win.jar;C:\Users\Dell\.gradle\caches\modules-2\files-2.1\org.openjfx\javafx-controls\21\76e295d84578a3d9688e092aae3f2ff1cf3e83a9\javafx-controls-21-win.jar;C:\Users\Dell\.gradle\caches\modules-2\files-2.1\org.openjfx\javafx-graphics\21\8083d97ea236079c82cf8e3463b62990340346d4\javafx-graphics-21-win.jar;C:\Users\Dell\.gradle\caches\modules-2\files-2.1\org.openjfx\javafx-base\21\a7e334fbb619859e1010cad06ddcf16e774c87a0\javafx-base-21-win.jar --add-modules=javafx.controls,javafx.fxml,javafx.graphics -Dfile.encoding=UTF-8 -Duser.country=US -Duser.language=en -Duser.variant com.example.MainMenu

Host: Intel(R) Celeron(R) CPU  N3060  @ 1.60GHz, 2 cores, 3G,  Windows 10 , 64 bit Build 19041 (10.0.19041.5915)
Time: Wed Dec 10 23:01:33 2025 Pakistan Standard Time elapsed time: 99.794389 seconds (0d 0h 1m 39s)

---------------  T H R E A D  ---------------

Current thread (0x000001aae3a7d2e0):  JavaThread "jME3 Main" daemon [_thread_in_native, id=10632, stack(0x0000004442500000,0x0000004442600000) (1024K)]

Stack: [0x0000004442500000,0x0000004442600000],  sp=0x00000044425fecd0,  free space=1019k
Native frames: (J=compiled Java code, j=interpreted, Vv=VM code, C=native code)

Java frames: (J=compiled Java code, j=interpreted, Vv=VM code)
j  org.lwjgl.system.JNI.invokePPPP(IIJJJJ)J+0
j  org.lwjgl.glfw.GLFW.nglfwCreateWindow(IIJJJ)J+14
j  org.lwjgl.glfw.GLFW.glfwCreateWindow(IILjava/lang/CharSequence;JJ)J+34
j  com.jme3.system.lwjgl.LwjglWindow.createContext(Lcom/jme3/system/AppSettings;)V+467
j  com.jme3.system.lwjgl.LwjglWindow.initInThread()Z+34
j  com.jme3.system.lwjgl.LwjglWindow.run()V+34
j  java.lang.Thread.runWith(Ljava/lang/Object;Ljava/lang/Runnable;)V+5 java.base@21.0.9
j  java.lang.Thread.run()V+19 java.base@21.0.9
v  ~StubRoutines::call_stub 0x000001aad8c41015

siginfo: EXCEPTION_ACCESS_VIOLATION (0xc0000005), data execution prevention violation at address 0x0000000000000000


Registers:
RAX=0x000001ab7de1a350, RBX=0x0000000000000000, RCX=0x00007ffe58792888, RDX=0x000001ab7de1a350
RSP=0x00000044425fecc8, RBP=0x00007ffe58792858, RSI=0x00000044425fedf0, RDI=0x000001ab7de1a350
R8 =0x0000000000000018, R9 =0x0000000000000000, R10=0x0000000000000000, R11=0x00007ffe21f1bdb0
R12=0x0000000000000000, R13=0x00000044425fedb0, R14=0x0000000000000000, R15=0x0000000000000000
RIP=0x0000000000000000, EFLAGS=0x0000000000010246

XMM[0]=0x00007ffe5029a7b0 0x00007ffe5029a7b0
XMM[1]=0x00007ffe5029a7b0 0x00007ffe5029a7b0
XMM[2]=0x00007ffe224ba370 0x00007ffe224ba150
XMM[3]=0x00007ffe21f1bdb0 0x00007ffe21f1bdb0
XMM[4]=0x00007ffe225184c0 0x00007ffe21f1bdb0
XMM[5]=0x0000000000000000 0x0000000000000000
XMM[6]=0x0000000000000000 0x0000000000000000
XMM[7]=0x0000000000000000 0x0000000000000000
XMM[8]=0x0000000000000000 0x0000000000000000
XMM[9]=0x0000000000000000 0x0000000000000000
XMM[10]=0x0000000000000000 0x0000000000000000
XMM[11]=0x0000000000000000 0x0000000000000000
XMM[12]=0x0000000000000000 0x0000000000000000
XMM[13]=0x0000000000000000 0x0000000000000000
XMM[14]=0x0000000000000000 0x0000000000000000
XMM[15]=0x0000000000000000 0x0000000000000000
  MXCSR=0x00001fa0


Register to memory mapping:

RAX=0x000001ab7de1a350 points into unknown readable memory: 0x000001aaeddf2b10 | 10 2b df ed aa 01 00 00
RBX=0x0 is null
RCX=0x00007ffe58792888 points into unknown readable memory: 0x746e497465476c67 | 67 6c 47 65 74 49 6e 74
RDX=0x000001ab7de1a350 points into unknown readable memory: 0x000001aaeddf2b10 | 10 2b df ed aa 01 00 00
RSP=0x00000044425fecc8 is pointing into the stack for thread: 0x000001aae3a7d2e0
RBP=0x00007ffe58792858 points into unknown readable memory: 0x45204c476e65704f | 4f 70 65 6e 47 4c 20 45
RSI=0x00000044425fedf0 is pointing into the stack for thread: 0x000001aae3a7d2e0
RDI=0x000001ab7de1a350 points into unknown readable memory: 0x000001aaeddf2b10 | 10 2b df ed aa 01 00 00
R8 =0x0000000000000018 is an unknown value
R9 =0x0 is null
R10=0x0 is null
R11=0x00007ffe21f1bdb0 points into unknown readable memory: 0x00005825048b4865 | 65 48 8b 04 25 58 00 00
R12=0x0 is null
R13=0x00000044425fedb0 is pointing into the stack for thread: 0x000001aae3a7d2e0
R14=0x0 is null
R15=0x0 is null

Top of Stack: (sp=0x00000044425fecc8)
0x00000044425fecc8:   00007ffe58761538 0000000000000000
0x00000044425fecd8:   00000044425fedf0 00000000c1400cd0
0x00000044425fece8:   00007ffe58775ba1 0000000000000000
0x00000044425fecf8:   000001ab72d9afd0 00007ffe58792858
0x00000044425fed08:   00007ffe58792868 00007ffe58792878
0x00000044425fed18:   0000000000000000 000001ab72d9afd0
0x00000044425fed28:   000001aae4d1fc98 00000044425fedb0
0x00000044425fed38:   00000044425ff250 000001ab7de1a350
0x00000044425fed48:   00007ffe58770329 000001ab72d9afd0
0x00000044425fed58:   00000044425fedf0 0000000000000000
0x00000044425fed68:   000001ab7de1a350 000001aa80440478
0x00000044425fed78:   0000000000000148 00000000000001e0
0x00000044425fed88:   00007ffe58767639 000001ab7de1a350
0x00000044425fed98:   00000044425fee90 0000000000000280
0x00000044425feda8:   00007ffe4d7083ad 0003600100030001
0x00000044425fedb8:   0000000200000003 0000000000000001
0x00000044425fedc8:   0003200100000000 0000000000000000
0x00000044425fedd8:   0000000000000000 0000000000000000
0x00000044425fede8:   00007ffe4d5f282f 000000900000016b
0x00000044425fedf8:   000001e000000280 000001ab72d9afd0
0x00000044425fee08:   0000000000000000 0000000100000001
0x00000044425fee18:   0000000000000001 0000000100000000
0x00000044425fee28:   0000000000000001 0000000000000000
0x00000044425fee38:   0000000000000000 0000000000000000
0x00000044425fee48:   0000000000000000 0000000000000000
0x00000044425fee58:   0000000000000000 0000000000000000
0x00000044425fee68:   0000000000000000 0000000000000000
0x00000044425fee78:   0000000000000000 0000000000000000
0x00000044425fee88:   0000000000000000 0000000000000000
0x00000044425fee98:   0000000000000000 0000000000000000
0x00000044425feea8:   0000000000000000 0000000000000000
0x00000044425feeb8:   0000000000000000 0000000000000000 

Instructions: (pc=0x00007ffe58761538)
0x00007ffe58761438:   00 00 48 83 c4 28 c3 cc 40 53 55 57 41 55 41 56
0x00007ffe58761448:   48 83 ec 50 48 8d 05 15 14 03 00 48 8b f9 48 89
0x00007ffe58761458:   44 24 38 48 8d 2d f6 13 03 00 48 8d 05 0f 14 03
0x00007ffe58761468:   00 48 89 6c 24 30 48 89 44 24 40 45 33 f6 8b 42
0x00007ffe58761478:   04 4c 8b ea 89 81 1c 02 00 00 c7 81 18 02 00 00
0x00007ffe58761488:   01 00 03 00 48 8d 0d 11 ee 07 00 4c 89 74 24 48
0x00007ffe58761498:   e8 33 ad 00 00 44 39 35 2c d4 07 00 48 8b d8 75
0x00007ffe587614a8:   0e 33 d2 b9 01 00 01 00 e8 fb 09 00 00 eb 4f 48
0x00007ffe587614b8:   8d 0d e6 ed 07 00 e8 0d ad 00 00 48 8b d0 44 39
0x00007ffe587614c8:   b7 18 02 00 00 75 13 48 8d 15 ca 15 03 00 b9 0a
0x00007ffe587614d8:   00 01 00 e8 d0 09 00 00 eb 24 48 85 d2 74 16 8b
0x00007ffe587614e8:   80 1c 02 00 00 39 87 1c 02 00 00 74 08 33 c9 ff
0x00007ffe587614f8:   92 60 02 00 00 48 8b cf ff 97 60 02 00 00 48 89
0x00007ffe58761508:   b4 24 88 00 00 00 48 8d 0d 8f ed 07 00 4c 89 bc
0x00007ffe58761518:   24 90 00 00 00 e8 ae ac 00 00 48 3b c7 0f 85 02
0x00007ffe58761528:   05 00 00 48 8d 0d 56 13 03 00 ff 97 80 02 00 00
0x00007ffe58761538:   48 8d 0d 59 13 03 00 48 89 87 50 02 00 00 ff 97
0x00007ffe58761548:   80 02 00 00 48 89 87 58 02 00 00 4c 39 b7 50 02
0x00007ffe58761558:   00 00 0f 84 51 04 00 00 48 85 c0 0f 84 48 04 00
0x00007ffe58761568:   00 b9 02 1f 00 00 ff d0 4c 8b f8 48 85 c0 0f 85
0x00007ffe58761578:   84 00 00 00 41 81 7d 00 01 00 03 00 48 8d 05 6d
0x00007ffe58761588:   13 03 00 48 8d 15 36 13 03 00 b9 08 00 01 00 48
0x00007ffe58761598:   0f 45 d0 e8 10 09 00 00 44 39 35 29 d3 07 00 0f
0x00007ffe587615a8:   84 76 01 00 00 48 8d 0d f0 ec 07 00 e8 17 ac 00
0x00007ffe587615b8:   00 4c 8b c0 48 85 db 74 0d 44 39 b3 18 02 00 00
0x00007ffe587615c8:   0f 84 1e 04 00 00 4d 85 c0 0f 84 48 04 00 00 48
0x00007ffe587615d8:   85 db 74 12 8b 80 1c 02 00 00 39 83 1c 02 00 00
0x00007ffe587615e8:   0f 84 36 04 00 00 33 c9 41 ff 90 60 02 00 00 e9
0x00007ffe587615f8:   23 04 00 00 0f 1f 40 00 48 c7 c6 ff ff ff ff 48
0x00007ffe58761608:   ff c6 80 3c 2e 00 75 f7 4c 8b c6 48 8b d5 49 8b
0x00007ffe58761618:   cf e8 f2 f5 02 00 85 c0 74 0f 4a 8b 6c f4 38 49
0x00007ffe58761628:   ff c6 48 85 ed 75 d1 eb 0d 4c 03 fe c7 87 18 02 


Stack slot to memory mapping:

stack at sp + 0 slots: 0x0 is null
stack at sp + 1 slots: 0x00000044425fedf0 is pointing into the stack for thread: 0x000001aae3a7d2e0
stack at sp + 2 slots: 0x00000000c1400cd0 is an oop: java.lang.Class 
{0x00000000c1400cd0} - klass: 'java/lang/Class'
 - ---- fields (total size 25 words):
 - private volatile transient 'classRedefinedCount' 'I' @12  0 (0x00000000)
 - injected 'klass' 'J' @16  1831803632592 (0x000001aa80013bd0)
 - injected 'array_klass' 'J' @24  0 (0x0000000000000000)
 - injected 'oop_size' 'I' @32  25 (0x00000019)
 - injected 'static_oop_field_count' 'I' @36  1 (0x00000001)
 - private volatile transient 'cachedConstructor' 'Ljava/lang/reflect/Constructor;' @40  null (0x00000000)
 - private transient 'name' 'Ljava/lang/String;' @44  "jdk.internal.misc.Unsafe"{0x00000000fff843f8} (0xfff843f8)
 - private transient 'module' 'Ljava/lang/Module;' @48  a 'java/lang/Module'{0x00000000c1401350} (0xc1401350)
 - private final 'classLoader' 'Ljava/lang/ClassLoader;' @52  null (0x00000000)
 - private transient 'classData' 'Ljava/lang/Object;' @56  null (0x00000000)
 - private transient 'packageName' 'Ljava/lang/String;' @60  "jdk.internal.misc"{0x00000000c14036c8} (0xc14036c8)
 - private final 'componentType' 'Ljava/lang/Class;' @64  null (0x00000000)
 - private volatile transient 'reflectionData' 'Ljava/lang/ref/SoftReference;' @68  null (0x00000000)
 - private volatile transient 'genericInfo' 'Lsun/reflect/generics/repository/ClassRepository;' @72  null (0x00000000)
 - private volatile transient 'enumConstants' '[Ljava/lang/Object;' @76  null (0x00000000)
 - private volatile transient 'enumConstantDirectory' 'Ljava/util/Map;' @80  null (0x00000000)
 - private volatile transient 'annotationData' 'Ljava/lang/Class$AnnotationData;' @84  null (0x00000000)
 - private volatile transient 'annotationType' 'Lsun/reflect/annotation/AnnotationType;' @88  null (0x00000000)
 - transient 'classValueMap' 'Ljava/lang/ClassValue$ClassValueMap;' @92  null (0x00000000)
 - injected 'protection_domain' 'Ljava/lang/Object;' @96  null (0x00000000)
 - injected 'signers_name' 'Ljava/lang/Object;' @100  null (0x00000000)
 - injected 'source_file' 'Ljava/lang/Object;' @104  null (0x00000000)
 - injected '<init_lock>' 'Ljava/lang/Object;' @108  null (0x00000000)
 - signature: Ljdk/internal/misc/Unsafe;
 - ---- static fields (1):
 - private static final 'theUnsafe' 'Ljdk/internal/misc/Unsafe;' @112  a 'jdk/internal/misc/Unsafe'{0x00000000c1400d98} (0xc1400d98)
 - public static final 'INVALID_FIELD_OFFSET' 'I' @116  -1 (0xffffffff)
 - public static final 'ARRAY_BOOLEAN_BASE_OFFSET' 'I' @120  16 (0x00000010)
 - public static final 'ARRAY_BYTE_BASE_OFFSET' 'I' @124  16 (0x00000010)
 - public static final 'ARRAY_SHORT_BASE_OFFSET' 'I' @128  16 (0x00000010)
 - public static final 'ARRAY_CHAR_BASE_OFFSET' 'I' @132  16 (0x00000010)
 - public static final 'ARRAY_INT_BASE_OFFSET' 'I' @136  16 (0x00000010)
 - public static final 'ARRAY_LONG_BASE_OFFSET' 'I' @140  16 (0x00000010)
 - public static final 'ARRAY_FLOAT_BASE_OFFSET' 'I' @144  16 (0x00000010)
 - public static final 'ARRAY_DOUBLE_BASE_OFFSET' 'I' @148  16 (0x00000010)
 - public static final 'ARRAY_OBJECT_BASE_OFFSET' 'I' @152  16 (0x00000010)
 - public static final 'ARRAY_BOOLEAN_INDEX_SCALE' 'I' @156  1 (0x00000001)
 - public static final 'ARRAY_BYTE_INDEX_SCALE' 'I' @160  1 (0x00000001)
 - public static final 'ARRAY_SHORT_INDEX_SCALE' 'I' @164  2 (0x00000002)
 - public static final 'ARRAY_CHAR_INDEX_SCALE' 'I' @168  2 (0x00000002)
 - public static final 'ARRAY_INT_INDEX_SCALE' 'I' @172  4 (0x00000004)
 - public static final 'ARRAY_LONG_INDEX_SCALE' 'I' @176  8 (0x00000008)
 - public static final 'ARRAY_FLOAT_INDEX_SCALE' 'I' @180  4 (0x00000004)
 - public static final 'ARRAY_DOUBLE_INDEX_SCALE' 'I' @184  8 (0x00000008)
 - public static final 'ARRAY_OBJECT_INDEX_SCALE' 'I' @188  4 (0x00000004)
 - public static final 'ADDRESS_SIZE' 'I' @192  8 (0x00000008)
stack at sp + 3 slots: 0x00007ffe58775ba1 points into unknown readable memory: 48 83 c4 50 5f c3 48
stack at sp + 4 slots: 0x0 is null
stack at sp + 5 slots: 0x000001ab72d9afd0 points into unknown readable memory: 0x4579656b6e6f4d6a | 6a 4d 6f 6e 6b 65 79 45
stack at sp + 6 slots: 0x00007ffe58792858 points into unknown readable memory: 0x45204c476e65704f | 4f 70 65 6e 47 4c 20 45
stack at sp + 7 slots: 0x00007ffe58792868 points into unknown readable memory: 0x45204c476e65704f | 4f 70 65 6e 47 4c 20 45


---------------  P R O C E S S  ---------------

Threads class SMR info:
_java_thread_list=0x000001ab730b6980, length=22, elements={
0x000001aac6d78ee0, 0x000001aae3a08050, 0x000001aae3a09110, 0x000001aae3a0f5b0,
0x000001aae3a10550, 0x000001aae3a10fa0, 0x000001aae3a11fb0, 0x000001aae3a163e0,
0x000001aae3a171d0, 0x000001aac90a1850, 0x000001aae3ecf130, 0x000001aae8566c20,
0x000001aae853de30, 0x000001aae853e790, 0x000001aae869f4f0, 0x000001aae869ed80,
0x000001aae87b2a00, 0x000001aaedfd3030, 0x000001aaedfd43e0, 0x000001aaedfd5100,
0x000001aae3a7ed20, 0x000001aae3a7d2e0
}

Java Threads: ( => current thread )
  0x000001aac6d78ee0 JavaThread "main"                              [_thread_blocked, id=8488, stack(0x0000004440000000,0x0000004440100000) (1024K)]
  0x000001aae3a08050 JavaThread "Reference Handler"          daemon [_thread_blocked, id=5608, stack(0x0000004440800000,0x0000004440900000) (1024K)]
  0x000001aae3a09110 JavaThread "Finalizer"                  daemon [_thread_blocked, id=8620, stack(0x0000004440900000,0x0000004440a00000) (1024K)]
  0x000001aae3a0f5b0 JavaThread "Signal Dispatcher"          daemon [_thread_blocked, id=9272, stack(0x0000004440a00000,0x0000004440b00000) (1024K)]
  0x000001aae3a10550 JavaThread "Attach Listener"            daemon [_thread_blocked, id=12192, stack(0x0000004440b00000,0x0000004440c00000) (1024K)]
  0x000001aae3a10fa0 JavaThread "Service Thread"             daemon [_thread_blocked, id=11204, stack(0x0000004440c00000,0x0000004440d00000) (1024K)]
  0x000001aae3a11fb0 JavaThread "Monitor Deflation Thread"   daemon [_thread_blocked, id=7732, stack(0x0000004440d00000,0x0000004440e00000) (1024K)]
  0x000001aae3a163e0 JavaThread "C2 CompilerThread0"         daemon [_thread_blocked, id=7156, stack(0x0000004440e00000,0x0000004440f00000) (1024K)]
  0x000001aae3a171d0 JavaThread "C1 CompilerThread0"         daemon [_thread_blocked, id=11888, stack(0x0000004440f00000,0x0000004441000000) (1024K)]
  0x000001aac90a1850 JavaThread "Common-Cleaner"             daemon [_thread_blocked, id=4864, stack(0x0000004441000000,0x0000004441100000) (1024K)]
  0x000001aae3ecf130 JavaThread "Notification Thread"        daemon [_thread_blocked, id=7872, stack(0x0000004441200000,0x0000004441300000) (1024K)]
  0x000001aae8566c20 JavaThread "QuantumRenderer-0"          daemon [_thread_blocked, id=4592, stack(0x0000004441300000,0x0000004441400000) (1024K)]
  0x000001aae853de30 JavaThread "InvokeLaterDispatcher"      daemon [_thread_blocked, id=5136, stack(0x0000004441400000,0x0000004441500000) (1024K)]
  0x000001aae853e790 JavaThread "JavaFX Application Thread"         [_thread_in_native, id=3252, stack(0x0000004441500000,0x0000004441600000) (1024K)]
  0x000001aae869f4f0 JavaThread "Thread-1"                   daemon [_thread_in_native, id=3488, stack(0x0000004441800000,0x0000004441900000) (1024K)]
  0x000001aae869ed80 JavaThread "JavaFX-Launcher"                   [_thread_blocked, id=10732, stack(0x0000004441900000,0x0000004441a00000) (1024K)]
  0x000001aae87b2a00 JavaThread "Prism Font Disposer"        daemon [_thread_blocked, id=7960, stack(0x0000004441a00000,0x0000004441b00000) (1024K)]
  0x000001aaedfd3030 JavaThread "LWJGL Deallocator"          daemon [_thread_blocked, id=11656, stack(0x0000004442300000,0x0000004442400000) (1024K)]
  0x000001aaedfd43e0 JavaThread "Java2D Disposer"            daemon [_thread_blocked, id=648, stack(0x0000004442800000,0x0000004442900000) (1024K)]
  0x000001aaedfd5100 JavaThread "Cleaner-0"                  daemon [_thread_blocked, id=5032, stack(0x0000004442a00000,0x0000004442b00000) (1024K)]
  0x000001aae3a7ed20 JavaThread "jME3 Main"                  daemon [_thread_in_native, id=8084, stack(0x000000443ff00000,0x0000004440000000) (1024K)]
=>0x000001aae3a7d2e0 JavaThread "jME3 Main"                  daemon [_thread_in_native, id=10632, stack(0x0000004442500000,0x0000004442600000) (1024K)]
Total: 22

Other Threads:
  0x000001aac90b0bc0 VMThread "VM Thread"                           [id=6576, stack(0x0000004440700000,0x0000004440800000) (1024K)]
  0x000001aae39fca10 WatcherThread "VM Periodic Task Thread"        [id=8324, stack(0x0000004440600000,0x0000004440700000) (1024K)]
  0x000001aac90333d0 WorkerThread "GC Thread#0"                     [id=7796, stack(0x0000004440100000,0x0000004440200000) (1024K)]
  0x000001aae3a07c30 WorkerThread "GC Thread#1"                     [id=1604, stack(0x0000004441100000,0x0000004441200000) (1024K)]
  0x000001aac903c130 ConcurrentGCThread "G1 Main Marker"            [id=4792, stack(0x0000004440200000,0x0000004440300000) (1024K)]
  0x000001aac903cde0 WorkerThread "G1 Conc#0"                       [id=11332, stack(0x0000004440300000,0x0000004440400000) (1024K)]
  0x000001aac908bbc0 ConcurrentGCThread "G1 Refine#0"               [id=5152, stack(0x0000004440400000,0x0000004440500000) (1024K)]
  0x000001aac908c8e0 ConcurrentGCThread "G1 Service"                [id=1936, stack(0x0000004440500000,0x0000004440600000) (1024K)]
Total: 8

Threads with active compile tasks:
Total: 0

VM state: not at safepoint (normal execution)

VM Mutex/Monitor currently owned by a thread: None

Heap address: 0x00000000c1400000, size: 1004 MB, Compressed Oops mode: 32-bit

CDS archive(s) mapped at: [0x000001aa80000000-0x000001aa80c80000-0x000001aa80c80000), size 13107200, SharedBaseAddress: 0x000001aa80000000, ArchiveRelocationMode: 1.
Compressed class space mapped at: 0x000001aa81000000-0x000001aac1000000, reserved size: 1073741824
Narrow klass base: 0x000001aa80000000, Narrow klass shift: 0, Narrow klass range: 0x100000000

GC Precious Log:
 CardTable entry size: 512
 Card Set container configuration: InlinePtr #cards 5 size 8 Array Of Cards #cards 12 size 40 Howl #buckets 4 coarsen threshold 1843 Howl Bitmap #cards 512 size 80 coarsen threshold 460 Card regions per heap region 1 cards per card region 2048
 CPUs: 2 total, 2 available
 Memory: 4011M
 Large Page Support: Disabled
 NUMA Support: Disabled
 Compressed Oops: Enabled (32-bit)
 Heap Region Size: 1M
 Heap Min Capacity: 8M
 Heap Initial Capacity: 64M
 Heap Max Capacity: 1004M
 Pre-touch: Disabled
 Parallel Workers: 2
 Concurrent Workers: 1
 Concurrent Refinement Workers: 2
 Periodic GC: Disabled

Heap:
 garbage-first heap   total 47104K, used 32289K [0x00000000c1400000, 0x0000000100000000)
  region size 1024K, 13 young (13312K), 2 survivors (2048K)
 Metaspace       used 30727K, committed 31232K, reserved 1114112K
  class space    used 4051K, committed 4288K, reserved 1048576K

Heap Regions: E=young(eden), S=young(survivor), O=old, HS=humongous(starts), HC=humongous(continues), CS=collection set, F=free, TAMS=top-at-mark-start, PB=parsable bottom
|   0|0x00000000c1400000, 0x00000000c1500000, 0x00000000c1500000|100%| O|  |TAMS 0x00000000c1400000| PB 0x00000000c1400000| Untracked 
|   1|0x00000000c1500000, 0x00000000c1600000, 0x00000000c1600000|100%|HS|  |TAMS 0x00000000c1500000| PB 0x00000000c1500000| Complete 
|   2|0x00000000c1600000, 0x00000000c1700000, 0x00000000c1700000|100%|HC|  |TAMS 0x00000000c1600000| PB 0x00000000c1600000| Complete 
|   3|0x00000000c1700000, 0x00000000c1800000, 0x00000000c1800000|100%|HC|  |TAMS 0x00000000c1700000| PB 0x00000000c1700000| Complete 
|   4|0x00000000c1800000, 0x00000000c1900000, 0x00000000c1900000|100%|HS|  |TAMS 0x00000000c1800000| PB 0x00000000c1800000| Complete 
|   5|0x00000000c1900000, 0x00000000c1a00000, 0x00000000c1a00000|100%| O|  |TAMS 0x00000000c1900000| PB 0x00000000c1900000| Untracked 
|   6|0x00000000c1a00000, 0x00000000c1b00000, 0x00000000c1b00000|100%| O|  |TAMS 0x00000000c1a00000| PB 0x00000000c1a00000| Untracked 
|   7|0x00000000c1b00000, 0x00000000c1c00000, 0x00000000c1c00000|100%| O|  |TAMS 0x00000000c1b00000| PB 0x00000000c1b00000| Untracked 
|   8|0x00000000c1c00000, 0x00000000c1d00000, 0x00000000c1d00000|100%| O|  |TAMS 0x00000000c1c00000| PB 0x00000000c1c00000| Untracked 
|   9|0x00000000c1d00000, 0x00000000c1e00000, 0x00000000c1e00000|100%| O|  |TAMS 0x00000000c1d00000| PB 0x00000000c1d00000| Untracked 
|  10|0x00000000c1e00000, 0x00000000c1edef00, 0x00000000c1f00000| 87%| O|  |TAMS 0x00000000c1e00000| PB 0x00000000c1e00000| Untracked 
|  11|0x00000000c1f00000, 0x00000000c2000000, 0x00000000c2000000|100%|HS|  |TAMS 0x00000000c1f00000| PB 0x00000000c1f00000| Complete 
|  12|0x00000000c2000000, 0x00000000c2100000, 0x00000000c2100000|100%|HC|  |TAMS 0x00000000c2000000| PB 0x00000000c2000000| Complete 
|  13|0x00000000c2100000, 0x00000000c2200000, 0x00000000c2200000|100%| O|  |TAMS 0x00000000c2100000| PB 0x00000000c2100000| Untracked 
|  14|0x00000000c2200000, 0x00000000c2300000, 0x00000000c2300000|100%| O|  |TAMS 0x00000000c2200000| PB 0x00000000c2200000| Untracked 
|  15|0x00000000c2300000, 0x00000000c2400000, 0x00000000c2400000|100%| O|  |TAMS 0x00000000c2300000| PB 0x00000000c2300000| Untracked 
|  16|0x00000000c2400000, 0x00000000c2500000, 0x00000000c2500000|100%| O|  |TAMS 0x00000000c2400000| PB 0x00000000c2400000| Untracked 
|  17|0x00000000c2500000, 0x00000000c25a9700, 0x00000000c2600000| 66%| O|  |TAMS 0x00000000c2500000| PB 0x00000000c2500000| Untracked 
|  18|0x00000000c2600000, 0x00000000c2600000, 0x00000000c2700000|  0%| F|  |TAMS 0x00000000c2600000| PB 0x00000000c2600000| Untracked 
|  19|0x00000000c2700000, 0x00000000c2700000, 0x00000000c2800000|  0%| F|  |TAMS 0x00000000c2700000| PB 0x00000000c2700000| Untracked 
|  20|0x00000000c2800000, 0x00000000c2800000, 0x00000000c2900000|  0%| F|  |TAMS 0x00000000c2800000| PB 0x00000000c2800000| Untracked 
|  21|0x00000000c2900000, 0x00000000c2900000, 0x00000000c2a00000|  0%| F|  |TAMS 0x00000000c2900000| PB 0x00000000c2900000| Untracked 
|  22|0x00000000c2a00000, 0x00000000c2b00000, 0x00000000c2b00000|100%| S|CS|TAMS 0x00000000c2a00000| PB 0x00000000c2a00000| Complete 
|  23|0x00000000c2b00000, 0x00000000c2c00000, 0x00000000c2c00000|100%| S|CS|TAMS 0x00000000c2b00000| PB 0x00000000c2b00000| Complete 
|  24|0x00000000c2c00000, 0x00000000c2c00000, 0x00000000c2d00000|  0%| F|  |TAMS 0x00000000c2c00000| PB 0x00000000c2c00000| Untracked 
|  25|0x00000000c2d00000, 0x00000000c2d00000, 0x00000000c2e00000|  0%| F|  |TAMS 0x00000000c2d00000| PB 0x00000000c2d00000| Untracked 
|  26|0x00000000c2e00000, 0x00000000c2e00000, 0x00000000c2f00000|  0%| F|  |TAMS 0x00000000c2e00000| PB 0x00000000c2e00000| Untracked 
|  27|0x00000000c2f00000, 0x00000000c2f00000, 0x00000000c3000000|  0%| F|  |TAMS 0x00000000c2f00000| PB 0x00000000c2f00000| Untracked 
|  28|0x00000000c3000000, 0x00000000c3000000, 0x00000000c3100000|  0%| F|  |TAMS 0x00000000c3000000| PB 0x00000000c3000000| Untracked 
|  29|0x00000000c3100000, 0x00000000c3100000, 0x00000000c3200000|  0%| F|  |TAMS 0x00000000c3100000| PB 0x00000000c3100000| Untracked 
|  30|0x00000000c3200000, 0x00000000c3200000, 0x00000000c3300000|  0%| F|  |TAMS 0x00000000c3200000| PB 0x00000000c3200000| Untracked 
|  31|0x00000000c3300000, 0x00000000c3300000, 0x00000000c3400000|  0%| F|  |TAMS 0x00000000c3300000| PB 0x00000000c3300000| Untracked 
|  32|0x00000000c3400000, 0x00000000c3400000, 0x00000000c3500000|  0%| F|  |TAMS 0x00000000c3400000| PB 0x00000000c3400000| Untracked 
|  33|0x00000000c3500000, 0x00000000c35ae8e0, 0x00000000c3600000| 68%| E|  |TAMS 0x00000000c3500000| PB 0x00000000c3500000| Complete 
|  34|0x00000000c3600000, 0x00000000c3700000, 0x00000000c3700000|100%| E|CS|TAMS 0x00000000c3600000| PB 0x00000000c3600000| Complete 
|  35|0x00000000c3700000, 0x00000000c3800000, 0x00000000c3800000|100%| E|CS|TAMS 0x00000000c3700000| PB 0x00000000c3700000| Complete 
|  36|0x00000000c3800000, 0x00000000c3900000, 0x00000000c3900000|100%| E|CS|TAMS 0x00000000c3800000| PB 0x00000000c3800000| Complete 
|  37|0x00000000c3900000, 0x00000000c3a00000, 0x00000000c3a00000|100%| E|CS|TAMS 0x00000000c3900000| PB 0x00000000c3900000| Complete 
|  38|0x00000000c3a00000, 0x00000000c3b00000, 0x00000000c3b00000|100%| E|CS|TAMS 0x00000000c3a00000| PB 0x00000000c3a00000| Complete 
|  39|0x00000000c3b00000, 0x00000000c3c00000, 0x00000000c3c00000|100%| E|CS|TAMS 0x00000000c3b00000| PB 0x00000000c3b00000| Complete 
|  40|0x00000000c3c00000, 0x00000000c3d00000, 0x00000000c3d00000|100%| E|CS|TAMS 0x00000000c3c00000| PB 0x00000000c3c00000| Complete 
|  41|0x00000000c3d00000, 0x00000000c3e00000, 0x00000000c3e00000|100%| E|CS|TAMS 0x00000000c3d00000| PB 0x00000000c3d00000| Complete 
|  42|0x00000000c3e00000, 0x00000000c3f00000, 0x00000000c3f00000|100%| E|CS|TAMS 0x00000000c3e00000| PB 0x00000000c3e00000| Complete 
|  63|0x00000000c5300000, 0x00000000c5400000, 0x00000000c5400000|100%| E|CS|TAMS 0x00000000c5300000| PB 0x00000000c5300000| Complete 
|1002|0x00000000ffe00000, 0x00000000fff00000, 0x00000000fff00000|100%| O|  |TAMS 0x00000000ffe00000| PB 0x00000000ffe00000| Untracked 
|1003|0x00000000fff00000, 0x0000000100000000, 0x0000000100000000|100%| O|  |TAMS 0x00000000fff00000| PB 0x00000000fff00000| Untracked 

Card table byte_map: [0x000001aac8dc0000,0x000001aac8fc0000] _byte_map_base: 0x000001aac87b6000

Marking Bits: (CMBitMap*) 0x000001aac9033ad0
 Bits: [0x000001aae0710000, 0x000001aae16c0000)

Polling page: 0x000001aac6ce0000

Metaspace:

Usage:
  Non-class:     26.05 MB used.
      Class:      3.96 MB used.
       Both:     30.01 MB used.

Virtual space:
  Non-class space:       64.00 MB reserved,      26.31 MB ( 41%) committed,  1 nodes.
      Class space:        1.00 GB reserved,       4.19 MB ( <1%) committed,  1 nodes.
             Both:        1.06 GB reserved,      30.50 MB (  3%) committed. 

Chunk freelists:
   Non-Class:  5.53 MB
       Class:  11.81 MB
        Both:  17.34 MB

MaxMetaspaceSize: unlimited
CompressedClassSpaceSize: 1.00 GB
Initial GC threshold: 21.00 MB
Current GC threshold: 35.12 MB
CDS: on
 - commit_granule_bytes: 65536.
 - commit_granule_words: 8192.
 - virtual_space_node_default_size: 8388608.
 - enlarge_chunks_in_place: 1.
 - use_allocation_guard: 0.


Internal statistics:

num_allocs_failed_limit: 3.
num_arena_births: 506.
num_arena_deaths: 0.
num_vsnodes_births: 2.
num_vsnodes_deaths: 0.
num_space_committed: 486.
num_space_uncommitted: 0.
num_chunks_returned_to_freelist: 3.
num_chunks_taken_from_freelist: 1598.
num_chunk_merges: 0.
num_chunk_splits: 1082.
num_chunks_enlarged: 824.
num_inconsistent_stats: 0.

CodeHeap 'non-profiled nmethods': size=120064Kb used=3219Kb max_used=3219Kb free=116844Kb
 bounds [0x000001aad91d0000, 0x000001aad9500000, 0x000001aae0710000]
CodeHeap 'profiled nmethods': size=120000Kb used=11768Kb max_used=11768Kb free=108232Kb
 bounds [0x000001aad1710000, 0x000001aad2290000, 0x000001aad8c40000]
CodeHeap 'non-nmethods': size=5696Kb used=2418Kb max_used=2466Kb free=3277Kb
 bounds [0x000001aad8c40000, 0x000001aad8ec0000, 0x000001aad91d0000]
CodeCache: size=245760Kb, used=17405Kb, max_used=17453Kb, free=228353Kb
 total_blobs=7503, nmethods=5963, adapters=1445, full_count=0
Compilation: enabled, stopped_count=0, restarted_count=0

Compilation events (20 events):
Event: 98.768 Thread 0x000001aae3a171d0 nmethod 5967 0x000001aad2287310 code [0x000001aad2287580, 0x000001aad2287f30]
Event: 98.776 Thread 0x000001aae3a171d0 5968       3       com.jme3.util.NativeObjectManager::deleteNativeObject (330 bytes)
Event: 98.781 Thread 0x000001aae3a171d0 nmethod 5968 0x000001aad2288410 code [0x000001aad22888c0, 0x000001aad228ab68]
Event: 98.782 Thread 0x000001aae3a171d0 5969       3       com.jme3.scene.VertexBuffer::deleteObject (11 bytes)
Event: 98.782 Thread 0x000001aae3a171d0 nmethod 5969 0x000001aad228b690 code [0x000001aad228b840, 0x000001aad228bb30]
Event: 98.783 Thread 0x000001aae3a171d0 5970       3       com.jme3.renderer.opengl.GLRenderer::deleteBuffer (51 bytes)
Event: 98.786 Thread 0x000001aae3a171d0 nmethod 5970 0x000001aad228bc10 code [0x000001aad228bea0, 0x000001aad228ca70]
Event: 98.786 Thread 0x000001aae3a171d0 5971       3       com.jme3.renderer.lwjgl.LwjglGL::glDeleteBuffers (9 bytes)
Event: 98.787 Thread 0x000001aae3a171d0 nmethod 5971 0x000001aad228cf10 code [0x000001aad228d120, 0x000001aad228d5e8]
Event: 98.787 Thread 0x000001aae3a171d0 5972       3       org.lwjgl.opengl.GL15::glDeleteBuffers (5 bytes)
Event: 98.788 Thread 0x000001aae3a171d0 nmethod 5972 0x000001aad228d810 code [0x000001aad228da00, 0x000001aad228de10]
Event: 98.788 Thread 0x000001aae3a163e0 nmethod 5958 0x000001aad94f2610 code [0x000001aad94f27c0, 0x000001aad94f29c8]
Event: 98.791 Thread 0x000001aae3a163e0 5973       4       com.jme3.scene.VertexBuffer::getUniqueId (14 bytes)
Event: 98.792 Thread 0x000001aae3a163e0 nmethod 5973 0x000001aad94f2b90 code [0x000001aad94f2d20, 0x000001aad94f2db8]
Event: 98.793 Thread 0x000001aae3a163e0 5974       4       com.jme3.renderer.lwjgl.LwjglRender::checkLimit (40 bytes)
Event: 98.795 Thread 0x000001aae3a163e0 nmethod 5974 0x000001aad94f2e90 code [0x000001aad94f3020, 0x000001aad94f30e8]
Event: 98.795 Thread 0x000001aae3a163e0 5975       4       java.util.HashMap::removeNode (291 bytes)
Event: 98.826 Thread 0x000001aae3a163e0 nmethod 5975 0x000001aad94f3190 code [0x000001aad94f3380, 0x000001aad94f3b60]
Event: 98.826 Thread 0x000001aae3a163e0 5976       4       java.util.HashMap::remove (26 bytes)
Event: 98.857 Thread 0x000001aae3a163e0 nmethod 5976 0x000001aad94f3f90 code [0x000001aad94f4180, 0x000001aad94f4910]

GC Heap History (16 events):
Event: 1.074 GC heap before
{Heap before GC invocations=0 (full 0):
 garbage-first heap   total 65536K, used 5120K [0x00000000c1400000, 0x0000000100000000)
  region size 1024K, 6 young (6144K), 0 survivors (0K)
 Metaspace       used 448K, committed 640K, reserved 1114112K
  class space    used 19K, committed 128K, reserved 1048576K
}
Event: 1.103 GC heap after
{Heap after GC invocations=1 (full 0):
 garbage-first heap   total 65536K, used 784K [0x00000000c1400000, 0x0000000100000000)
  region size 1024K, 1 young (1024K), 1 survivors (1024K)
 Metaspace       used 448K, committed 640K, reserved 1114112K
  class space    used 19K, committed 128K, reserved 1048576K
}
Event: 3.041 GC heap before
{Heap before GC invocations=1 (full 0):
 garbage-first heap   total 65536K, used 6928K [0x00000000c1400000, 0x0000000100000000)
  region size 1024K, 8 young (8192K), 1 survivors (1024K)
 Metaspace       used 1971K, committed 2176K, reserved 1114112K
  class space    used 202K, committed 320K, reserved 1048576K
}
Event: 3.051 GC heap after
{Heap after GC invocations=2 (full 0):
 garbage-first heap   total 65536K, used 1755K [0x00000000c1400000, 0x0000000100000000)
  region size 1024K, 1 young (1024K), 1 survivors (1024K)
 Metaspace       used 1971K, committed 2176K, reserved 1114112K
  class space    used 202K, committed 320K, reserved 1048576K
}
Event: 4.267 GC heap before
{Heap before GC invocations=2 (full 0):
 garbage-first heap   total 65536K, used 10971K [0x00000000c1400000, 0x0000000100000000)
  region size 1024K, 11 young (11264K), 1 survivors (1024K)
 Metaspace       used 4908K, committed 5056K, reserved 1114112K
  class space    used 560K, committed 640K, reserved 1048576K
}
Event: 4.275 GC heap after
{Heap after GC invocations=3 (full 0):
 garbage-first heap   total 65536K, used 2881K [0x00000000c1400000, 0x0000000100000000)
  region size 1024K, 2 young (2048K), 2 survivors (2048K)
 Metaspace       used 4908K, committed 5056K, reserved 1114112K
  class space    used 560K, committed 640K, reserved 1048576K
}
Event: 18.406 GC heap before
{Heap before GC invocations=3 (full 0):
 garbage-first heap   total 65536K, used 42817K [0x00000000c1400000, 0x0000000100000000)
  region size 1024K, 38 young (38912K), 2 survivors (2048K)
 Metaspace       used 12852K, committed 13184K, reserved 1114112K
  class space    used 1821K, committed 1984K, reserved 1048576K
}
Event: 18.433 GC heap after
{Heap after GC invocations=4 (full 0):
 garbage-first heap   total 65536K, used 10858K [0x00000000c1400000, 0x0000000100000000)
  region size 1024K, 5 young (5120K), 5 survivors (5120K)
 Metaspace       used 12852K, committed 13184K, reserved 1114112K
  class space    used 1821K, committed 1984K, reserved 1048576K
}
Event: 38.922 GC heap before
{Heap before GC invocations=4 (full 0):
 garbage-first heap   total 65536K, used 31338K [0x00000000c1400000, 0x0000000100000000)
  region size 1024K, 27 young (27648K), 5 survivors (5120K)
 Metaspace       used 21243K, committed 21504K, reserved 1114112K
  class space    used 2486K, committed 2624K, reserved 1048576K
}
Event: 38.964 GC heap after
{Heap after GC invocations=5 (full 0):
 garbage-first heap   total 65536K, used 13058K [0x00000000c1400000, 0x0000000100000000)
  region size 1024K, 2 young (2048K), 2 survivors (2048K)
 Metaspace       used 21243K, committed 21504K, reserved 1114112K
  class space    used 2486K, committed 2624K, reserved 1048576K
}
Event: 51.276 GC heap before
{Heap before GC invocations=6 (full 0):
 garbage-first heap   total 45056K, used 36610K [0x00000000c1400000, 0x0000000100000000)
  region size 1024K, 26 young (26624K), 2 survivors (2048K)
 Metaspace       used 26207K, committed 26560K, reserved 1114112K
  class space    used 3451K, committed 3584K, reserved 1048576K
}
Event: 51.307 GC heap after
{Heap after GC invocations=7 (full 0):
 garbage-first heap   total 45056K, used 15227K [0x00000000c1400000, 0x0000000100000000)
  region size 1024K, 4 young (4096K), 4 survivors (4096K)
 Metaspace       used 26207K, committed 26560K, reserved 1114112K
  class space    used 3451K, committed 3584K, reserved 1048576K
}
Event: 80.913 GC heap before
{Heap before GC invocations=7 (full 0):
 garbage-first heap   total 45056K, used 38779K [0x00000000c1400000, 0x0000000100000000)
  region size 1024K, 26 young (26624K), 4 survivors (4096K)
 Metaspace       used 29636K, committed 30080K, reserved 1114112K
  class space    used 3841K, committed 4032K, reserved 1048576K
}
Event: 80.960 GC heap after
{Heap after GC invocations=8 (full 0):
 garbage-first heap   total 47104K, used 19688K [0x00000000c1400000, 0x0000000100000000)
  region size 1024K, 4 young (4096K), 4 survivors (4096K)
 Metaspace       used 29636K, committed 30080K, reserved 1114112K
  class space    used 3841K, committed 4032K, reserved 1048576K
}
Event: 91.582 GC heap before
{Heap before GC invocations=8 (full 0):
 garbage-first heap   total 47104K, used 39144K [0x00000000c1400000, 0x0000000100000000)
  region size 1024K, 24 young (24576K), 4 survivors (4096K)
 Metaspace       used 30644K, committed 31104K, reserved 1114112K
  class space    used 4047K, committed 4224K, reserved 1048576K
}
Event: 91.612 GC heap after
{Heap after GC invocations=9 (full 0):
 garbage-first heap   total 47104K, used 22049K [0x00000000c1400000, 0x0000000100000000)
  region size 1024K, 2 young (2048K), 2 survivors (2048K)
 Metaspace       used 30644K, committed 31104K, reserved 1114112K
  class space    used 4047K, committed 4224K, reserved 1048576K
}

Dll operation events (20 events):
Event: 2.535 Loaded shared library C:\Users\Dell\.openjfx\cache\21+31\amd64\api-ms-win-crt-process-l1-1-0.dll
Event: 2.549 Loaded shared library C:\Users\Dell\.openjfx\cache\21+31\amd64\api-ms-win-crt-runtime-l1-1-0.dll
Event: 2.567 Loaded shared library C:\Users\Dell\.openjfx\cache\21+31\amd64\api-ms-win-crt-stdio-l1-1-0.dll
Event: 2.579 Loaded shared library C:\Users\Dell\.openjfx\cache\21+31\amd64\api-ms-win-crt-string-l1-1-0.dll
Event: 2.608 Loaded shared library C:\Users\Dell\.openjfx\cache\21+31\amd64\api-ms-win-crt-time-l1-1-0.dll
Event: 2.627 Loaded shared library C:\Users\Dell\.openjfx\cache\21+31\amd64\api-ms-win-crt-utility-l1-1-0.dll
Event: 2.676 Loaded shared library C:\Users\Dell\.openjfx\cache\21+31\amd64\ucrtbase.dll
Event: 2.694 Loaded shared library C:\Users\Dell\.openjfx\cache\21+31\amd64\vcruntime140.dll
Event: 2.731 Loaded shared library C:\Users\Dell\.openjfx\cache\21+31\amd64\vcruntime140_1.dll
Event: 2.783 Loaded shared library C:\Users\Dell\.openjfx\cache\21+31\amd64\msvcp140.dll
Event: 2.844 Loaded shared library C:\Users\Dell\.openjfx\cache\21+31\amd64\msvcp140_1.dll
Event: 2.912 Loaded shared library C:\Users\Dell\.openjfx\cache\21+31\amd64\msvcp140_2.dll
Event: 3.296 Loaded shared library C:\Users\Dell\.openjfx\cache\21+31\amd64\prism_d3d.dll
Event: 3.452 Loaded shared library C:\Users\Dell\.openjfx\cache\21+31\amd64\glass.dll
Event: 3.873 Loaded shared library C:\Program Files\Java\jdk-21.0.9+10\bin\jimage.dll
Event: 3.945 Loaded shared library C:\Users\Dell\.openjfx\cache\21+31\amd64\javafx_font.dll
Event: 4.576 Loaded shared library C:\Users\Dell\.openjfx\cache\21+31\amd64\javafx_iio.dll
Event: 19.207 Loaded shared library C:\Users\Dell\AppData\Local\Temp\lwjgl_Dell\3.3.6+1\x64\lwjgl.dll
Event: 20.326 Loaded shared library C:\Users\Dell\AppData\Local\Temp\lwjgl_Dell\3.3.6+1\x64\lwjgl_opengl.dll
Event: 26.989 Loaded shared library C:\Program Files\Java\jdk-21.0.9+10\bin\awt.dll

Deoptimization events (20 events):
Event: 98.755 Thread 0x000001aae3a7ed20 Uncommon trap: trap_request=0xffffffbe fr.pc=0x000001aad93b2384 relative=0x0000000000000424
Event: 98.755 Thread 0x000001aae3a7ed20 Uncommon trap: reason=profile_predicate action=maybe_recompile pc=0x000001aad93b2384 method=java.util.regex.Pattern$Slice.match(Ljava/util/regex/Matcher;ILjava/lang/CharSequence;)Z @ 18 c2
Event: 98.755 Thread 0x000001aae3a7ed20 DEOPT PACKING pc=0x000001aad93b2384 sp=0x000000443fffe7b0
Event: 98.755 Thread 0x000001aae3a7ed20 DEOPT UNPACKING pc=0x000001aad8c9439c sp=0x000000443fffe740 mode 2
Event: 98.763 Thread 0x000001aae3a7ed20 Uncommon trap: trap_request=0xffffff45 fr.pc=0x000001aad9357a88 relative=0x00000000000001a8
Event: 98.763 Thread 0x000001aae3a7ed20 Uncommon trap: reason=unstable_if action=reinterpret pc=0x000001aad9357a88 method=com.jme3.util.TempVars.get()Lcom/jme3/util/TempVars; @ 21 c2
Event: 98.763 Thread 0x000001aae3a7ed20 DEOPT PACKING pc=0x000001aad9357a88 sp=0x000000443fffeca0
Event: 98.763 Thread 0x000001aae3a7ed20 DEOPT UNPACKING pc=0x000001aad8c9439c sp=0x000000443fffec40 mode 2
Event: 98.765 Thread 0x000001aae3a7ed20 Uncommon trap: trap_request=0xffffff45 fr.pc=0x000001aad93d3280 relative=0x0000000000000720
Event: 98.765 Thread 0x000001aae3a7ed20 Uncommon trap: reason=unstable_if action=reinterpret pc=0x000001aad93d3280 method=com.jme3.util.TempVars.get()Lcom/jme3/util/TempVars; @ 21 c2
Event: 98.765 Thread 0x000001aae3a7ed20 DEOPT PACKING pc=0x000001aad93d3280 sp=0x000000443fffec80
Event: 98.765 Thread 0x000001aae3a7ed20 DEOPT UNPACKING pc=0x000001aad8c9439c sp=0x000000443fffeb98 mode 2
Event: 98.765 Thread 0x000001aae3a7ed20 Uncommon trap: trap_request=0xffffff45 fr.pc=0x000001aad9411b48 relative=0x0000000000000228
Event: 98.765 Thread 0x000001aae3a7ed20 Uncommon trap: reason=unstable_if action=reinterpret pc=0x000001aad9411b48 method=com.jme3.renderer.Camera.onFrustumChange()V @ 4 c2
Event: 98.765 Thread 0x000001aae3a7ed20 DEOPT PACKING pc=0x000001aad9411b48 sp=0x000000443fffedc0
Event: 98.765 Thread 0x000001aae3a7ed20 DEOPT UNPACKING pc=0x000001aad8c9439c sp=0x000000443fffed40 mode 2
Event: 98.765 Thread 0x000001aae3a7ed20 Uncommon trap: trap_request=0xffffff45 fr.pc=0x000001aad941163c relative=0x000000000000015c
Event: 98.765 Thread 0x000001aae3a7ed20 Uncommon trap: reason=unstable_if action=reinterpret pc=0x000001aad941163c method=com.jme3.math.Matrix4f.fromFrustum(FFFFFFZ)V @ 6 c2
Event: 98.765 Thread 0x000001aae3a7ed20 DEOPT PACKING pc=0x000001aad941163c sp=0x000000443fffecf0
Event: 98.766 Thread 0x000001aae3a7ed20 DEOPT UNPACKING pc=0x000001aad8c9439c sp=0x000000443fffeca0 mode 2

Classes loaded (20 events):
Event: 63.062 Loading class java/util/regex/Pattern$LazyLoop
Event: 63.062 Loading class java/util/regex/Pattern$LazyLoop done
Event: 63.156 Loading class java/text/BreakIterator
Event: 63.159 Loading class java/text/BreakIterator done
Event: 63.162 Loading class sun/util/locale/provider/BreakIteratorProviderImpl
Event: 63.162 Loading class sun/util/locale/provider/BreakIteratorProviderImpl done
Event: 63.163 Loading class sun/util/locale/provider/BaseLocaleDataMetaInfo
Event: 63.163 Loading class sun/util/locale/provider/BaseLocaleDataMetaInfo done
Event: 63.203 Loading class sun/util/locale/provider/BreakIteratorProviderImpl$GraphemeBreakIterator
Event: 63.203 Loading class sun/util/locale/provider/BreakIteratorProviderImpl$GraphemeBreakIterator done
Event: 63.204 Loading class java/text/StringCharacterIterator
Event: 63.206 Loading class java/text/StringCharacterIterator done
Event: 63.210 Loading class sun/util/locale/provider/BreakIteratorProviderImpl$CharacterIteratorCharSequence
Event: 63.210 Loading class sun/util/locale/provider/BreakIteratorProviderImpl$CharacterIteratorCharSequence done
Event: 63.210 Loading class java/text/BreakIterator$BreakIteratorCache
Event: 63.210 Loading class java/text/BreakIterator$BreakIteratorCache done
Event: 63.211 Loading class jdk/internal/util/regex/Grapheme
Event: 63.212 Loading class jdk/internal/util/regex/Grapheme done
Event: 64.343 Loading class java/lang/FdLibm$Atan2
Event: 64.344 Loading class java/lang/FdLibm$Atan2 done

Classes unloaded (0 events):
No events

Classes redefined (0 events):
No events

Internal exceptions (20 events):
Event: 63.363 Thread 0x000001aae853e790 Exception <a 'java/lang/NoSuchMethodError'{0x00000000c322abf0}: 'java.lang.Object java.lang.invoke.DirectMethodHandle$Holder.invokeStatic(java.lang.Object, double, java.lang.Object)'> (0x00000000c322abf0) 
thrown [s\src\hotspot\share\interpreter\linkResolver.cpp, line 773]
Event: 63.366 Thread 0x000001aae853e790 Exception <a 'java/lang/NoSuchMethodError'{0x00000000c32305f0}: 'java.lang.Object java.lang.invoke.DirectMethodHandle$Holder.newInvokeSpecial(java.lang.Object, double)'> (0x00000000c32305f0) 
thrown [s\src\hotspot\share\interpreter\linkResolver.cpp, line 773]
Event: 64.376 Thread 0x000001aae8566c20 Exception <a 'java/lang/NoSuchMethodError'{0x00000000c307ad50}: 'java.lang.Object java.lang.invoke.DirectMethodHandle$Holder.invokeStaticInit(java.lang.Object, int)'> (0x00000000c307ad50) 
thrown [s\src\hotspot\share\interpreter\linkResolver.cpp, line 773]
Event: 65.658 Thread 0x000001aaedfd3d50 Implicit null exception at 0x000001aad93815ff to 0x000001aad93821c0
Event: 65.659 Thread 0x000001aaedfd3d50 Implicit null exception at 0x000001aad937ba69 to 0x000001aad937c0e8
Event: 80.690 Thread 0x000001aae853e790 Exception <a 'java/lang/NoSuchMethodError'{0x00000000c2a9b040}: 'java.lang.Object java.lang.invoke.DirectMethodHandle$Holder.newInvokeSpecial(java.lang.Object, java.lang.Object, int, int, int, int, int, java.lang.Object)'> (0x00000000c2a9b040) 
thrown [s\src\hotspot\share\interpreter\linkResolver.cpp, line 773]
Event: 80.704 Thread 0x000001aae853e790 Exception <a 'java/lang/NoSuchMethodError'{0x00000000c2aacd70}: 'java.lang.Object java.lang.invoke.DirectMethodHandle$Holder.newInvokeSpecial(java.lang.Object, java.lang.Object, java.lang.Object, int, int, int, int, int)'> (0x00000000c2aacd70) 
thrown [s\src\hotspot\share\interpreter\linkResolver.cpp, line 773]
Event: 80.707 Thread 0x000001aae853e790 Exception <a 'java/lang/NoSuchMethodError'{0x00000000c2ab40c0}: 'java.lang.Object java.lang.invoke.Invokers$Holder.linkToTargetMethod(java.lang.Object, java.lang.Object, int, int, int, int, int, java.lang.Object)'> (0x00000000c2ab40c0) 
thrown [s\src\hotspot\share\interpreter\linkResolver.cpp, line 773]
Event: 81.202 Thread 0x000001aae853e790 Exception <a 'java/lang/ClassNotFoundException'{0x00000000c3e7edf0}: com/sun/javafx/scene/control/skin/resources/controls> (0x00000000c3e7edf0) 
thrown [s\src\hotspot\share\prims\jni.cpp, line 539]
Event: 81.205 Thread 0x000001aae853e790 Exception <a 'java/lang/ClassNotFoundException'{0x00000000c3e8d238}: com/sun/javafx/scene/control/skin/resources/controls_en> (0x00000000c3e8d238) 
thrown [s\src\hotspot\share\prims\jni.cpp, line 539]
Event: 81.208 Thread 0x000001aae853e790 Exception <a 'java/lang/ClassNotFoundException'{0x00000000c3e8fff8}: com/sun/javafx/scene/control/skin/resources/controls_en_US> (0x00000000c3e8fff8) 
thrown [s\src\hotspot\share\prims\jni.cpp, line 539]
Event: 84.271 Thread 0x000001aaedfd3d50 Implicit null exception at 0x000001aad93e8e1e to 0x000001aad93e952c
Event: 84.272 Thread 0x000001aaedfd3d50 Implicit null exception at 0x000001aad93916cd to 0x000001aad9391adc
Event: 84.273 Thread 0x000001aaedfd3d50 Implicit null exception at 0x000001aad938be2b to 0x000001aad938c02c
Event: 84.273 Thread 0x000001aaedfd3d50 Implicit null exception at 0x000001aad93ded7a to 0x000001aad93df01c
Event: 89.155 Thread 0x000001aaedfd3d50 Implicit null exception at 0x000001aad94706cd to 0x000001aad94731d8
Event: 95.615 Thread 0x000001aae853e790 Exception <a 'java/lang/NoSuchMethodError'{0x00000000c363a778}: 'void java.lang.invoke.DirectMethodHandle$Holder.invokeStatic(java.lang.Object, int)'> (0x00000000c363a778) 
thrown [s\src\hotspot\share\interpreter\linkResolver.cpp, line 773]
Event: 96.543 Thread 0x000001aaedfd36c0 Exception <a 'java/lang/InterruptedException'{0x00000000c36de818}: sleep interrupted> (0x00000000c36de818) 
thrown [s\src\hotspot\share\prims\jvm.cpp, line 3087]
Event: 98.763 Thread 0x000001aae3a7ed20 Implicit null exception at 0x000001aad9357977 to 0x000001aad9357a78
Event: 98.765 Thread 0x000001aae3a7ed20 Implicit null exception at 0x000001aad93d2c60 to 0x000001aad93d3248

ZGC Phase Switch (0 events):
No events

VM Operations (20 events):
Event: 84.572 Executing VM operation: Cleanup
Event: 84.572 Executing VM operation: Cleanup done
Event: 86.572 Executing VM operation: Cleanup
Event: 86.573 Executing VM operation: Cleanup done
Event: 87.573 Executing VM operation: Cleanup
Event: 87.638 Executing VM operation: Cleanup done
Event: 89.638 Executing VM operation: Cleanup
Event: 89.689 Executing VM operation: Cleanup done
Event: 90.690 Executing VM operation: Cleanup
Event: 90.742 Executing VM operation: Cleanup done
Event: 91.582 Executing VM operation: G1CollectForAllocation (G1 Evacuation Pause)
Event: 91.612 Executing VM operation: G1CollectForAllocation (G1 Evacuation Pause) done
Event: 93.612 Executing VM operation: Cleanup
Event: 93.642 Executing VM operation: Cleanup done
Event: 95.644 Executing VM operation: Cleanup
Event: 96.431 Executing VM operation: Cleanup done
Event: 97.431 Executing VM operation: Cleanup
Event: 97.432 Executing VM operation: Cleanup done
Event: 98.433 Executing VM operation: Cleanup
Event: 98.642 Executing VM operation: Cleanup done

Memory protections (0 events):
No events

Nmethod flushes (0 events):
No events

Events (20 events):
Event: 3.205 Thread 0x000001aac6d78ee0 Thread added: 0x000001aae8566c20
Event: 3.460 Thread 0x000001aac6d78ee0 Thread added: 0x000001aae853de30
Event: 3.475 Thread 0x000001aac6d78ee0 Thread added: 0x000001aae853e790
Event: 3.703 Thread 0x000001aae869f4f0 Thread added: 0x000001aae869f4f0
Event: 3.730 Thread 0x000001aac6d78ee0 Thread added: 0x000001aae869ed80
Event: 4.308 Thread 0x000001aae853e790 Thread added: 0x000001aae87b2a00
Event: 18.166 Thread 0x000001aae853e790 Thread added: 0x000001aaed9b2ae0
Event: 19.040 Thread 0x000001aaed9b2ae0 Thread added: 0x000001aaedfd3d50
Event: 19.041 Thread 0x000001aaed9b2ae0 Thread exited: 0x000001aaed9b2ae0
Event: 24.590 Thread 0x000001aaedfd3d50 Thread added: 0x000001aaedfd3030
Event: 30.456 Thread 0x000001aaedfd3d50 Thread added: 0x000001aaedfd36c0
Event: 33.190 Thread 0x000001aaedfd3d50 Thread added: 0x000001aaedfd43e0
Event: 55.566 Thread 0x000001aae8566c20 Thread added: 0x000001aaedfd5100
Event: 95.619 Thread 0x000001aae853e790 Thread added: 0x000001aae3a7cc50
Event: 96.484 Thread 0x000001aae3a7cc50 Thread added: 0x000001aae3a7ed20
Event: 96.484 Thread 0x000001aae3a7cc50 Thread exited: 0x000001aae3a7cc50
Event: 96.543 Thread 0x000001aaedfd36c0 Thread exited: 0x000001aaedfd36c0
Event: 98.291 Thread 0x000001aae853e790 Thread added: 0x000001aae3a7cc50
Event: 98.647 Thread 0x000001aae3a7cc50 Thread added: 0x000001aae3a7d2e0
Event: 98.647 Thread 0x000001aae3a7cc50 Thread exited: 0x000001aae3a7cc50


Dynamic libraries:
0x00007ff747580000 - 0x00007ff74758e000 	C:\Program Files\Java\jdk-21.0.9+10\bin\java.exe
0x00007ffe85f50000 - 0x00007ffe86148000 	C:\Windows\SYSTEM32\ntdll.dll
0x00007ffe847d0000 - 0x00007ffe84892000 	C:\Windows\System32\KERNEL32.DLL
0x00007ffe83810000 - 0x00007ffe83b06000 	C:\Windows\System32\KERNELBASE.dll
0x00007ffe83710000 - 0x00007ffe83810000 	C:\Windows\System32\ucrtbase.dll
0x00007ffe707d0000 - 0x00007ffe707e8000 	C:\Program Files\Java\jdk-21.0.9+10\bin\jli.dll
0x00007ffe85270000 - 0x00007ffe85411000 	C:\Windows\System32\USER32.dll
0x00007ffe83b10000 - 0x00007ffe83b32000 	C:\Windows\System32\win32u.dll
0x00007ffe6ff00000 - 0x00007ffe6ff1e000 	C:\Program Files\Java\jdk-21.0.9+10\bin\VCRUNTIME140.dll
0x00007ffe84270000 - 0x00007ffe8429b000 	C:\Windows\System32\GDI32.dll
0x00007ffe83da0000 - 0x00007ffe83eb9000 	C:\Windows\System32\gdi32full.dll
0x00007ffe74220000 - 0x00007ffe744bb000 	C:\Windows\WinSxS\amd64_microsoft.windows.common-controls_6595b64144ccf1df_6.0.19041.6456_none_60b8a6cb71f64256\COMCTL32.dll
0x00007ffe83670000 - 0x00007ffe8370d000 	C:\Windows\System32\msvcp_win.dll
0x00007ffe85420000 - 0x00007ffe854be000 	C:\Windows\System32\msvcrt.dll
0x00007ffe84b10000 - 0x00007ffe84b3f000 	C:\Windows\System32\IMM32.DLL
0x00007ffe73c30000 - 0x00007ffe73c3c000 	C:\Program Files\Java\jdk-21.0.9+10\bin\vcruntime140_1.dll
0x00007ffe60e00000 - 0x00007ffe60e8d000 	C:\Program Files\Java\jdk-21.0.9+10\bin\msvcp140.dll
0x00007ffe4d040000 - 0x00007ffe4dde0000 	C:\Program Files\Java\jdk-21.0.9+10\bin\server\jvm.dll
0x00007ffe85e50000 - 0x00007ffe85f01000 	C:\Windows\System32\ADVAPI32.dll
0x00007ffe85060000 - 0x00007ffe850ff000 	C:\Windows\System32\sechost.dll
0x00007ffe83f70000 - 0x00007ffe84090000 	C:\Windows\System32\RPCRT4.dll
0x00007ffe83ca0000 - 0x00007ffe83cc7000 	C:\Windows\System32\bcrypt.dll
0x00007ffe85570000 - 0x00007ffe855db000 	C:\Windows\System32\WS2_32.dll
0x00007ffe83440000 - 0x00007ffe8348b000 	C:\Windows\SYSTEM32\POWRPROF.dll
0x00007ffe6fc20000 - 0x00007ffe6fc47000 	C:\Windows\SYSTEM32\WINMM.dll
0x00007ffe72b60000 - 0x00007ffe72b6a000 	C:\Windows\SYSTEM32\VERSION.dll
0x00007ffe83420000 - 0x00007ffe83432000 	C:\Windows\SYSTEM32\UMPDC.dll
0x00007ffe81410000 - 0x00007ffe81422000 	C:\Windows\SYSTEM32\kernel.appcore.dll
0x00007ffe70e70000 - 0x00007ffe70e7a000 	C:\Program Files\Java\jdk-21.0.9+10\bin\jimage.dll
0x00007ffe6e790000 - 0x00007ffe6e991000 	C:\Windows\SYSTEM32\DBGHELP.DLL
0x00007ffe695b0000 - 0x00007ffe695e4000 	C:\Windows\SYSTEM32\dbgcore.DLL
0x00007ffe835e0000 - 0x00007ffe83662000 	C:\Windows\System32\bcryptPrimitives.dll
0x00007ffe6ab00000 - 0x00007ffe6ab20000 	C:\Program Files\Java\jdk-21.0.9+10\bin\java.dll
0x00007ffe855e0000 - 0x00007ffe85d50000 	C:\Windows\System32\SHELL32.dll
0x00007ffe81610000 - 0x00007ffe81db5000 	C:\Windows\SYSTEM32\windows.storage.dll
0x00007ffe842a0000 - 0x00007ffe845f4000 	C:\Windows\System32\combase.dll
0x00007ffe82e50000 - 0x00007ffe82e7b000 	C:\Windows\SYSTEM32\Wldp.dll
0x00007ffe848a0000 - 0x00007ffe8496d000 	C:\Windows\System32\OLEAUT32.dll
0x00007ffe84fb0000 - 0x00007ffe8505d000 	C:\Windows\System32\SHCORE.dll
0x00007ffe84210000 - 0x00007ffe8426b000 	C:\Windows\System32\shlwapi.dll
0x00007ffe83510000 - 0x00007ffe83534000 	C:\Windows\SYSTEM32\profapi.dll
0x00007ffe5b980000 - 0x00007ffe5ba57000 	C:\Program Files\Java\jdk-21.0.9+10\bin\jsvml.dll
0x00007ffe6c990000 - 0x00007ffe6c9a0000 	C:\Program Files\Java\jdk-21.0.9+10\bin\net.dll
0x00007ffe75600000 - 0x00007ffe7570a000 	C:\Windows\SYSTEM32\WINHTTP.dll
0x00007ffe82c30000 - 0x00007ffe82c9a000 	C:\Windows\system32\mswsock.dll
0x00007ffe68aa0000 - 0x00007ffe68ab6000 	C:\Program Files\Java\jdk-21.0.9+10\bin\nio.dll
0x00007ffe695f0000 - 0x00007ffe69608000 	C:\Program Files\Java\jdk-21.0.9+10\bin\zip.dll
0x000001aac6e50000 - 0x000001aac6e53000 	C:\Users\Dell\.openjfx\cache\21+31\amd64\api-ms-win-core-console-l1-1-0.dll
0x000001aac6e60000 - 0x000001aac6e63000 	C:\Users\Dell\.openjfx\cache\21+31\amd64\api-ms-win-core-console-l1-2-0.dll
0x000001aac6e70000 - 0x000001aac6e73000 	C:\Users\Dell\.openjfx\cache\21+31\amd64\api-ms-win-core-datetime-l1-1-0.dll
0x000001aac6e80000 - 0x000001aac6e83000 	C:\Users\Dell\.openjfx\cache\21+31\amd64\api-ms-win-core-debug-l1-1-0.dll
0x000001aac6e90000 - 0x000001aac6e93000 	C:\Users\Dell\.openjfx\cache\21+31\amd64\api-ms-win-core-errorhandling-l1-1-0.dll
0x000001aac6ea0000 - 0x000001aac6ea4000 	C:\Users\Dell\.openjfx\cache\21+31\amd64\api-ms-win-core-file-l1-1-0.dll
0x000001aac6eb0000 - 0x000001aac6eb3000 	C:\Users\Dell\.openjfx\cache\21+31\amd64\api-ms-win-core-file-l1-2-0.dll
0x000001aac6ec0000 - 0x000001aac6ec3000 	C:\Users\Dell\.openjfx\cache\21+31\amd64\api-ms-win-core-file-l2-1-0.dll
0x000001aac6ed0000 - 0x000001aac6ed3000 	C:\Users\Dell\.openjfx\cache\21+31\amd64\api-ms-win-core-handle-l1-1-0.dll
0x000001aac6ee0000 - 0x000001aac6ee3000 	C:\Users\Dell\.openjfx\cache\21+31\amd64\api-ms-win-core-heap-l1-1-0.dll
0x000001aac6ef0000 - 0x000001aac6ef3000 	C:\Users\Dell\.openjfx\cache\21+31\amd64\api-ms-win-core-interlocked-l1-1-0.dll
0x000001aac6f00000 - 0x000001aac6f03000 	C:\Users\Dell\.openjfx\cache\21+31\amd64\api-ms-win-core-libraryloader-l1-1-0.dll
0x000001aae3ee0000 - 0x000001aae3ee3000 	C:\Users\Dell\.openjfx\cache\21+31\amd64\api-ms-win-core-localization-l1-2-0.dll
0x000001aae3ef0000 - 0x000001aae3ef3000 	C:\Users\Dell\.openjfx\cache\21+31\amd64\api-ms-win-core-memory-l1-1-0.dll
0x000001aae3f00000 - 0x000001aae3f03000 	C:\Users\Dell\.openjfx\cache\21+31\amd64\api-ms-win-core-namedpipe-l1-1-0.dll
0x000001aae3f10000 - 0x000001aae3f13000 	C:\Users\Dell\.openjfx\cache\21+31\amd64\api-ms-win-core-processenvironment-l1-1-0.dll
0x000001aae3f20000 - 0x000001aae3f23000 	C:\Users\Dell\.openjfx\cache\21+31\amd64\api-ms-win-core-processthreads-l1-1-0.dll
0x000001aae3f30000 - 0x000001aae3f33000 	C:\Users\Dell\.openjfx\cache\21+31\amd64\api-ms-win-core-processthreads-l1-1-1.dll
0x000001aae3f40000 - 0x000001aae3f43000 	C:\Users\Dell\.openjfx\cache\21+31\amd64\api-ms-win-core-profile-l1-1-0.dll
0x000001aae3f50000 - 0x000001aae3f53000 	C:\Users\Dell\.openjfx\cache\21+31\amd64\api-ms-win-core-rtlsupport-l1-1-0.dll
0x000001aae3f60000 - 0x000001aae3f63000 	C:\Users\Dell\.openjfx\cache\21+31\amd64\api-ms-win-core-string-l1-1-0.dll
0x000001aae3f70000 - 0x000001aae3f73000 	C:\Users\Dell\.openjfx\cache\21+31\amd64\api-ms-win-core-synch-l1-1-0.dll
0x000001aae3f80000 - 0x000001aae3f83000 	C:\Users\Dell\.openjfx\cache\21+31\amd64\api-ms-win-core-synch-l1-2-0.dll
0x000001aae3f90000 - 0x000001aae3f93000 	C:\Users\Dell\.openjfx\cache\21+31\amd64\api-ms-win-core-sysinfo-l1-1-0.dll
0x000001aae3fa0000 - 0x000001aae3fa3000 	C:\Users\Dell\.openjfx\cache\21+31\amd64\api-ms-win-core-timezone-l1-1-0.dll
0x000001aae3fb0000 - 0x000001aae3fb3000 	C:\Users\Dell\.openjfx\cache\21+31\amd64\api-ms-win-core-util-l1-1-0.dll
0x000001aae3fc0000 - 0x000001aae3fc3000 	C:\Users\Dell\.openjfx\cache\21+31\amd64\api-ms-win-crt-conio-l1-1-0.dll
0x000001aae3fd0000 - 0x000001aae3fd4000 	C:\Users\Dell\.openjfx\cache\21+31\amd64\api-ms-win-crt-convert-l1-1-0.dll
0x000001aae3fe0000 - 0x000001aae3fe3000 	C:\Users\Dell\.openjfx\cache\21+31\amd64\api-ms-win-crt-environment-l1-1-0.dll
0x000001aae3ff0000 - 0x000001aae3ff3000 	C:\Users\Dell\.openjfx\cache\21+31\amd64\api-ms-win-crt-filesystem-l1-1-0.dll
0x000001aae8800000 - 0x000001aae8803000 	C:\Users\Dell\.openjfx\cache\21+31\amd64\api-ms-win-crt-heap-l1-1-0.dll
0x000001aae8810000 - 0x000001aae8813000 	C:\Users\Dell\.openjfx\cache\21+31\amd64\api-ms-win-crt-locale-l1-1-0.dll
0x000001aae8820000 - 0x000001aae8825000 	C:\Users\Dell\.openjfx\cache\21+31\amd64\api-ms-win-crt-math-l1-1-0.dll
0x000001aae8830000 - 0x000001aae8835000 	C:\Users\Dell\.openjfx\cache\21+31\amd64\api-ms-win-crt-multibyte-l1-1-0.dll
0x000001aae8840000 - 0x000001aae8850000 	C:\Users\Dell\.openjfx\cache\21+31\amd64\api-ms-win-crt-private-l1-1-0.dll
0x000001aae8850000 - 0x000001aae8853000 	C:\Users\Dell\.openjfx\cache\21+31\amd64\api-ms-win-crt-process-l1-1-0.dll
0x000001aae8860000 - 0x000001aae8864000 	C:\Users\Dell\.openjfx\cache\21+31\amd64\api-ms-win-crt-runtime-l1-1-0.dll
0x000001aae8870000 - 0x000001aae8874000 	C:\Users\Dell\.openjfx\cache\21+31\amd64\api-ms-win-crt-stdio-l1-1-0.dll
0x000001aae8880000 - 0x000001aae8884000 	C:\Users\Dell\.openjfx\cache\21+31\amd64\api-ms-win-crt-string-l1-1-0.dll
0x000001aae8890000 - 0x000001aae8893000 	C:\Users\Dell\.openjfx\cache\21+31\amd64\api-ms-win-crt-time-l1-1-0.dll
0x000001aae88a0000 - 0x000001aae88a3000 	C:\Users\Dell\.openjfx\cache\21+31\amd64\api-ms-win-crt-utility-l1-1-0.dll
0x00007ffe58bd0000 - 0x00007ffe58ccc000 	C:\Users\Dell\.openjfx\cache\21+31\amd64\ucrtbase.dll
0x00007ffe5e870000 - 0x00007ffe5e88b000 	C:\Users\Dell\.openjfx\cache\21+31\amd64\vcruntime140.dll
0x00007ffe68f10000 - 0x00007ffe68f1c000 	C:\Users\Dell\.openjfx\cache\21+31\amd64\vcruntime140_1.dll
0x00007ffe58b40000 - 0x00007ffe58bce000 	C:\Users\Dell\.openjfx\cache\21+31\amd64\msvcp140.dll
0x00007ffe849e0000 - 0x00007ffe84b0b000 	C:\Windows\System32\ole32.dll
0x00007ffe68ac0000 - 0x00007ffe68ac9000 	C:\Users\Dell\.openjfx\cache\21+31\amd64\msvcp140_1.dll
0x00007ffe5e300000 - 0x00007ffe5e32f000 	C:\Users\Dell\.openjfx\cache\21+31\amd64\msvcp140_2.dll
0x00007ffe5dc40000 - 0x00007ffe5dc6f000 	C:\Users\Dell\.openjfx\cache\21+31\amd64\prism_d3d.dll
0x00007ffe1fa90000 - 0x00007ffe1fc61000 	C:\Windows\system32\d3d9.dll
0x00007ffe81110000 - 0x00007ffe8113e000 	C:\Windows\SYSTEM32\dwmapi.dll
0x00007ffe80ea0000 - 0x00007ffe80f3e000 	C:\Windows\system32\uxtheme.dll
0x00007ffe1cec0000 - 0x00007ffe1f3fa000 	C:\Windows\SYSTEM32\igdumdim64.dll
0x00007ffe84b40000 - 0x00007ffe84fb0000 	C:\Windows\System32\SETUPAPI.dll
0x00007ffe83cd0000 - 0x00007ffe83d1e000 	C:\Windows\System32\cfgmgr32.dll
0x00007ffe5b6d0000 - 0x00007ffe5b712000 	C:\Users\Dell\.openjfx\cache\21+31\amd64\glass.dll
0x00007ffe85190000 - 0x00007ffe8526a000 	C:\Windows\System32\COMDLG32.dll
0x00007ffe840f0000 - 0x00007ffe84205000 	C:\Windows\System32\MSCTF.dll
0x00007ffe784c0000 - 0x00007ffe78eff000 	C:\Windows\SYSTEM32\igdusc64.dll
0x00007ffe7a350000 - 0x00007ffe7a38b000 	C:\Windows\SYSTEM32\dxcore.dll
0x00007ffe5e850000 - 0x00007ffe5e864000 	C:\Users\Dell\.openjfx\cache\21+31\amd64\javafx_font.dll
0x00007ffe7b6f0000 - 0x00007ffe7b96f000 	C:\Windows\SYSTEM32\dwrite.dll
0x00007ffe82e90000 - 0x00007ffe82ea8000 	C:\Windows\SYSTEM32\CRYPTSP.dll
0x00007ffe82570000 - 0x00007ffe825a8000 	C:\Windows\system32\rsaenh.dll
0x00007ffe83490000 - 0x00007ffe834be000 	C:\Windows\SYSTEM32\USERENV.dll
0x00007ffe82dc0000 - 0x00007ffe82dcc000 	C:\Windows\SYSTEM32\CRYPTBASE.dll
0x00007ffe82930000 - 0x00007ffe8296b000 	C:\Windows\SYSTEM32\IPHLPAPI.DLL
0x00007ffe85180000 - 0x00007ffe85188000 	C:\Windows\System32\NSI.dll
0x00007ffe5d5b0000 - 0x00007ffe5d5dd000 	C:\Users\Dell\.openjfx\cache\21+31\amd64\javafx_iio.dll
0x00007ffe854c0000 - 0x00007ffe85569000 	C:\Windows\System32\clbcatq.dll
0x00007ffe80ce0000 - 0x00007ffe80e96000 	C:\Windows\SYSTEM32\WindowsCodecs.dll
0x00007ffe6fc50000 - 0x00007ffe6fc8e000 	C:\Windows\system32\dataexchange.dll
0x00007ffe7f300000 - 0x00007ffe7f564000 	C:\Windows\system32\d3d11.dll
0x00007ffe81e20000 - 0x00007ffe81f16000 	C:\Windows\system32\dxgi.dll
0x00007ffe7fc90000 - 0x00007ffe7fe74000 	C:\Windows\system32\dcomp.dll
0x00007ffe7dce0000 - 0x00007ffe7dee3000 	C:\Windows\system32\twinapi.appcore.dll
0x00007ffe59270000 - 0x00007ffe592a4000 	C:\Program Files\Common Files\Microsoft Shared\Ink\rtscom.dll
0x00007ffe790b0000 - 0x00007ffe791a9000 	C:\Windows\SYSTEM32\textinputframework.dll
0x00007ffe80200000 - 0x00007ffe8055b000 	C:\Windows\System32\CoreUIComponents.dll
0x00007ffe80560000 - 0x00007ffe80652000 	C:\Windows\System32\CoreMessaging.dll
0x00007ffe827c0000 - 0x00007ffe827f3000 	C:\Windows\SYSTEM32\ntmarta.dll

JVMTI agents: none

dbghelp: loaded successfully - version: 4.0.5 - missing functions: none
symbol engine: initialized successfully - sym options: 0x614 - pdb path: .;C:\Program Files\Java\jdk-21.0.9+10\bin;C:\Windows\SYSTEM32;C:\Windows\WinSxS\amd64_microsoft.windows.common-controls_6595b64144ccf1df_6.0.19041.6456_none_60b8a6cb71f64256;C:\Program Files\Java\jdk-21.0.9+10\bin\server;C:\Users\Dell\.openjfx\cache\21+31\amd64;C:\Program Files\Common Files\Microsoft Shared\Ink;C:\Users\Dell\AppData\Local\Temp\lwjgl_Dell\3.3.6+1\x64

VM Arguments:
jvm_args: --add-modules=javafx.controls,javafx.fxml,javafx.graphics --module-path=C:\Users\Dell\.gradle\caches\modules-2\files-2.1\org.openjfx\javafx-fxml\21\4a1cd270e1ae03ae73110eb68622afd457c6f903\javafx-fxml-21-win.jar;C:\Users\Dell\.gradle\caches\modules-2\files-2.1\org.openjfx\javafx-controls\21\76e295d84578a3d9688e092aae3f2ff1cf3e83a9\javafx-controls-21-win.jar;C:\Users\Dell\.gradle\caches\modules-2\files-2.1\org.openjfx\javafx-graphics\21\8083d97ea236079c82cf8e3463b62990340346d4\javafx-graphics-21-win.jar;C:\Users\Dell\.gradle\caches\modules-2\files-2.1\org.openjfx\javafx-base\21\a7e334fbb619859e1010cad06ddcf16e774c87a0\javafx-base-21-win.jar --add-modules=javafx.controls,javafx.fxml,javafx.graphics -Dfile.encoding=UTF-8 -Duser.country=US -Duser.language=en -Duser.variant 
java_command: com.example.MainMenu
java_class_path (initial): C:\Users\Dell\Documents\UniversityProject\University-Project\ForgeVoxel\app\build\classes\java\main;C:\Users\Dell\Documents\UniversityProject\University-Project\ForgeVoxel\app\build\resources\main;C:\Users\Dell\.gradle\caches\modules-2\files-2.1\org.jmonkeyengine\jme3-lwjgl3\3.8.1-stable\3031c655fa4bc31d4f27ed93edd7b3c7ce575b0f\jme3-lwjgl3-3.8.1-stable.jar;C:\Users\Dell\.gradle\caches\modules-2\files-2.1\org.jmonkeyengine\jme3-desktop\3.8.1-stable\e6fb38514a08947148427494a22f212862bce1f1\jme3-desktop-3.8.1-stable.jar;C:\Users\Dell\.gradle\caches\modules-2\files-2.1\org.jmonkeyengine\jme3-plugins\3.8.1-stable\1eecfc701aaeb6e15fc42b99c26ebb102ce7f9ad\jme3-plugins-3.8.1-stable.jar;C:\Users\Dell\.gradle\caches\modules-2\files-2.1\org.jmonkeyengine\jme3-core\3.8.1-stable\c936796d9744ed1ed48f561a1c926de34f1017dc\jme3-core-3.8.1-stable.jar;C:\Users\Dell\.gradle\caches\modules-2\files-2.1\org.fxmisc.richtext\richtextfx\0.11.7\8d9ea0a7d14f5fe78814ca06bce1510c66990086\richtextfx-0.11.7.jar;C:\Users\Dell\.gradle\caches\modules-2\files-2.1\org.lwjglx\lwjgl3-awt\0.2.3\2be63e81d6b73300d8203ce7235b2660c62eb3ea\lwjgl3-awt-0.2.3.jar;C:\Users\Dell\.gradle\caches\modules-2\files-2.1\org.lwjgl\lwjgl-glfw\3.3.6\7119f7d0eeb1e5502ff0ca71d2b4d47317da015\lwjgl-glfw-3.3.6.jar;C:\Users\Dell\.gradle\caches\modules-2\files-2.1\org.lwjgl\lwjgl-glfw\3.3.6\99ef08056feb9627f90425a4d2a22cd9fae8e39b\lwjgl-glfw-3.3.6-natives-windows.jar;C:\Users\Dell\.gradle\caches\modules-2\files-2.1\org.lwjgl\lwjgl-glfw\3.3.6\cfa8f1e96d572ed56da5945adf5167628f5eecdb\lwjgl-glfw-3.3.6-natives-windows-x86.jar;C:\Users\Dell\.gradle\caches\modules-2\files-2.1\org.lwjgl\lwjgl-glfw\3.3.6\797e0965709ad180d9b00c88a086dbda15002203\lwjgl-glfw-3.3.6-natives-linux.jar;C:\Users\Dell\.gradle\caches\modules-2\files-2.1\org.lwjgl\lwjgl-glfw\3.3.6\671adf04a6bc4f792af13892e37f804be30b7070\lwjgl-glfw-3.3.6-natives-linux-arm32.jar;C:\Users\Dell\.gradle\caches\modules-2\files-2.1\org.lwjgl\lwjgl-glfw\3.3.6\b54023af492b4c2c72451f3a7aa0f385e9969474\lwjgl-glfw-3.3.6-natives-linux-arm64.jar;C:\Users\Dell\.gradle\caches\modules-2\files-2.1\org.lwjgl\lwjgl-glfw\3.3.6\82c8d748a654241b5961ddd1c098e8b648e38a48\lwjgl-glfw-3.3.6-natives-macos.jar;C:\Users\Dell\.gradle\caches\modules-2\files-2.1\org.lwjgl\lwjgl-glfw\3.3.6\399b42b491c5dfa6595ae6fd79dcba61b93538a7\lwjgl-glfw-3.3.6-natives-macos-arm64.jar;C:\Users\Dell\.gradle\caches\modules-2\files-2.1\org.lwjgl\lwjgl-jawt\3.3.6\43299e222bd7db5e99254a8e620330954b73c2a6\lwjgl-jawt-3.3.6.jar;C:\Users\Dell\.gradle\caches\modules-2\files-2.1\org.lwjgl\lwjgl-jemalloc\3.3.6\245910eb57f2444429c74e6bf96030e5ec0a6739\lwjgl-jemalloc-3.3.6.jar;C:\Users\Dell\.gradle\caches\modules-2\files-2.1\org.lwjgl\lwjgl-jemalloc\3.3.6\f9da76351e14a695be172d6915c8a7b2905307f\lwjgl-jemalloc-3.3.6-natives-windows.jar;C:\Users\Dell\.gradle\caches\modules-2\files-2.1\org.lwjgl\lwjgl-jemalloc\3.3.6\c86043a342a33e5d32fabf962578580633db3c6e\lwjgl-jemalloc-3.3.6-natives-windows-x86.jar;C:\Users\Dell\.gradle\caches\modules-2\files-2.1\org.lwjgl\lwjgl-jemalloc\3.3.6\26f8b467dc2e0f3000d608de3564b572bb46f927\lwjgl-jemalloc-3.3.6-natives-linux.jar;C:\Users\Dell\.gradle\caches\modules-2\files-2.1\org.lwjgl\lwjgl-jemalloc\3.3.6\c484cae39a718010dbc7931fe5e12664600a13c2\lwjgl-jemalloc-3.3.6-natives-linux-arm32.jar;C:\Users\Dell\.gradle\caches\modules-2\files-2.1\org.lwjgl\lwjgl-jemalloc\3.3.6\1bc2e16e70df7f418d668c2984ac8066f1f6f5b1\lwjgl-jemalloc-3.3.6-natives-linux-arm64.jar;C:\Users\Dell\.gradle\caches\modules-2\files-2.1\org.lwjgl\lwjgl-jemalloc\3.3.6\9a42df0f2e9747815490311d7db7b4a046d5f40\lwjgl-jemalloc-3.3.6-natives-macos.jar;C:\Users\Dell\.gradle\caches\modules-2\files-2.1\org.lwjgl\lwjgl-jemalloc\3.3.6\1f828c1fc06792475850162725433adf5ad001c0\lwjgl-jemalloc-3.3.6-natives-macos-arm64.jar;C:\Users\Dell\.gradle\caches\modules-2\files-2.1\org.lwjgl\lwjgl-openal\3.3.6\ad313317ff399fd2a7f4dd74716a68cf3976c6ad\lwjgl-openal-3.3.6.jar;C:\Users\Dell\.gradle\caches\modules-2\files-2.1\org.lwjgl\lwjgl-openal\3.3.6\9c2b9b660e085bb0b47a4453dc0e26f24a5475e4\lwjgl-openal-3.3.6-natives-windows.jar;C:\Users\Dell\.gradle\caches\modules-2\files-2.1\org.lwjgl\lwjgl-openal\3.3.6\82f693541d69aa125750bf8be9c4194435c56f03\lwjgl-openal-3.3.6-natives-windows-x86.jar;C:\Users\Dell\.gradle\caches\modules-2\files-2.1\org.lwjgl\lwjgl-openal\3.3.6\ef356c04ef141d4efbde07793f31784f1f1a1bae\lwjgl-openal-3.3.6-natives-linux.jar;C:\Users\Dell\.gradle\caches\modules-2\files-2.1\org.lwjgl\lwjgl-openal\3.3.6\7830af894fa110e65bf5075deb9183efbdbc50f5\lwjgl-openal-3.3.6-natives-linux-arm32.jar;C:\Users\Dell\.gradle\caches\modules-2\files-2.1\org.lwjgl\lwjgl-openal\3.3.6\fd2c17603c63e8d543cb57d1db77ebd4574f3b7a\lwjgl-openal-3.3.6-natives-linux-arm64.jar;C:\Users\Dell\.gradle\caches\modules-2\files-2.1\org.lwjgl\lwjgl-openal\3.3.6\c39f6827f0bd97601fc4e389801d5c813f59a5f2\lwjgl-openal-3.3.6-natives-macos.jar;C:\Users\Dell\.gradle\caches\modules-2\files-2.1\org.lwjgl\lwjgl-openal\3.3.6\13f692aec4ae4b2d3c468aa0008472175f0ea1e0\lwjgl-openal-3.3.6-natives-macos-arm64.jar;C:\Users\Dell\.gradle\caches\modules-2\files-2.1\org.lwjgl\lwjgl-opencl\3.3.6\93fdcea16d27b1466450e38dc28c8e1b4819ec25\lwjgl-opencl-3.3.6.jar;C:\Users\Dell\.gradle\caches\modules-2\files-2.1\org.lwjgl\lwjgl-opengl\3.3.6\ac2532612a4df374e9a9282bcf8ce2573018ebbb\lwjgl-opengl-3.3.6.jar;C:\Users\Dell\.gradle\caches\modules-2\files-2.1\org.lwjgl\lwjgl-opengl\3.3.6\18dc639ebc94aa5202c2157f7490d28997b697c5\lwjgl-opengl-3.3.6-natives-windows.jar;C:\Users\Dell\.gradle\caches\modules-2\files-2.1\org.lwjgl\lwjgl-opengl\3.3.6\b0ab1d0e315d2fcc50d6cab7e8feaf4688d5d9a0\lwjgl-opengl-3.3.6-natives-windows-x86.jar;C:\Users\Dell\.gradle\caches\modules-2\files-2.1\org.lwjgl\lwjgl-opengl\3.3.6\b8dc6467fe232d552793c53dc56f9fa8a385299c\lwjgl-opengl-3.3.6-natives-linux.jar;C:\Users\Dell\.gradle\caches\modules-2\files-2.1\org.lwjgl\lwjgl-opengl\3.3.6\ee815fbf454b916f13c10fff62e513eb09042ef0\lwjgl-opengl-3.3.6-natives-linux-arm32.jar;C:\Users\Dell\.gradle\caches\modules-2\files-2.1\org.lwjgl\lwjgl-opengl\3.3.6\44de180f79e0b45c9e5bee10ca7540dcb5ddd373\lwjgl-opengl-3.3.6-natives-linux-arm64.jar;C:\Users\Dell\.gradle\caches\modules-2\files-2.1\org.lwjgl\lwjgl-opengl\3.3.6\59f708eb4bf0be0204bbc9c06807911724673db6\lwjgl-opengl-3.3.6-natives-macos.jar;C:\Users\Dell\.gradle\caches\modules-2\files-2.1\org.lwjgl\lwjgl-opengl\3.3.6\fee4fb2ee786af6530b6f9188205a76bc4e05268\lwjgl-opengl-3.3.6-natives-macos-arm64.jar;C:\Users\Dell\.gradle\caches\modules-2\files-2.1\org.lwjgl\lwjgl\3.3.6\ce7721d30cfaf47feaed10213e0c43eb55c49d68\lwjgl-3.3.6.jar;C:\Users\Dell\.gradle\caches\modules-2\files-2.1\org.lwjgl\lwjgl\3.3.6\9a29b6a22fc5184604b8cb434ee5d5ecc4bfcbee\lwjgl-3.3.6-natives-windows.jar;C:\Users\Dell\.gradle\caches\modules-2\files-2.1\org.lwjgl\lwjgl\3.3.6\7a6f04e02429ba2f4bda9be191347bb7d3c71127\lwjgl-3.3.6-natives-windows-x86.jar;C:\Users\Dell\.gradle\caches\modules-2\files-2.1\org.lwjgl\lwjgl\3.3.6\dc7db8fc4f1e6563867f9155b9a42d9c73d8992f\lwjgl-3.3.6-natives-linux.jar;C:\Users\Dell\.gradle\caches\modules-2\files-2.1\org.lwjgl\lwjgl\3.3.6\2c9d698e76c3d0fe307d94cc6f428038492f25df\lwjgl-3.3.6-natives-linux-arm32.jar;C:\Users\Dell\.gradle\caches\modules-2\files-2.1\org.lwjgl\lwjgl\3.3.6\9eeb8887b5e3aa672efd2e1b0973ffa5891a3151\lwjgl-3.3.6-natives-linux-arm64.jar;C:\Users\Dell\.gradle\caches\modules-2\files-2.1\org.lwjgl\lwjgl\3.3.6\f14e7a5289d2355822f4f83b3fd38d158c939acd\lwjgl-3.3.6-natives-macos.jar;C:\Users\Dell\.gradle\caches\modules-2\files-2.1\org.lwjgl\lwjgl\3.3.6\832e2964ce74e02e768814a29c06d60645115b9a\lwjgl-3.3.6-natives-macos-arm64.jar;C:\Users\Dell\.gradle\caches\modules-2\files-2.1\org.jmonkeyengine\jme3-plugins-json-gson\3.8.1-stable\c8f68ae8d04b98d204b8eafd81a63b582480662c\jme3-plugins-json-gson-3.8.1-stable.jar;C:\Users\Dell\.gradle\caches\modules-2\files-2.1\org.jmonkeyengine\jme3-plugins-json\3.8.1-stable\f051548736772b45e8e314c772997c0106dce2e8\jme3-plugins-json-3.8.1-stable.jar;C:\Users\Dell\.gradle\caches\modules-2\files-2.1\org.fxmisc.undo\undofx\2.1.1\69e1b938bd6d12c48ab07478cc09386a1fba3d2d\undofx-2.1.1.jar;C:\Users\Dell\.gradle\caches\modules-2\files-2.1\org.fxmisc.flowless\flowless\0.7.4\2d4c44c78a5180752a70ed3d26dd1915d99325c4\flowless-0.7.4.jar;C:\Users\Dell\.gradle\caches\modules-2\files-2.1\org.reactfx\reactfx\2.0-M5\aa02bc40ebbb87a76d4b188516294612c8972b80\reactfx-2.0-M5.jar;C:\Users\Dell\.gradle\caches\modules-2\files-2.1\org.fxmisc.wellbehaved\wellbehavedfx\0.3.3\c69c986469f23feee75f09812357e6b6a0657d57\wellbehavedfx-0.3.3.jar;C:\Users\Dell\.gradle\caches\modules-2\files-2.1\com.google.code.gson\gson\2.9.1\2cc2131b98ebfb04e2b2c7dfb84431f4045096b\gson-2.9.1.jar
Launcher Type: SUN_STANDARD

[Global flags]
     intx CICompilerCount                          = 2                                         {product} {ergonomic}
     uint ConcGCThreads                            = 1                                         {product} {ergonomic}
     uint G1ConcRefinementThreads                  = 2                                         {product} {ergonomic}
   size_t G1HeapRegionSize                         = 1048576                                   {product} {ergonomic}
    uintx GCDrainStackTargetSize                   = 64                                        {product} {ergonomic}
   size_t InitialHeapSize                          = 67108864                                  {product} {ergonomic}
   size_t MarkStackSize                            = 4194304                                   {product} {ergonomic}
   size_t MaxHeapSize                              = 1052770304                                {product} {ergonomic}
   size_t MaxNewSize                               = 631242752                                 {product} {ergonomic}
   size_t MinHeapDeltaBytes                        = 1048576                                   {product} {ergonomic}
   size_t MinHeapSize                              = 8388608                                   {product} {ergonomic}
    uintx NonNMethodCodeHeapSize                   = 5826188                                {pd product} {ergonomic}
    uintx NonProfiledCodeHeapSize                  = 122916026                              {pd product} {ergonomic}
    uintx ProfiledCodeHeapSize                     = 122916026                              {pd product} {ergonomic}
    uintx ReservedCodeCacheSize                    = 251658240                              {pd product} {ergonomic}
     bool SegmentedCodeCache                       = true                                      {product} {ergonomic}
   size_t SoftMaxHeapSize                          = 1052770304                             {manageable} {ergonomic}
     bool UseCompressedOops                        = true                           {product lp64_product} {ergonomic}
     bool UseG1GC                                  = true                                      {product} {ergonomic}
     bool UseLargePagesIndividualAllocation        = false                                  {pd product} {ergonomic}

Logging:
Log output configuration:
 #0: stdout all=warning uptime,level,tags foldmultilines=false
 #1: stderr all=off uptime,level,tags foldmultilines=false

Release file:
IMPLEMENTOR="Eclipse Adoptium" 
IMPLEMENTOR_VERSION="Temurin-21.0.9+10" 
JAVA_RUNTIME_VERSION="21.0.9+10-LTS" 
JAVA_VERSION="21.0.9" 
JAVA_VERSION_DATE="2025-10-21" 
LIBC="default" 
MODULES="java.base java.compiler java.datatransfer java.xml java.prefs java.desktop java.instrument java.logging java.management java.security.sasl java.naming java.rmi java.management.rmi java.net.http java.scripting java.security.jgss java.transaction.xa java.sql java.sql.rowset java.xml.crypto java.se java.smartcardio jdk.accessibility jdk.internal.jvmstat jdk.attach jdk.charsets jdk.internal.opt jdk.zipfs jdk.compiler jdk.crypto.ec jdk.crypto.cryptoki jdk.crypto.mscapi jdk.dynalink jdk.internal.ed jdk.editpad jdk.hotspot.agent jdk.httpserver jdk.incubator.vector jdk.internal.le jdk.internal.vm.ci jdk.internal.vm.compiler jdk.internal.vm.compiler.management jdk.jartool jdk.javadoc jdk.jcmd jdk.management jdk.management.agent jdk.jconsole jdk.jdeps jdk.jdwp.agent jdk.jdi jdk.jfr jdk.jlink jdk.jpackage jdk.jshell jdk.jsobject jdk.jstatd jdk.localedata jdk.management.jfr jdk.naming.dns jdk.naming.rmi jdk.net jdk.nio.mapmode jdk.random jdk.sctp jdk.security.auth jdk.security.jgss jdk.unsupported jdk.unsupported.desktop jdk.xml.dom" 
OS_ARCH="x86_64" 
OS_NAME="Windows" 
SOURCE=".:git:759062135b07" 
BUILD_SOURCE="git:839fa0b45d809157cffd3dc8515aad262a4a1776"
BUILD_SOURCE_REPO="https://github.com/adoptium/temurin-build.git"
SOURCE_REPO="https://github.com/adoptium/jdk21u.git"
FULL_VERSION="21.0.9+10-LTS"
SEMANTIC_VERSION="21.0.9+10"
BUILD_INFO="OS: Windows Server 2022 Version: 10.0"
JVM_VARIANT="Hotspot"
JVM_VERSION="21.0.9+10-LTS"
IMAGE_TYPE="JDK"

Environment Variables:
JAVA_HOME=C:\Program Files\Java\jdk-24
PATH=C:\ffmpeg\bin;C:\Windows\system32;C:\Windows;C:\Windows\System32\Wbem;C:\Windows\System32\WindowsPowerShell\v1.0\;C:\Windows\System32\OpenSSH\;C:\Program Files\dotnet\;C:\Users\Dell\AppData\Local\Microsoft\WindowsApps;C:\msys64\ucrt64\bin;C:\Program Files\Git\cmd;C:\Program Files\Java\jdk-24\bin;C:\Program Files\kotlinc\bin;C:\Users\Dell\AppData\Local\Programs\Python\Python313\Scripts\;C:\Users\Dell\AppData\Local\Programs\Python\Python313\;C:\Users\Dell\AppData\Local\Microsoft\WindowsApps;C:\Users\Dell\.conda;C:\Users\Dell\AppData\Local\GitHubDesktop\bin;C:\Program Files\JetBrains\IntelliJ IDEA Community Edition 2025.2\bin;C:\Program Files\kotlinc\bin;c:\Users\Dell\.vscode\extensions\vscjava.vscode-java-debug-0.58.4\bundled\scripts\noConfigScripts
USERNAME=Dell
LANG=en_US.UTF-8
OS=Windows_NT
PROCESSOR_IDENTIFIER=Intel64 Family 6 Model 76 Stepping 4, GenuineIntel
TMP=C:\Users\Dell\AppData\Local\Temp
TEMP=C:\Users\Dell\AppData\Local\Temp




Periodic native trim disabled

---------------  S Y S T E M  ---------------

OS:
 Windows 10 , 64 bit Build 19041 (10.0.19041.5915)
OS uptime: 0 days 9:32 hours
Hyper-V role detected

CPU: total 2 (initial active 2) (2 cores per cpu, 1 threads per core) family 6 model 76 stepping 4 microcode 0x411, cx8, cmov, fxsr, mmx, 3dnowpref, sse, sse2, sse3, ssse3, sse4.1, sse4.2, popcnt, tsc, tscinvbit, aes, erms, clmul, clflush, hv, rdtscp
Processor Information for the first 2 processors :
  Max Mhz: 1601, Current Mhz: 1601, Mhz Limit: 1601

Memory: 4k page, system-wide physical 4011M (359M free)
TotalPageFile size 10213M (AvailPageFile size 1362M)
current process WorkingSet (physical memory assigned to process): 481M, peak: 500M
current process commit charge ("private bytes"): 531M, peak: 544M

vm_info: OpenJDK 64-Bit Server VM (21.0.9+10-LTS) for windows-amd64 JRE (21.0.9+10-LTS), built on 2025-10-21T00:00:00Z by "admin" with unknown MS VC++:1942

END.
