#
# A fatal error has been detected by the Java Runtime Environment:
#
#  EXCEPTION_ACCESS_VIOLATION (0xc0000005) at pc=0x00007ffe587e7820, pid=796, tid=1504
#
# JRE version: OpenJDK Runtime Environment Temurin-21.0.9+10 (21.0.9+10) (build 21.0.9+10-LTS)
# Java VM: OpenJDK 64-Bit Server VM Temurin-21.0.9+10 (21.0.9+10-LTS, mixed mode, sharing, tiered, compressed oops, compressed class ptrs, g1 gc, windows-amd64)
# Problematic frame:
# C  0x00007ffe587e7820
#
# No core dump will be written. Minidumps are not enabled by default on client versions of Windows
#
# If you would like to submit a bug report, please visit:
#   https://github.com/adoptium/adoptium-support/issues
# The crash happened outside the Java Virtual Machine in native code.
# See problematic frame for where to report the bug.
#

---------------  S U M M A R Y ------------

Command Line: --add-modules=javafx.controls,javafx.fxml,javafx.graphics --module-path=C:\Users\Dell\.gradle\caches\modules-2\files-2.1\org.openjfx\javafx-fxml\21\4a1cd270e1ae03ae73110eb68622afd457c6f903\javafx-fxml-21-win.jar;C:\Users\Dell\.gradle\caches\modules-2\files-2.1\org.openjfx\javafx-controls\21\76e295d84578a3d9688e092aae3f2ff1cf3e83a9\javafx-controls-21-win.jar;C:\Users\Dell\.gradle\caches\modules-2\files-2.1\org.openjfx\javafx-graphics\21\8083d97ea236079c82cf8e3463b62990340346d4\javafx-graphics-21-win.jar;C:\Users\Dell\.gradle\caches\modules-2\files-2.1\org.openjfx\javafx-base\21\a7e334fbb619859e1010cad06ddcf16e774c87a0\javafx-base-21-win.jar --add-modules=javafx.controls,javafx.fxml,javafx.graphics -Dfile.encoding=UTF-8 -Duser.country=US -Duser.language=en -Duser.variant com.example.MainMenu

Host: Intel(R) Celeron(R) CPU  N3060  @ 1.60GHz, 2 cores, 3G,  Windows 10 , 64 bit Build 19041 (10.0.19041.5915)
Time: Wed Dec 10 23:27:50 2025 Pakistan Standard Time elapsed time: 100.924999 seconds (0d 0h 1m 40s)

---------------  T H R E A D  ---------------

Current thread (0x000001bea03311d0):  JavaThread "jME3 Main" daemon [_thread_in_native, id=1504, stack(0x00000047b8000000,0x00000047b8100000) (1024K)]

Stack: [0x00000047b8000000,0x00000047b8100000],  sp=0x00000047b80fefe0,  free space=1019k
Native frames: (J=compiled Java code, j=interpreted, Vv=VM code, C=native code)
C  0x00007ffe587e7820

Java frames: (J=compiled Java code, j=interpreted, Vv=VM code)
J 4235  org.lwjgl.system.JNI.invokeV(J)V (0 bytes) @ 0x000001be4aa4e599 [0x000001be4aa4e540+0x0000000000000059]
j  org.lwjgl.glfw.GLFW.glfwTerminate()V+5
j  com.jme3.system.lwjgl.LwjglWindow.deinitInThread()V+17
j  com.jme3.system.lwjgl.LwjglWindow.run()V+94
j  java.lang.Thread.runWith(Ljava/lang/Object;Ljava/lang/Runnable;)V+5 java.base@21.0.9
j  java.lang.Thread.run()V+19 java.base@21.0.9
v  ~StubRoutines::call_stub 0x000001be4a301015

siginfo: EXCEPTION_ACCESS_VIOLATION (0xc0000005), reading address 0x0000000000000000


Registers:
RAX=0x0000000000000001, RBX=0x000001bf25d47480, RCX=0x0000000000000000, RDX=0x00007ffe5885f078
RSP=0x00000047b80fefe0, RBP=0x00000047b80ff0a0, RSI=0x0000000000000000, RDI=0x0000000000000110
R8 =0x00007ff457290000, R9 =0x0000000000000001, R10=0x0000000000008000, R11=0x00000047b80feee0
R12=0x0000000000000000, R13=0x00000047b80ff0b0, R14=0x00000047b80ff090, R15=0x000001bea03311d0
RIP=0x00007ffe587e7820, EFLAGS=0x0000000000010283

XMM[0]=0x0000000000000000 0x0000000000000000
XMM[1]=0x0000000000000000 0x0000000000000000
XMM[2]=0x0000000000000000 0x0000000000000000
XMM[3]=0x0000000000000000 0x0000000000000000
XMM[4]=0x0000000000000000 0x0000000000000000
XMM[5]=0x0000000000000000 0x0000000000000000
XMM[6]=0x0000000000000000 0x0000000000000000
XMM[7]=0x0000000000000000 0x0000000000000000
XMM[8]=0x0000000000000000 0x0000000000000000
XMM[9]=0x0000000000000000 0x0000000000000000
XMM[10]=0x0000000000000000 0x0000000000000000
XMM[11]=0x0000000000000000 0x000000003f800000
XMM[12]=0x0000000000000000 0x0000000000000000
XMM[13]=0x0000000000000000 0x0000000000000000
XMM[14]=0x0000000000000000 0x0000000000000000
XMM[15]=0x0000000000000000 0x00000000bf800000
  MXCSR=0x00001fb2


Register to memory mapping:

RAX=0x0000000000000001 is an unknown value
RBX=0x000001bf25d47480 points into unknown readable memory: 0x000001bea06bb1b0 | b0 b1 6b a0 be 01 00 00
RCX=0x0 is null
RDX=0x00007ffe5885f078 points into unknown readable memory: 0x0000000000000000 | 00 00 00 00 00 00 00 00
RSP=0x00000047b80fefe0 is pointing into the stack for thread: 0x000001bea03311d0
RBP=0x00000047b80ff0a0 is pointing into the stack for thread: 0x000001bea03311d0
RSI=0x0 is null
RDI=0x0000000000000110 is an unknown value
R8 =0x00007ff457290000 points into unknown readable memory: 0x0000000000000000 | 00 00 00 00 00 00 00 00
R9 =0x0000000000000001 is an unknown value
R10=0x0000000000008000 is an unknown value
R11=0x00000047b80feee0 is pointing into the stack for thread: 0x000001bea03311d0
R12=0x0 is null
R13=0x00000047b80ff0b0 is pointing into the stack for thread: 0x000001bea03311d0
R14=0x00000047b80ff090 is pointing into the stack for thread: 0x000001bea03311d0
R15=0x000001bea03311d0 is a thread

Top of Stack: (sp=0x00000047b80fefe0)
0x00000047b80fefe0:   00000047b80ff120 00007ffe4d6ca30a
0x00000047b80feff0:   00000047b80ff040 000001be989c5630
0x00000047b80ff000:   000001be97d22868 00007ffe587e28cc
0x00000047b80ff010:   0000000000000110 00007ffe4d6c37ef
0x00000047b80ff020:   3ff0000000000000 000001bea03311d0
0x00000047b80ff030:   0000000000000000 000001be4aa4e62d
0x00000047b80ff040:   000001be97d5fa68 00000047b80ff0a0
0x00000047b80ff050:   0000000000000000 00007ffe4d41cfc1
0x00000047b80ff060:   00000047b80ff120 000001be4a308860
0x00000047b80ff070:   00000047b80ff120 0000000000000110
0x00000047b80ff080:   00000047b80ff108 000001be4a3170b9
0x00000047b80ff090:   00000000c21af880 00000000000000b2
0x00000047b80ff0a0:   00000047b80ff108 000001be4a308860
0x00000047b80ff0b0:   00007ffe587e2890 0000000000000000
0x00000047b80ff0c0:   00000047b80ff0c0 000001be97d5fa4d
0x00000047b80ff0d0:   0000000000000003 000001be97d708e0
0x00000047b80ff0e0:   0000000000000000 00000000c21b0f58
0x00000047b80ff0f0:   000001be97d5fa68 00000047b80ff0b0
0x00000047b80ff100:   00000047b80ff128 00000047b80ff170
0x00000047b80ff110:   000001be4a308860 00007ffe587e2890
0x00000047b80ff120:   0000000000000000 00000047b80ff128
0x00000047b80ff130:   000001be97c631b1 0000000000000002
0x00000047b80ff140:   000001be97c88000 0000000000000000
0x00000047b80ff150:   00000000c21c0738 000001be97c631d8
0x00000047b80ff160:   00000047b80ff128 00000047b80ff180
0x00000047b80ff170:   00000047b80ff1d0 000001be4a308860
0x00000047b80ff180:   00000000c2651c00 00000047b80ff188
0x00000047b80ff190:   000001be97c632c6 0000000000000002
0x00000047b80ff1a0:   000001be97c88000 0000000000000000
0x00000047b80ff1b0:   00000000c21c0738 000001be97c632f0
0x00000047b80ff1c0:   00000047b80ff180 00000047b80ff1e0
0x00000047b80ff1d0:   00000047b80ff230 000001be4a308d06 

Instructions: (pc=0x00007ffe587e7820)
0x00007ffe587e7720:   00 01 00 00 00 0f 11 05 8c 74 07 00 c7 05 9a 74
0x00007ffe587e7730:   07 00 00 00 00 80 0f 11 05 6b 74 07 00 c7 05 8d
0x00007ffe587e7740:   74 07 00 00 00 00 80 66 0f 6f 05 91 31 06 00 f3
0x00007ffe587e7750:   0f 7f 05 31 74 07 00 48 c7 05 b2 74 07 00 01 00
0x00007ffe587e7760:   00 00 48 89 05 5f 74 07 00 c7 05 25 74 07 00 18
0x00007ffe587e7770:   00 00 00 c7 05 1f 74 07 00 08 00 00 00 c7 05 39
0x00007ffe587e7780:   74 07 00 01 00 00 00 c7 05 cf 78 07 00 ff ff ff
0x00007ffe587e7790:   ff 48 83 c4 28 c3 cc cc cc cc cc cc cc cc cc cc
0x00007ffe587e77a0:   40 53 48 83 ec 20 83 3d 23 71 07 00 00 48 8b d9
0x00007ffe587e77b0:   75 11 33 d2 b9 01 00 01 00 48 83 c4 20 5b e9 ed
0x00007ffe587e77c0:   a6 ff ff 48 85 db 0f 84 a0 00 00 00 48 81 c1 38
0x00007ffe587e77d0:   03 00 00 33 d2 41 b8 a0 00 00 00 e8 f0 89 02 00
0x00007ffe587e77e0:   48 8d 0d bd 8a 07 00 e8 e4 49 00 00 48 3b d8 75
0x00007ffe587e77f0:   07 33 c9 e8 08 a5 ff ff 48 8b cb ff 15 07 72 07
0x00007ffe587e7800:   00 48 8b 0d 70 78 07 00 48 8d 15 69 78 07 00 48
0x00007ffe587e7810:   3b cb 74 1a 0f 1f 40 00 0f 1f 84 00 00 00 00 00
0x00007ffe587e7820:   48 8b 01 48 8b d1 48 8b c8 48 3b c3 75 f2 48 8b
0x00007ffe587e7830:   03 48 89 02 48 8b 8b e0 02 00 00 48 85 c9 74 05
0x00007ffe587e7840:   e8 7b ab ff ff 48 8b 8b f0 02 00 00 48 85 c9 74
0x00007ffe587e7850:   05 e8 6a ab ff ff 48 8b 4b 60 e8 61 ab ff ff 48
0x00007ffe587e7860:   8b cb 48 83 c4 20 5b e9 54 ab ff ff 48 83 c4 20
0x00007ffe587e7870:   5b c3 cc cc cc cc cc cc cc cc cc cc cc cc cc cc
0x00007ffe587e7880:   83 3d 49 70 07 00 00 75 0c 33 d2 b9 01 00 01 00
0x00007ffe587e7890:   e9 1b a6 ff ff 48 ff 25 fc 71 07 00 cc cc cc cc
0x00007ffe587e78a0:   33 c0 48 85 d2 74 02 89 02 4d 85 c0 74 03 41 89
0x00007ffe587e78b0:   00 39 05 19 70 07 00 75 0c 33 d2 b9 01 00 01 00
0x00007ffe587e78c0:   e9 eb a5 ff ff 48 ff 25 84 71 07 00 cc cc cc cc
0x00007ffe587e78d0:   48 83 ec 28 83 3d f5 6f 07 00 00 75 13 33 d2 b9
0x00007ffe587e78e0:   01 00 01 00 e8 c7 a5 ff ff 33 c0 48 83 c4 28 c3
0x00007ffe587e78f0:   81 fa 10 10 02 00 0f 8f a5 00 00 00 0f 84 97 00
0x00007ffe587e7900:   00 00 8d 82 ff ff fd ff 83 f8 0c 0f 87 2e 01 00
0x00007ffe587e7910:   00 48 98 4c 8d 05 e6 86 ff ff 41 8b 84 80 5c 7a 


Stack slot to memory mapping:

stack at sp + 0 slots: 0x00000047b80ff120 is pointing into the stack for thread: 0x000001bea03311d0
stack at sp + 1 slots: 0x00007ffe4d6ca30a jvm.dll
stack at sp + 2 slots: 0x00000047b80ff040 is pointing into the stack for thread: 0x000001bea03311d0
stack at sp + 3 slots: 0x000001be989c5630 is pointing into metadata
stack at sp + 4 slots: {method} {0x000001be97d22870} 'invokeV' '(J)V' in 'org/lwjgl/system/JNI'
stack at sp + 5 slots: 0x00007ffe587e28cc points into unknown readable memory: 48 8b 05 a5
stack at sp + 6 slots: 0x0000000000000110 is an unknown value
stack at sp + 7 slots: 0x00007ffe4d6c37ef jvm.dll


Compiled method (n/a) 105072 4235     n 0       org.lwjgl.system.JNI::invokeV (native)
 total in heap  [0x000001be4aa4e390,0x000001be4aa4e750] = 960
 relocation     [0x000001be4aa4e4f0,0x000001be4aa4e528] = 56
 main code      [0x000001be4aa4e540,0x000001be4aa4e745] = 517
 stub code      [0x000001be4aa4e745,0x000001be4aa4e748] = 3
 oops           [0x000001be4aa4e748,0x000001be4aa4e750] = 8

[Constant Pool (empty)]

[MachCode]
[Entry Point]
  # {method} {0x000001be97d22870} 'invokeV' '(J)V' in 'org/lwjgl/system/JNI'
  # parm0:    rdx:rdx   = long
  #           [sp+0x70]  (sp of caller)
  0x000001be4aa4e540: 448b 5208 | 49bb 0000 | 0055 be01 | 0000 4d03 | d349 3bc2 | 0f84 0600 

  0x000001be4aa4e558: ;   {runtime_call ic_miss_stub}
  0x000001be4aa4e558: 0000 e921 | 0290 ff90 
[Verified Entry Point]
  0x000001be4aa4e560: 8984 2400 | 80ff ff55 | 488b ec48 | 83ec 6090 | 4181 7f20 | 0300 0000 

  0x000001be4aa4e578: ;   {runtime_call StubRoutines (final stubs)}
  0x000001be4aa4e578: 7405 e8a1 | 828e ff4c 

  0x000001be4aa4e580: ;   {oop(a 'java/lang/Class'{0x00000000c21af880} = 'org/lwjgl/system/JNI')}
  0x000001be4aa4e580: 8bc2 49be | 80f8 1ac2 | 0000 0000 | 4c89 7424 | 504c 8d74 | 2450 498b 

  0x000001be4aa4e598: ; ImmutableOopMap {[80]=Oop }
                      ;   {section_word}
  0x000001be4aa4e598: d649 ba99 | e5a4 4abe | 0100 004d | 8997 a003 | 0000 4989 | a798 0300 

  0x000001be4aa4e5b0: ;   {external_word}
  0x000001be4aa4e5b0: 0049 bacf | 4dce 4dfe | 7f00 0041 | 803a 000f | 844a 0000 | 0052 4150 

  0x000001be4aa4e5c8: ;   {metadata({method} {0x000001be97d22870} 'invokeV' '(J)V' in 'org/lwjgl/system/JNI')}
  0x000001be4aa4e5c8: 48ba 6828 | d297 be01 | 0000 498b | cf48 83ec | 2040 f6c4 | 0f0f 8419 | 0000 0048 

  0x000001be4aa4e5e4: ;   {runtime_call}
  0x000001be4aa4e5e4: 83ec 0848 | b840 d577 | 4dfe 7f00 | 00ff d048 | 83c4 08e9 | 0c00 0000 

  0x000001be4aa4e5fc: ;   {runtime_call}
  0x000001be4aa4e5fc: 48b8 40d5 | 774d fe7f | 0000 ffd0 | 4883 c420 | 4158 5a49 | 8d8f b803 | 0000 41c7 | 8744 0400 
  0x000001be4aa4e61c: 0004 0000 

  0x000001be4aa4e620: ;   {runtime_call}
  0x000001be4aa4e620: 0048 b8b0 | 13b9 58fe | 7f00 00ff | d041 c787 | 4404 0000 | 0500 0000 | f083 4424 | c000 493b 
  0x000001be4aa4e640: af48 0400 | 000f 870e | 0000 0041 | 83bf 4004 | 0000 000f | 8420 0000 | 0049 8bcf | 4c8b e448 
  0x000001be4aa4e660: 83ec 2048 

  0x000001be4aa4e664: ;   {runtime_call}
  0x000001be4aa4e664: 83e4 f048 | b8e0 4b43 | 4dfe 7f00 | 00ff d049 | 8be4 4d33 | e441 c787 | 4404 0000 | 0800 0000 
  0x000001be4aa4e684: 4183 bfc0 | 0400 0002 | 0f84 9100 

  0x000001be4aa4e690: ;   {external_word}
  0x000001be4aa4e690: 0000 49ba | cf4d ce4d | fe7f 0000 | 4180 3a00 | 0f84 4400 

  0x000001be4aa4e6a4: ;   {metadata({method} {0x000001be97d22870} 'invokeV' '(J)V' in 'org/lwjgl/system/JNI')}
  0x000001be4aa4e6a4: 0000 48ba | 6828 d297 | be01 0000 | 498b cf48 | 83ec 2040 | f6c4 0f0f | 8419 0000 | 0048 83ec 
  0x000001be4aa4e6c4: ;   {runtime_call}
  0x000001be4aa4e6c4: 0848 b840 | d577 4dfe | 7f00 00ff | d048 83c4 | 08e9 0c00 

  0x000001be4aa4e6d8: ;   {runtime_call}
  0x000001be4aa4e6d8: 0000 48b8 | 40d5 774d | fe7f 0000 | ffd0 4883 | c420 49c7 | 8798 0300 | 0000 0000 | 0049 c787 
  0x000001be4aa4e6f8: a003 0000 | 0000 0000 | 498b 8f28 | 0400 00c7 | 8100 0100 | 0000 0000 | 00c9 4983 | 7f08 000f 
  0x000001be4aa4e718: 8501 0000 

  0x000001be4aa4e71c: ;   {runtime_call StubRoutines (initial stubs)}
  0x000001be4aa4e71c: 00c3 e9dd | 278b ff4c | 8be4 4883 | ec20 4883 

  0x000001be4aa4e72c: ;   {runtime_call}
  0x000001be4aa4e72c: e4f0 48b8 | 900c 784d | fe7f 0000 | ffd0 498b | e44d 33e4 | e94d ffff | fff4 f4f4 
[/MachCode]


---------------  P R O C E S S  ---------------

Threads class SMR info:
_java_thread_list=0x000001bea0859e30, length=21, elements={
0x000001be384b8ee0, 0x000001be961290a0, 0x000001be96129fb0, 0x000001be96134e60,
0x000001be961358b0, 0x000001be96136300, 0x000001be961371e0, 0x000001be9613a480,
0x000001be9613af30, 0x000001be962258e0, 0x000001be967afa40, 0x000001be9688a6f0,
0x000001be96b0c4b0, 0x000001be96b0cb10, 0x000001be96ca7910, 0x000001be96b44a70,
0x000001be96da7b70, 0x000001bea03311d0, 0x000001bea032f790, 0x000001bea03304b0,
0x000001bea032fe20
}

Java Threads: ( => current thread )
  0x000001be384b8ee0 JavaThread "main"                              [_thread_blocked, id=11808, stack(0x00000047b6100000,0x00000047b6200000) (1024K)]
  0x000001be961290a0 JavaThread "Reference Handler"          daemon [_thread_blocked, id=11656, stack(0x00000047b6900000,0x00000047b6a00000) (1024K)]
  0x000001be96129fb0 JavaThread "Finalizer"                  daemon [_thread_blocked, id=6516, stack(0x00000047b6a00000,0x00000047b6b00000) (1024K)]
  0x000001be96134e60 JavaThread "Signal Dispatcher"          daemon [_thread_blocked, id=8696, stack(0x00000047b6b00000,0x00000047b6c00000) (1024K)]
  0x000001be961358b0 JavaThread "Attach Listener"            daemon [_thread_blocked, id=10816, stack(0x00000047b6c00000,0x00000047b6d00000) (1024K)]
  0x000001be96136300 JavaThread "Service Thread"             daemon [_thread_blocked, id=196, stack(0x00000047b6d00000,0x00000047b6e00000) (1024K)]
  0x000001be961371e0 JavaThread "Monitor Deflation Thread"   daemon [_thread_blocked, id=5424, stack(0x00000047b6e00000,0x00000047b6f00000) (1024K)]
  0x000001be9613a480 JavaThread "C2 CompilerThread0"         daemon [_thread_blocked, id=4480, stack(0x00000047b6f00000,0x00000047b7000000) (1024K)]
  0x000001be9613af30 JavaThread "C1 CompilerThread0"         daemon [_thread_blocked, id=7532, stack(0x00000047b7000000,0x00000047b7100000) (1024K)]
  0x000001be962258e0 JavaThread "Common-Cleaner"             daemon [_thread_blocked, id=7312, stack(0x00000047b7100000,0x00000047b7200000) (1024K)]
  0x000001be967afa40 JavaThread "Notification Thread"        daemon [_thread_blocked, id=1440, stack(0x00000047b7300000,0x00000047b7400000) (1024K)]
  0x000001be9688a6f0 JavaThread "QuantumRenderer-0"          daemon [_thread_blocked, id=5456, stack(0x00000047b7400000,0x00000047b7500000) (1024K)]
  0x000001be96b0c4b0 JavaThread "InvokeLaterDispatcher"      daemon [_thread_blocked, id=8616, stack(0x00000047b7500000,0x00000047b7600000) (1024K)]
  0x000001be96b0cb10 JavaThread "JavaFX Application Thread"         [_thread_in_native, id=9848, stack(0x00000047b7600000,0x00000047b7700000) (1024K)]
  0x000001be96ca7910 JavaThread "JavaFX-Launcher"                   [_thread_blocked, id=4592, stack(0x00000047b7a00000,0x00000047b7b00000) (1024K)]
  0x000001be96b44a70 JavaThread "Thread-2"                   daemon [_thread_in_native, id=2080, stack(0x00000047b7900000,0x00000047b7a00000) (1024K)]
  0x000001be96da7b70 JavaThread "Prism Font Disposer"        daemon [_thread_blocked, id=7156, stack(0x00000047b7b00000,0x00000047b7c00000) (1024K)]
=>0x000001bea03311d0 JavaThread "jME3 Main"                  daemon [_thread_in_native, id=1504, stack(0x00000047b8000000,0x00000047b8100000) (1024K)]
  0x000001bea032f790 JavaThread "LWJGL Deallocator"          daemon [_thread_blocked, id=5464, stack(0x00000047b8400000,0x00000047b8500000) (1024K)]
  0x000001bea03304b0 JavaThread "Java2D Disposer"            daemon [_thread_blocked, id=9868, stack(0x00000047b8900000,0x00000047b8a00000) (1024K)]
  0x000001bea032fe20 JavaThread "Cleaner-0"                  daemon [_thread_blocked, id=5568, stack(0x00000047b8b00000,0x00000047b8c00000) (1024K)]
Total: 21

Other Threads:
  0x000001be3a771600 VMThread "VM Thread"                           [id=11872, stack(0x00000047b6800000,0x00000047b6900000) (1024K)]
  0x000001be9611bed0 WatcherThread "VM Periodic Task Thread"        [id=9592, stack(0x00000047b6700000,0x00000047b6800000) (1024K)]
  0x000001be3a6f33d0 WorkerThread "GC Thread#0"                     [id=7348, stack(0x00000047b6200000,0x00000047b6300000) (1024K)]
  0x000001be967af6a0 WorkerThread "GC Thread#1"                     [id=10620, stack(0x00000047b7200000,0x00000047b7300000) (1024K)]
  0x000001be3a6fc2e0 ConcurrentGCThread "G1 Main Marker"            [id=9444, stack(0x00000047b6300000,0x00000047b6400000) (1024K)]
  0x000001be3a6fe590 WorkerThread "G1 Conc#0"                       [id=6488, stack(0x00000047b6400000,0x00000047b6500000) (1024K)]
  0x000001be3a74fec0 ConcurrentGCThread "G1 Refine#0"               [id=11540, stack(0x00000047b6500000,0x00000047b6600000) (1024K)]
  0x000001be3a750a30 ConcurrentGCThread "G1 Service"                [id=10884, stack(0x00000047b6600000,0x00000047b6700000) (1024K)]
Total: 8

Threads with active compile tasks:
Total: 0

VM state: not at safepoint (normal execution)

VM Mutex/Monitor currently owned by a thread: None

Heap address: 0x00000000c1400000, size: 1004 MB, Compressed Oops mode: 32-bit

CDS archive(s) mapped at: [0x000001be55000000-0x000001be55c80000-0x000001be55c80000), size 13107200, SharedBaseAddress: 0x000001be55000000, ArchiveRelocationMode: 1.
Compressed class space mapped at: 0x000001be56000000-0x000001be96000000, reserved size: 1073741824
Narrow klass base: 0x000001be55000000, Narrow klass shift: 0, Narrow klass range: 0x100000000

GC Precious Log:
 CardTable entry size: 512
 Card Set container configuration: InlinePtr #cards 5 size 8 Array Of Cards #cards 12 size 40 Howl #buckets 4 coarsen threshold 1843 Howl Bitmap #cards 512 size 80 coarsen threshold 460 Card regions per heap region 1 cards per card region 2048
 CPUs: 2 total, 2 available
 Memory: 4011M
 Large Page Support: Disabled
 NUMA Support: Disabled
 Compressed Oops: Enabled (32-bit)
 Heap Region Size: 1M
 Heap Min Capacity: 8M
 Heap Initial Capacity: 64M
 Heap Max Capacity: 1004M
 Pre-touch: Disabled
 Parallel Workers: 2
 Concurrent Workers: 1
 Concurrent Refinement Workers: 2
 Periodic GC: Disabled

Heap:
 garbage-first heap   total 47104K, used 35510K [0x00000000c1400000, 0x0000000100000000)
  region size 1024K, 17 young (17408K), 2 survivors (2048K)
 Metaspace       used 29857K, committed 30272K, reserved 1114112K
  class space    used 3842K, committed 4032K, reserved 1048576K

Heap Regions: E=young(eden), S=young(survivor), O=old, HS=humongous(starts), HC=humongous(continues), CS=collection set, F=free, TAMS=top-at-mark-start, PB=parsable bottom
|   0|0x00000000c1400000, 0x00000000c1500000, 0x00000000c1500000|100%| O|  |TAMS 0x00000000c1400000| PB 0x00000000c1400000| Untracked 
|   1|0x00000000c1500000, 0x00000000c1600000, 0x00000000c1600000|100%|HS|  |TAMS 0x00000000c1500000| PB 0x00000000c1500000| Complete 
|   2|0x00000000c1600000, 0x00000000c1700000, 0x00000000c1700000|100%|HC|  |TAMS 0x00000000c1600000| PB 0x00000000c1600000| Complete 
|   3|0x00000000c1700000, 0x00000000c1800000, 0x00000000c1800000|100%|HC|  |TAMS 0x00000000c1700000| PB 0x00000000c1700000| Complete 
|   4|0x00000000c1800000, 0x00000000c1900000, 0x00000000c1900000|100%|HS|  |TAMS 0x00000000c1800000| PB 0x00000000c1800000| Complete 
|   5|0x00000000c1900000, 0x00000000c1a00000, 0x00000000c1a00000|100%| O|  |TAMS 0x00000000c1900000| PB 0x00000000c1900000| Untracked 
|   6|0x00000000c1a00000, 0x00000000c1b00000, 0x00000000c1b00000|100%| O|  |TAMS 0x00000000c1a00000| PB 0x00000000c1a00000| Untracked 
|   7|0x00000000c1b00000, 0x00000000c1c00000, 0x00000000c1c00000|100%| O|  |TAMS 0x00000000c1b00000| PB 0x00000000c1b00000| Untracked 
|   8|0x00000000c1c00000, 0x00000000c1d00000, 0x00000000c1d00000|100%| O|  |TAMS 0x00000000c1c00000| PB 0x00000000c1c00000| Untracked 
|   9|0x00000000c1d00000, 0x00000000c1e00000, 0x00000000c1e00000|100%| O|  |TAMS 0x00000000c1d00000| PB 0x00000000c1d00000| Untracked 
|  10|0x00000000c1e00000, 0x00000000c1f00000, 0x00000000c1f00000|100%| O|  |TAMS 0x00000000c1e00000| PB 0x00000000c1e00000| Untracked 
|  11|0x00000000c1f00000, 0x00000000c2000000, 0x00000000c2000000|100%|HS|  |TAMS 0x00000000c1f00000| PB 0x00000000c1f00000| Complete 
|  12|0x00000000c2000000, 0x00000000c2100000, 0x00000000c2100000|100%|HC|  |TAMS 0x00000000c2000000| PB 0x00000000c2000000| Complete 
|  13|0x00000000c2100000, 0x00000000c2200000, 0x00000000c2200000|100%| O|  |TAMS 0x00000000c2100000| PB 0x00000000c2100000| Untracked 
|  14|0x00000000c2200000, 0x00000000c2300000, 0x00000000c2300000|100%| O|  |TAMS 0x00000000c2200000| PB 0x00000000c2200000| Untracked 
|  15|0x00000000c2300000, 0x00000000c2400000, 0x00000000c2400000|100%| O|  |TAMS 0x00000000c2300000| PB 0x00000000c2300000| Untracked 
|  16|0x00000000c2400000, 0x00000000c2500000, 0x00000000c2500000|100%| O|  |TAMS 0x00000000c2400000| PB 0x00000000c2400000| Untracked 
|  17|0x00000000c2500000, 0x00000000c2587d80, 0x00000000c2600000| 53%| O|  |TAMS 0x00000000c2500000| PB 0x00000000c2500000| Untracked 
|  18|0x00000000c2600000, 0x00000000c2700000, 0x00000000c2700000|100%| O|  |TAMS 0x00000000c2600000| PB 0x00000000c2600000| Untracked 
|  19|0x00000000c2700000, 0x00000000c2700000, 0x00000000c2800000|  0%| F|  |TAMS 0x00000000c2700000| PB 0x00000000c2700000| Untracked 
|  20|0x00000000c2800000, 0x00000000c2800000, 0x00000000c2900000|  0%| F|  |TAMS 0x00000000c2800000| PB 0x00000000c2800000| Untracked 
|  21|0x00000000c2900000, 0x00000000c2925e58, 0x00000000c2a00000| 14%| S|CS|TAMS 0x00000000c2900000| PB 0x00000000c2900000| Complete 
|  22|0x00000000c2a00000, 0x00000000c2a00000, 0x00000000c2b00000|  0%| F|  |TAMS 0x00000000c2a00000| PB 0x00000000c2a00000| Untracked 
|  23|0x00000000c2b00000, 0x00000000c2c00000, 0x00000000c2c00000|100%| S|CS|TAMS 0x00000000c2b00000| PB 0x00000000c2b00000| Complete 
|  24|0x00000000c2c00000, 0x00000000c2c00000, 0x00000000c2d00000|  0%| F|  |TAMS 0x00000000c2c00000| PB 0x00000000c2c00000| Untracked 
|  25|0x00000000c2d00000, 0x00000000c2d00000, 0x00000000c2e00000|  0%| F|  |TAMS 0x00000000c2d00000| PB 0x00000000c2d00000| Untracked 
|  26|0x00000000c2e00000, 0x00000000c2e00000, 0x00000000c2f00000|  0%| F|  |TAMS 0x00000000c2e00000| PB 0x00000000c2e00000| Untracked 
|  27|0x00000000c2f00000, 0x00000000c2f00000, 0x00000000c3000000|  0%| F|  |TAMS 0x00000000c2f00000| PB 0x00000000c2f00000| Untracked 
|  28|0x00000000c3000000, 0x00000000c3000000, 0x00000000c3100000|  0%| F|  |TAMS 0x00000000c3000000| PB 0x00000000c3000000| Untracked 
|  29|0x00000000c3100000, 0x00000000c3100000, 0x00000000c3200000|  0%| F|  |TAMS 0x00000000c3100000| PB 0x00000000c3100000| Untracked 
|  30|0x00000000c3200000, 0x00000000c329e4b0, 0x00000000c3300000| 61%| E|  |TAMS 0x00000000c3200000| PB 0x00000000c3200000| Complete 
|  31|0x00000000c3300000, 0x00000000c3400000, 0x00000000c3400000|100%| E|CS|TAMS 0x00000000c3300000| PB 0x00000000c3300000| Complete 
|  32|0x00000000c3400000, 0x00000000c3500000, 0x00000000c3500000|100%| E|CS|TAMS 0x00000000c3400000| PB 0x00000000c3400000| Complete 
|  33|0x00000000c3500000, 0x00000000c3600000, 0x00000000c3600000|100%| E|CS|TAMS 0x00000000c3500000| PB 0x00000000c3500000| Complete 
|  34|0x00000000c3600000, 0x00000000c3700000, 0x00000000c3700000|100%| E|CS|TAMS 0x00000000c3600000| PB 0x00000000c3600000| Complete 
|  35|0x00000000c3700000, 0x00000000c3800000, 0x00000000c3800000|100%| E|CS|TAMS 0x00000000c3700000| PB 0x00000000c3700000| Complete 
|  36|0x00000000c3800000, 0x00000000c3900000, 0x00000000c3900000|100%| E|CS|TAMS 0x00000000c3800000| PB 0x00000000c3800000| Complete 
|  37|0x00000000c3900000, 0x00000000c3a00000, 0x00000000c3a00000|100%| E|CS|TAMS 0x00000000c3900000| PB 0x00000000c3900000| Complete 
|  38|0x00000000c3a00000, 0x00000000c3b00000, 0x00000000c3b00000|100%| E|CS|TAMS 0x00000000c3a00000| PB 0x00000000c3a00000| Complete 
|  39|0x00000000c3b00000, 0x00000000c3c00000, 0x00000000c3c00000|100%| E|CS|TAMS 0x00000000c3b00000| PB 0x00000000c3b00000| Complete 
|  40|0x00000000c3c00000, 0x00000000c3d00000, 0x00000000c3d00000|100%| E|CS|TAMS 0x00000000c3c00000| PB 0x00000000c3c00000| Complete 
|  41|0x00000000c3d00000, 0x00000000c3e00000, 0x00000000c3e00000|100%| E|CS|TAMS 0x00000000c3d00000| PB 0x00000000c3d00000| Complete 
|  42|0x00000000c3e00000, 0x00000000c3f00000, 0x00000000c3f00000|100%| E|CS|TAMS 0x00000000c3e00000| PB 0x00000000c3e00000| Complete 
|  43|0x00000000c3f00000, 0x00000000c4000000, 0x00000000c4000000|100%| E|CS|TAMS 0x00000000c3f00000| PB 0x00000000c3f00000| Complete 
|  63|0x00000000c5300000, 0x00000000c5400000, 0x00000000c5400000|100%| E|CS|TAMS 0x00000000c5300000| PB 0x00000000c5300000| Complete 
|1003|0x00000000fff00000, 0x0000000100000000, 0x0000000100000000|100%| O|  |TAMS 0x00000000fff00000| PB 0x00000000fff00000| Untracked 

Card table byte_map: [0x000001be3a480000,0x000001be3a680000] _byte_map_base: 0x000001be39e76000

Marking Bits: (CMBitMap*) 0x000001be3a6f3ad0
 Bits: [0x000001be51dd0000, 0x000001be52d80000)

Polling page: 0x000001be38440000

Metaspace:

Usage:
  Non-class:     25.41 MB used.
      Class:      3.75 MB used.
       Both:     29.16 MB used.

Virtual space:
  Non-class space:       64.00 MB reserved,      25.62 MB ( 40%) committed,  1 nodes.
      Class space:        1.00 GB reserved,       3.94 MB ( <1%) committed,  1 nodes.
             Both:        1.06 GB reserved,      29.56 MB (  3%) committed. 

Chunk freelists:
   Non-Class:  6.22 MB
       Class:  12.01 MB
        Both:  18.23 MB

MaxMetaspaceSize: unlimited
CompressedClassSpaceSize: 1.00 GB
Initial GC threshold: 21.00 MB
Current GC threshold: 35.25 MB
CDS: on
 - commit_granule_bytes: 65536.
 - commit_granule_words: 8192.
 - virtual_space_node_default_size: 8388608.
 - enlarge_chunks_in_place: 1.
 - use_allocation_guard: 0.


Internal statistics:

num_allocs_failed_limit: 5.
num_arena_births: 496.
num_arena_deaths: 0.
num_vsnodes_births: 2.
num_vsnodes_deaths: 0.
num_space_committed: 471.
num_space_uncommitted: 0.
num_chunks_returned_to_freelist: 5.
num_chunks_taken_from_freelist: 1552.
num_chunk_merges: 2.
num_chunk_splits: 1050.
num_chunks_enlarged: 791.
num_inconsistent_stats: 0.

CodeHeap 'non-profiled nmethods': size=120064Kb used=3130Kb max_used=3130Kb free=116933Kb
 bounds [0x000001be4a890000, 0x000001be4aba0000, 0x000001be51dd0000]
CodeHeap 'profiled nmethods': size=120000Kb used=11328Kb max_used=11328Kb free=108671Kb
 bounds [0x000001be42dd0000, 0x000001be438f0000, 0x000001be4a300000]
CodeHeap 'non-nmethods': size=5696Kb used=2415Kb max_used=2447Kb free=3280Kb
 bounds [0x000001be4a300000, 0x000001be4a570000, 0x000001be4a890000]
CodeCache: size=245760Kb, used=16873Kb, max_used=16905Kb, free=228884Kb
 total_blobs=7355, nmethods=5817, adapters=1442, full_count=0
Compilation: enabled, stopped_count=0, restarted_count=0

Compilation events (20 events):
Event: 97.581 Thread 0x000001be9613af30 5816       3       java.nio.IntBuffer::limit (6 bytes)
Event: 97.581 Thread 0x000001be9613af30 nmethod 5816 0x000001be438d7690 code [0x000001be438d7840, 0x000001be438d79f0]
Event: 97.582 Thread 0x000001be9613af30 5817       3       com.jme3.util.NativeObjectManager::deleteNativeObject (330 bytes)
Event: 97.587 Thread 0x000001be9613af30 nmethod 5817 0x000001be438d7b10 code [0x000001be438d7fc0, 0x000001be438da268]
Event: 97.588 Thread 0x000001be9613af30 5818       3       com.jme3.scene.VertexBuffer::deleteObject (11 bytes)
Event: 97.588 Thread 0x000001be9613af30 nmethod 5818 0x000001be438dad90 code [0x000001be438daf40, 0x000001be438db230]
Event: 97.588 Thread 0x000001be9613af30 5819       3       com.jme3.renderer.opengl.GLRenderer::deleteBuffer (51 bytes)
Event: 97.591 Thread 0x000001be9613af30 nmethod 5819 0x000001be438db310 code [0x000001be438db5a0, 0x000001be438dc170]
Event: 97.594 Thread 0x000001be9613a480 5820       4       com.jme3.scene.VertexBuffer::getUniqueId (14 bytes)
Event: 97.595 Thread 0x000001be9613a480 nmethod 5820 0x000001be4ab9e590 code [0x000001be4ab9e720, 0x000001be4ab9e7b8]
Event: 99.812 Thread 0x000001be9613af30 5821       3       java.lang.StackFrameInfo::getClassName (8 bytes)
Event: 99.813 Thread 0x000001be9613af30 nmethod 5821 0x000001be438dc610 code [0x000001be438dc7e0, 0x000001be438dcc20]
Event: 99.856 Thread 0x000001be9613af30 5822       3       java.util.Formatter$FormatSpecifier::checkBadFlags (24 bytes)
Event: 99.857 Thread 0x000001be9613af30 nmethod 5822 0x000001be438dcd90 code [0x000001be438dcf40, 0x000001be438dd0c0]
Event: 99.874 Thread 0x000001be9613af30 5823       3       java.util.stream.Sink::end (1 bytes)
Event: 99.874 Thread 0x000001be9613af30 nmethod 5823 0x000001be438dd190 code [0x000001be438dd320, 0x000001be438dd428]
Event: 99.874 Thread 0x000001be9613af30 5824       3       java.lang.Integer::parseInt (285 bytes)
Event: 99.878 Thread 0x000001be9613af30 nmethod 5824 0x000001be438dd490 code [0x000001be438dd8a0, 0x000001be438df080]
Event: 99.878 Thread 0x000001be9613af30 5825   !   3       java.util.Formatter$FormatSpecifier::index (53 bytes)
Event: 99.879 Thread 0x000001be9613af30 nmethod 5825 0x000001be438df990 code [0x000001be438dfb80, 0x000001be438dfe80]

GC Heap History (20 events):
Event: 1.016 GC heap before
{Heap before GC invocations=0 (full 0):
 garbage-first heap   total 65536K, used 5120K [0x00000000c1400000, 0x0000000100000000)
  region size 1024K, 6 young (6144K), 0 survivors (0K)
 Metaspace       used 448K, committed 640K, reserved 1114112K
  class space    used 19K, committed 128K, reserved 1048576K
}
Event: 1.025 GC heap after
{Heap after GC invocations=1 (full 0):
 garbage-first heap   total 65536K, used 792K [0x00000000c1400000, 0x0000000100000000)
  region size 1024K, 1 young (1024K), 1 survivors (1024K)
 Metaspace       used 448K, committed 640K, reserved 1114112K
  class space    used 19K, committed 128K, reserved 1048576K
}
Event: 2.425 GC heap before
{Heap before GC invocations=1 (full 0):
 garbage-first heap   total 65536K, used 7960K [0x00000000c1400000, 0x0000000100000000)
  region size 1024K, 8 young (8192K), 1 survivors (1024K)
 Metaspace       used 1992K, committed 2240K, reserved 1114112K
  class space    used 203K, committed 320K, reserved 1048576K
}
Event: 2.434 GC heap after
{Heap after GC invocations=2 (full 0):
 garbage-first heap   total 65536K, used 1772K [0x00000000c1400000, 0x0000000100000000)
  region size 1024K, 1 young (1024K), 1 survivors (1024K)
 Metaspace       used 1992K, committed 2240K, reserved 1114112K
  class space    used 203K, committed 320K, reserved 1048576K
}
Event: 4.027 GC heap before
{Heap before GC invocations=2 (full 0):
 garbage-first heap   total 65536K, used 10988K [0x00000000c1400000, 0x0000000100000000)
  region size 1024K, 11 young (11264K), 1 survivors (1024K)
 Metaspace       used 4900K, committed 5056K, reserved 1114112K
  class space    used 556K, committed 640K, reserved 1048576K
}
Event: 4.037 GC heap after
{Heap after GC invocations=3 (full 0):
 garbage-first heap   total 65536K, used 2768K [0x00000000c1400000, 0x0000000100000000)
  region size 1024K, 2 young (2048K), 2 survivors (2048K)
 Metaspace       used 4900K, committed 5056K, reserved 1114112K
  class space    used 556K, committed 640K, reserved 1048576K
}
Event: 15.435 GC heap before
{Heap before GC invocations=3 (full 0):
 garbage-first heap   total 65536K, used 42704K [0x00000000c1400000, 0x0000000100000000)
  region size 1024K, 38 young (38912K), 2 survivors (2048K)
 Metaspace       used 12803K, committed 13120K, reserved 1114112K
  class space    used 1817K, committed 1984K, reserved 1048576K
}
Event: 15.462 GC heap after
{Heap after GC invocations=4 (full 0):
 garbage-first heap   total 65536K, used 10870K [0x00000000c1400000, 0x0000000100000000)
  region size 1024K, 5 young (5120K), 5 survivors (5120K)
 Metaspace       used 12803K, committed 13120K, reserved 1114112K
  class space    used 1817K, committed 1984K, reserved 1048576K
}
Event: 22.563 GC heap before
{Heap before GC invocations=4 (full 0):
 garbage-first heap   total 65536K, used 31350K [0x00000000c1400000, 0x0000000100000000)
  region size 1024K, 27 young (27648K), 5 survivors (5120K)
 Metaspace       used 21251K, committed 21504K, reserved 1114112K
  class space    used 2485K, committed 2624K, reserved 1048576K
}
Event: 22.598 GC heap after
{Heap after GC invocations=5 (full 0):
 garbage-first heap   total 65536K, used 13312K [0x00000000c1400000, 0x0000000100000000)
  region size 1024K, 2 young (2048K), 2 survivors (2048K)
 Metaspace       used 21251K, committed 21504K, reserved 1114112K
  class space    used 2485K, committed 2624K, reserved 1048576K
}
Event: 26.951 GC heap before
{Heap before GC invocations=6 (full 0):
 garbage-first heap   total 45056K, used 36864K [0x00000000c1400000, 0x0000000100000000)
  region size 1024K, 26 young (26624K), 2 survivors (2048K)
 Metaspace       used 26228K, committed 26560K, reserved 1114112K
  class space    used 3467K, committed 3584K, reserved 1048576K
}
Event: 26.983 GC heap after
{Heap after GC invocations=7 (full 0):
 garbage-first heap   total 45056K, used 15360K [0x00000000c1400000, 0x0000000100000000)
  region size 1024K, 4 young (4096K), 4 survivors (4096K)
 Metaspace       used 26228K, committed 26560K, reserved 1114112K
  class space    used 3467K, committed 3584K, reserved 1048576K
}
Event: 40.117 GC heap before
{Heap before GC invocations=7 (full 0):
 garbage-first heap   total 45056K, used 38912K [0x00000000c1400000, 0x0000000100000000)
  region size 1024K, 26 young (26624K), 4 survivors (4096K)
 Metaspace       used 28752K, committed 29120K, reserved 1114112K
  class space    used 3794K, committed 3968K, reserved 1048576K
}
Event: 40.147 GC heap after
{Heap after GC invocations=8 (full 0):
 garbage-first heap   total 47104K, used 19524K [0x00000000c1400000, 0x0000000100000000)
  region size 1024K, 4 young (4096K), 4 survivors (4096K)
 Metaspace       used 28752K, committed 29120K, reserved 1114112K
  class space    used 3794K, committed 3968K, reserved 1048576K
}
Event: 70.905 GC heap before
{Heap before GC invocations=8 (full 0):
 garbage-first heap   total 47104K, used 40004K [0x00000000c1400000, 0x0000000100000000)
  region size 1024K, 24 young (24576K), 4 survivors (4096K)
 Metaspace       used 29397K, committed 29824K, reserved 1114112K
  class space    used 3834K, committed 4032K, reserved 1048576K
}
Event: 70.937 GC heap after
{Heap after GC invocations=9 (full 0):
 garbage-first heap   total 47104K, used 20480K [0x00000000c1400000, 0x0000000100000000)
  region size 1024K, 1 young (1024K), 1 survivors (1024K)
 Metaspace       used 29397K, committed 29824K, reserved 1114112K
  class space    used 3834K, committed 4032K, reserved 1048576K
}
Event: 81.544 GC heap before
{Heap before GC invocations=9 (full 0):
 garbage-first heap   total 47104K, used 40960K [0x00000000c1400000, 0x0000000100000000)
  region size 1024K, 21 young (21504K), 1 survivors (1024K)
 Metaspace       used 29702K, committed 30144K, reserved 1114112K
  class space    used 3835K, committed 4032K, reserved 1048576K
}
Event: 81.561 GC heap after
{Heap after GC invocations=10 (full 0):
 garbage-first heap   total 47104K, used 21295K [0x00000000c1400000, 0x0000000100000000)
  region size 1024K, 2 young (2048K), 2 survivors (2048K)
 Metaspace       used 29702K, committed 30144K, reserved 1114112K
  class space    used 3835K, committed 4032K, reserved 1048576K
}
Event: 91.115 GC heap before
{Heap before GC invocations=10 (full 0):
 garbage-first heap   total 47104K, used 41775K [0x00000000c1400000, 0x0000000100000000)
  region size 1024K, 22 young (22528K), 2 survivors (2048K)
 Metaspace       used 29745K, committed 30208K, reserved 1114112K
  class space    used 3835K, committed 4032K, reserved 1048576K
}
Event: 91.125 GC heap after
{Heap after GC invocations=11 (full 0):
 garbage-first heap   total 47104K, used 21174K [0x00000000c1400000, 0x0000000100000000)
  region size 1024K, 2 young (2048K), 2 survivors (2048K)
 Metaspace       used 29745K, committed 30208K, reserved 1114112K
  class space    used 3835K, committed 4032K, reserved 1048576K
}

Dll operation events (20 events):
Event: 2.077 Loaded shared library C:\Users\Dell\.openjfx\cache\21+31\amd64\api-ms-win-crt-process-l1-1-0.dll
Event: 2.094 Loaded shared library C:\Users\Dell\.openjfx\cache\21+31\amd64\api-ms-win-crt-runtime-l1-1-0.dll
Event: 2.106 Loaded shared library C:\Users\Dell\.openjfx\cache\21+31\amd64\api-ms-win-crt-stdio-l1-1-0.dll
Event: 2.117 Loaded shared library C:\Users\Dell\.openjfx\cache\21+31\amd64\api-ms-win-crt-string-l1-1-0.dll
Event: 2.181 Loaded shared library C:\Users\Dell\.openjfx\cache\21+31\amd64\api-ms-win-crt-time-l1-1-0.dll
Event: 2.192 Loaded shared library C:\Users\Dell\.openjfx\cache\21+31\amd64\api-ms-win-crt-utility-l1-1-0.dll
Event: 2.246 Loaded shared library C:\Users\Dell\.openjfx\cache\21+31\amd64\ucrtbase.dll
Event: 2.268 Loaded shared library C:\Users\Dell\.openjfx\cache\21+31\amd64\vcruntime140.dll
Event: 2.282 Loaded shared library C:\Users\Dell\.openjfx\cache\21+31\amd64\vcruntime140_1.dll
Event: 2.310 Loaded shared library C:\Users\Dell\.openjfx\cache\21+31\amd64\msvcp140.dll
Event: 2.323 Loaded shared library C:\Users\Dell\.openjfx\cache\21+31\amd64\msvcp140_1.dll
Event: 2.337 Loaded shared library C:\Users\Dell\.openjfx\cache\21+31\amd64\msvcp140_2.dll
Event: 2.638 Loaded shared library C:\Users\Dell\.openjfx\cache\21+31\amd64\prism_d3d.dll
Event: 2.853 Loaded shared library C:\Users\Dell\.openjfx\cache\21+31\amd64\glass.dll
Event: 3.631 Loaded shared library C:\Program Files\Java\jdk-21.0.9+10\bin\jimage.dll
Event: 3.703 Loaded shared library C:\Users\Dell\.openjfx\cache\21+31\amd64\javafx_font.dll
Event: 4.289 Loaded shared library C:\Users\Dell\.openjfx\cache\21+31\amd64\javafx_iio.dll
Event: 16.239 Loaded shared library C:\Users\Dell\AppData\Local\Temp\lwjgl_Dell\3.3.6+1\x64\lwjgl.dll
Event: 17.141 Loaded shared library C:\Users\Dell\AppData\Local\Temp\lwjgl_Dell\3.3.6+1\x64\lwjgl_opengl.dll
Event: 19.247 Loaded shared library C:\Program Files\Java\jdk-21.0.9+10\bin\awt.dll

Deoptimization events (20 events):
Event: 78.721 Thread 0x000001bea03311d0 DEOPT PACKING pc=0x000001be434ccd2d sp=0x00000047b80fec10
Event: 78.721 Thread 0x000001bea03311d0 DEOPT UNPACKING pc=0x000001be4a354b23 sp=0x00000047b80fe0a8 mode 0
Event: 86.571 Thread 0x000001be96b0cb10 Uncommon trap: trap_request=0xffffffd6 fr.pc=0x000001be4ab4c798 relative=0x0000000000000ef8
Event: 86.571 Thread 0x000001be96b0cb10 Uncommon trap: reason=array_check action=maybe_recompile pc=0x000001be4ab4c798 method=javafx.css.SimpleSelector.applies(Ljavafx/css/Styleable;[Ljava/util/Set;I)Z @ 37 c2
Event: 86.571 Thread 0x000001be96b0cb10 DEOPT PACKING pc=0x000001be4ab4c798 sp=0x00000047b76fc880
Event: 86.571 Thread 0x000001be96b0cb10 DEOPT UNPACKING pc=0x000001be4a35439c sp=0x00000047b76fc858 mode 2
Event: 89.214 Thread 0x000001bea032f100 DEOPT PACKING pc=0x000001be434a3160 sp=0x00000047b88ff1a0
Event: 89.215 Thread 0x000001bea032f100 DEOPT UNPACKING pc=0x000001be4a354b23 sp=0x00000047b88fe660 mode 0
Event: 97.122 Thread 0x000001be96b0cb10 Uncommon trap: trap_request=0xffffffd6 fr.pc=0x000001be4ab4c798 relative=0x0000000000000ef8
Event: 97.123 Thread 0x000001be96b0cb10 Uncommon trap: reason=array_check action=maybe_recompile pc=0x000001be4ab4c798 method=javafx.css.SimpleSelector.applies(Ljavafx/css/Styleable;[Ljava/util/Set;I)Z @ 37 c2
Event: 97.123 Thread 0x000001be96b0cb10 DEOPT PACKING pc=0x000001be4ab4c798 sp=0x00000047b76fc9d0
Event: 97.123 Thread 0x000001be96b0cb10 DEOPT UNPACKING pc=0x000001be4a35439c sp=0x00000047b76fc9a8 mode 2
Event: 97.234 Thread 0x000001be96b0cb10 Uncommon trap: trap_request=0xffffffd6 fr.pc=0x000001be4ab4c798 relative=0x0000000000000ef8
Event: 97.234 Thread 0x000001be96b0cb10 Uncommon trap: reason=array_check action=maybe_recompile pc=0x000001be4ab4c798 method=javafx.css.SimpleSelector.applies(Ljavafx/css/Styleable;[Ljava/util/Set;I)Z @ 37 c2
Event: 97.234 Thread 0x000001be96b0cb10 DEOPT PACKING pc=0x000001be4ab4c798 sp=0x00000047b76fc9c0
Event: 97.234 Thread 0x000001be96b0cb10 DEOPT UNPACKING pc=0x000001be4a35439c sp=0x00000047b76fc998 mode 2
Event: 97.443 Thread 0x000001bea032ea70 Uncommon trap: trap_request=0xffffffcc fr.pc=0x000001be4ab53774 relative=0x00000000000001b4
Event: 97.443 Thread 0x000001bea032ea70 Uncommon trap: reason=intrinsic_or_type_checked_inlining action=make_not_entrant pc=0x000001be4ab53774 method=java.util.Arrays.copyOf([Ljava/lang/Object;ILjava/lang/Class;)[Ljava/lang/Object; @ 35 c2
Event: 97.443 Thread 0x000001bea032ea70 DEOPT PACKING pc=0x000001be4ab53774 sp=0x00000047b5efe8f0
Event: 97.443 Thread 0x000001bea032ea70 DEOPT UNPACKING pc=0x000001be4a35439c sp=0x00000047b5efe898 mode 2

Classes loaded (20 events):
Event: 33.145 Loading class sun/util/locale/provider/BreakIteratorProviderImpl$CharacterIteratorCharSequence
Event: 33.146 Loading class sun/util/locale/provider/BreakIteratorProviderImpl$CharacterIteratorCharSequence done
Event: 33.146 Loading class java/text/BreakIterator$BreakIteratorCache
Event: 33.146 Loading class java/text/BreakIterator$BreakIteratorCache done
Event: 33.147 Loading class jdk/internal/util/regex/Grapheme
Event: 33.148 Loading class jdk/internal/util/regex/Grapheme done
Event: 38.636 Loading class java/lang/Throwable$WrappedPrintStream
Event: 38.636 Loading class java/lang/Throwable$PrintStreamOrWriter
Event: 38.637 Loading class java/lang/Throwable$PrintStreamOrWriter done
Event: 38.637 Loading class java/lang/Throwable$WrappedPrintStream done
Event: 70.072 Loading class java/lang/FdLibm$Atan2
Event: 70.072 Loading class java/lang/FdLibm$Atan2 done
Event: 99.813 Loading class java/io/PrintWriter
Event: 99.815 Loading class java/io/PrintWriter done
Event: 99.815 Loading class java/io/PrintWriter$1
Event: 99.815 Loading class jdk/internal/access/JavaIOPrintWriterAccess
Event: 99.815 Loading class jdk/internal/access/JavaIOPrintWriterAccess done
Event: 99.815 Loading class java/io/PrintWriter$1 done
Event: 99.815 Loading class java/lang/Throwable$WrappedPrintWriter
Event: 99.816 Loading class java/lang/Throwable$WrappedPrintWriter done

Classes unloaded (0 events):
No events

Classes redefined (0 events):
No events

Internal exceptions (20 events):
Event: 27.168 Thread 0x000001be96b0cb10 Implicit null exception at 0x000001be4a93db5e to 0x000001be4a93dbdc
Event: 27.246 Thread 0x000001be96b0cb10 Exception <a 'java/lang/ClassCastException'{0x00000000c3d1f898}: class java.lang.String cannot be cast to class javafx.css.ParsedValue (java.lang.String is in module java.base of loader 'bootstrap'; javafx.css.ParsedValue is in module javafx.graphics@21 of loader 'app')> (0x00000000c3d1f898) 
thrown [s\src\hotspot\share\interpreter\interpreterRuntime.cpp, line 455]
Event: 27.285 Thread 0x000001be96b0cb10 Exception <a 'java/lang/ClassCastException'{0x00000000c3d3c000}: class java.lang.String cannot be cast to class javafx.css.ParsedValue (java.lang.String is in module java.base of loader 'bootstrap'; javafx.css.ParsedValue is in module javafx.graphics@21 of loader 'app')> (0x00000000c3d3c000) 
thrown [s\src\hotspot\share\interpreter\interpreterRuntime.cpp, line 455]
Event: 27.288 Thread 0x000001be96b0cb10 Exception <a 'java/lang/ClassCastException'{0x00000000c3d41060}: class java.lang.String cannot be cast to class javafx.css.ParsedValue (java.lang.String is in module java.base of loader 'bootstrap'; javafx.css.ParsedValue is in module javafx.graphics@21 of loader 'app')> (0x00000000c3d41060) 
thrown [s\src\hotspot\share\interpreter\interpreterRuntime.cpp, line 455]
Event: 27.302 Thread 0x000001be96b0cb10 Exception <a 'java/lang/ClassCastException'{0x00000000c3d56c48}: class java.lang.String cannot be cast to class javafx.css.ParsedValue (java.lang.String is in module java.base of loader 'bootstrap'; javafx.css.ParsedValue is in module javafx.graphics@21 of loader 'app')> (0x00000000c3d56c48) 
thrown [s\src\hotspot\share\interpreter\interpreterRuntime.cpp, line 455]
Event: 27.349 Thread 0x000001be96b0cb10 Exception <a 'java/io/FileNotFoundException'{0x00000000c3d92dc0}> (0x00000000c3d92dc0) 
thrown [s\src\hotspot\share\prims\jni.cpp, line 520]
Event: 27.902 Thread 0x000001be96b0cb10 Exception <a 'java/lang/NoSuchMethodError'{0x00000000c3a002f8}: 'void java.lang.invoke.DirectMethodHandle$Holder.invokeVirtual(java.lang.Object, java.lang.Object)'> (0x00000000c3a002f8) 
thrown [s\src\hotspot\share\interpreter\linkResolver.cpp, line 773]
Event: 28.040 Thread 0x000001be96b0cb10 Exception <a 'java/lang/NoSuchMethodError'{0x00000000c3a49d48}: 'java.lang.Object java.lang.invoke.DirectMethodHandle$Holder.invokeStatic(java.lang.Object, int, java.lang.Object)'> (0x00000000c3a49d48) 
thrown [s\src\hotspot\share\interpreter\linkResolver.cpp, line 773]
Event: 32.244 Thread 0x000001be96b0cb10 Exception <a 'java/lang/NoSuchMethodError'{0x00000000c354bae8}: 'void java.lang.invoke.DirectMethodHandle$Holder.invokeInterface(java.lang.Object, java.lang.Object)'> (0x00000000c354bae8) 
thrown [s\src\hotspot\share\interpreter\linkResolver.cpp, line 773]
Event: 32.801 Thread 0x000001be96b0cb10 Exception <a 'java/lang/NoSuchMethodError'{0x00000000c3438cf8}: 'java.lang.Object java.lang.invoke.DirectMethodHandle$Holder.invokeStatic(java.lang.Object, java.lang.Object, java.lang.Object, int, java.lang.Object, java.lang.Object, java.lang.Object, java.lang.Object)'> (0x00000000c3438cf8) 
thrown [s\src\hotspot\share\interpreter\linkResolver.cpp, line 773]
Event: 32.996 Thread 0x000001be96b0cb10 Exception <a 'java/lang/NoSuchMethodError'{0x00000000c34b5120}: 'int java.lang.invoke.DirectMethodHandle$Holder.invokeVirtual(java.lang.Object, java.lang.Object)'> (0x00000000c34b5120) 
thrown [s\src\hotspot\share\interpreter\linkResolver.cpp, line 773]
Event: 33.406 Thread 0x000001be96b0cb10 Exception <a 'java/lang/NoSuchMethodError'{0x00000000c3369af0}: 'java.lang.Object java.lang.invoke.DirectMethodHandle$Holder.invokeStatic(java.lang.Object, double, java.lang.Object)'> (0x00000000c3369af0) 
thrown [s\src\hotspot\share\interpreter\linkResolver.cpp, line 773]
Event: 33.409 Thread 0x000001be96b0cb10 Exception <a 'java/lang/NoSuchMethodError'{0x00000000c336f750}: 'java.lang.Object java.lang.invoke.DirectMethodHandle$Holder.newInvokeSpecial(java.lang.Object, double)'> (0x00000000c336f750) 
thrown [s\src\hotspot\share\interpreter\linkResolver.cpp, line 773]
Event: 33.922 Thread 0x000001bea03311d0 Implicit null exception at 0x000001be4aa3c498 to 0x000001be4aa3c698
Event: 39.475 Thread 0x000001bea03311d0 Implicit null exception at 0x000001be4aa9b2da to 0x000001be4aa9b4e4
Event: 69.105 Thread 0x000001be96b0cb10 Exception <a 'java/lang/NoSuchMethodError'{0x00000000c310e528}: 'java.lang.Object java.lang.invoke.DirectMethodHandle$Holder.invokeInterface(java.lang.Object, java.lang.Object, java.lang.Object, java.lang.Object)'> (0x00000000c310e528) 
thrown [s\src\hotspot\share\interpreter\linkResolver.cpp, line 773]
Event: 69.153 Thread 0x000001be96b0cb10 Exception <a 'java/lang/NoSuchMethodError'{0x00000000c30474b0}: 'java.lang.Object java.lang.invoke.DirectMethodHandle$Holder.invokeSpecialIFC(java.lang.Object, java.lang.Object, java.lang.Object, java.lang.Object, java.lang.Object)'> (0x00000000c30474b0) 
thrown [s\src\hotspot\share\interpreter\linkResolver.cpp, line 773]
Event: 70.126 Thread 0x000001be9688a6f0 Exception <a 'java/lang/NoSuchMethodError'{0x00000000c2d0f2e8}: 'java.lang.Object java.lang.invoke.DirectMethodHandle$Holder.invokeStaticInit(java.lang.Object, int)'> (0x00000000c2d0f2e8) 
thrown [s\src\hotspot\share\interpreter\linkResolver.cpp, line 773]
Event: 97.236 Thread 0x000001be96b0cb10 Exception <a 'java/lang/NoSuchMethodError'{0x00000000c34ab650}: 'void java.lang.invoke.DirectMethodHandle$Holder.invokeStatic(java.lang.Object, int)'> (0x00000000c34ab650) 
thrown [s\src\hotspot\share\interpreter\linkResolver.cpp, line 773]
Event: 97.356 Thread 0x000001bea032f100 Exception <a 'java/lang/InterruptedException'{0x00000000c3250ab0}: sleep interrupted> (0x00000000c3250ab0) 
thrown [s\src\hotspot\share\prims\jvm.cpp, line 3087]

ZGC Phase Switch (0 events):
No events

VM Operations (20 events):
Event: 84.582 Executing VM operation: Cleanup
Event: 84.587 Executing VM operation: Cleanup done
Event: 86.587 Executing VM operation: Cleanup
Event: 86.587 Executing VM operation: Cleanup done
Event: 87.588 Executing VM operation: Cleanup
Event: 87.588 Executing VM operation: Cleanup done
Event: 89.589 Executing VM operation: Cleanup
Event: 89.592 Executing VM operation: Cleanup done
Event: 91.115 Executing VM operation: G1CollectForAllocation (G1 Evacuation Pause)
Event: 91.125 Executing VM operation: G1CollectForAllocation (G1 Evacuation Pause) done
Event: 92.125 Executing VM operation: Cleanup
Event: 92.125 Executing VM operation: Cleanup done
Event: 93.125 Executing VM operation: Cleanup
Event: 93.146 Executing VM operation: Cleanup done
Event: 96.148 Executing VM operation: Cleanup
Event: 96.153 Executing VM operation: Cleanup done
Event: 97.153 Executing VM operation: Cleanup
Event: 97.154 Executing VM operation: Cleanup done
Event: 99.155 Executing VM operation: Cleanup
Event: 99.155 Executing VM operation: Cleanup done

Memory protections (0 events):
No events

Nmethod flushes (0 events):
No events

Events (20 events):
Event: 0.497 Thread 0x000001be384b8ee0 Thread added: 0x000001be962258e0
Event: 1.029 Thread 0x000001be384b8ee0 Thread added: 0x000001be967afa40
Event: 2.600 Thread 0x000001be384b8ee0 Thread added: 0x000001be9688a6f0
Event: 2.864 Thread 0x000001be384b8ee0 Thread added: 0x000001be96b0c4b0
Event: 2.894 Thread 0x000001be384b8ee0 Thread added: 0x000001be96b0cb10
Event: 3.363 Thread 0x000001be384b8ee0 Thread added: 0x000001be96ca7910
Event: 3.368 Thread 0x000001be96b44a70 Thread added: 0x000001be96b44a70
Event: 4.084 Thread 0x000001be96b0cb10 Thread added: 0x000001be96da7b70
Event: 15.227 Thread 0x000001be96b0cb10 Thread added: 0x000001be969d2c80
Event: 16.093 Thread 0x000001be969d2c80 Thread added: 0x000001bea03311d0
Event: 16.094 Thread 0x000001be969d2c80 Thread exited: 0x000001be969d2c80
Event: 18.637 Thread 0x000001bea03311d0 Thread added: 0x000001bea032f790
Event: 20.961 Thread 0x000001bea03311d0 Thread added: 0x000001bea032f100
Event: 21.419 Thread 0x000001bea03311d0 Thread added: 0x000001bea03304b0
Event: 28.614 Thread 0x000001be9688a6f0 Thread added: 0x000001bea032fe20
Event: 97.238 Thread 0x000001be96b0cb10 Thread added: 0x000001bea032ea70
Event: 97.357 Thread 0x000001bea032f100 Thread exited: 0x000001bea032f100
Event: 97.448 Thread 0x000001bea032ea70 Thread added: 0x000001bea032f100
Event: 97.448 Thread 0x000001bea032ea70 Thread exited: 0x000001bea032ea70
Event: 99.875 Thread 0x000001bea032f100 Thread exited: 0x000001bea032f100


Dynamic libraries:
0x00007ff747580000 - 0x00007ff74758e000 	C:\Program Files\Java\jdk-21.0.9+10\bin\java.exe
0x00007ffe85f50000 - 0x00007ffe86148000 	C:\Windows\SYSTEM32\ntdll.dll
0x00007ffe847d0000 - 0x00007ffe84892000 	C:\Windows\System32\KERNEL32.DLL
0x00007ffe83810000 - 0x00007ffe83b06000 	C:\Windows\System32\KERNELBASE.dll
0x00007ffe83710000 - 0x00007ffe83810000 	C:\Windows\System32\ucrtbase.dll
0x00007ffe6ff00000 - 0x00007ffe6ff1e000 	C:\Program Files\Java\jdk-21.0.9+10\bin\VCRUNTIME140.dll
0x00007ffe707d0000 - 0x00007ffe707e8000 	C:\Program Files\Java\jdk-21.0.9+10\bin\jli.dll
0x00007ffe85270000 - 0x00007ffe85411000 	C:\Windows\System32\USER32.dll
0x00007ffe83b10000 - 0x00007ffe83b32000 	C:\Windows\System32\win32u.dll
0x00007ffe84270000 - 0x00007ffe8429b000 	C:\Windows\System32\GDI32.dll
0x00007ffe83da0000 - 0x00007ffe83eb9000 	C:\Windows\System32\gdi32full.dll
0x00007ffe74220000 - 0x00007ffe744bb000 	C:\Windows\WinSxS\amd64_microsoft.windows.common-controls_6595b64144ccf1df_6.0.19041.6456_none_60b8a6cb71f64256\COMCTL32.dll
0x00007ffe85420000 - 0x00007ffe854be000 	C:\Windows\System32\msvcrt.dll
0x00007ffe83670000 - 0x00007ffe8370d000 	C:\Windows\System32\msvcp_win.dll
0x00007ffe84b10000 - 0x00007ffe84b3f000 	C:\Windows\System32\IMM32.DLL
0x00007ffe73c30000 - 0x00007ffe73c3c000 	C:\Program Files\Java\jdk-21.0.9+10\bin\vcruntime140_1.dll
0x00007ffe60e00000 - 0x00007ffe60e8d000 	C:\Program Files\Java\jdk-21.0.9+10\bin\msvcp140.dll
0x00007ffe4d040000 - 0x00007ffe4dde0000 	C:\Program Files\Java\jdk-21.0.9+10\bin\server\jvm.dll
0x00007ffe85e50000 - 0x00007ffe85f01000 	C:\Windows\System32\ADVAPI32.dll
0x00007ffe85060000 - 0x00007ffe850ff000 	C:\Windows\System32\sechost.dll
0x00007ffe83f70000 - 0x00007ffe84090000 	C:\Windows\System32\RPCRT4.dll
0x00007ffe83ca0000 - 0x00007ffe83cc7000 	C:\Windows\System32\bcrypt.dll
0x00007ffe85570000 - 0x00007ffe855db000 	C:\Windows\System32\WS2_32.dll
0x00007ffe83440000 - 0x00007ffe8348b000 	C:\Windows\SYSTEM32\POWRPROF.dll
0x00007ffe6fc20000 - 0x00007ffe6fc47000 	C:\Windows\SYSTEM32\WINMM.dll
0x00007ffe72b60000 - 0x00007ffe72b6a000 	C:\Windows\SYSTEM32\VERSION.dll
0x00007ffe83420000 - 0x00007ffe83432000 	C:\Windows\SYSTEM32\UMPDC.dll
0x00007ffe81410000 - 0x00007ffe81422000 	C:\Windows\SYSTEM32\kernel.appcore.dll
0x00007ffe70e70000 - 0x00007ffe70e7a000 	C:\Program Files\Java\jdk-21.0.9+10\bin\jimage.dll
0x00007ffe6e790000 - 0x00007ffe6e991000 	C:\Windows\SYSTEM32\DBGHELP.DLL
0x00007ffe695b0000 - 0x00007ffe695e4000 	C:\Windows\SYSTEM32\dbgcore.DLL
0x00007ffe835e0000 - 0x00007ffe83662000 	C:\Windows\System32\bcryptPrimitives.dll
0x00007ffe6ab00000 - 0x00007ffe6ab20000 	C:\Program Files\Java\jdk-21.0.9+10\bin\java.dll
0x00007ffe855e0000 - 0x00007ffe85d50000 	C:\Windows\System32\SHELL32.dll
0x00007ffe81610000 - 0x00007ffe81db5000 	C:\Windows\SYSTEM32\windows.storage.dll
0x00007ffe842a0000 - 0x00007ffe845f4000 	C:\Windows\System32\combase.dll
0x00007ffe82e50000 - 0x00007ffe82e7b000 	C:\Windows\SYSTEM32\Wldp.dll
0x00007ffe848a0000 - 0x00007ffe8496d000 	C:\Windows\System32\OLEAUT32.dll
0x00007ffe84fb0000 - 0x00007ffe8505d000 	C:\Windows\System32\SHCORE.dll
0x00007ffe84210000 - 0x00007ffe8426b000 	C:\Windows\System32\shlwapi.dll
0x00007ffe83510000 - 0x00007ffe83534000 	C:\Windows\SYSTEM32\profapi.dll
0x00007ffe5b980000 - 0x00007ffe5ba57000 	C:\Program Files\Java\jdk-21.0.9+10\bin\jsvml.dll
0x00007ffe6c990000 - 0x00007ffe6c9a0000 	C:\Program Files\Java\jdk-21.0.9+10\bin\net.dll
0x00007ffe75600000 - 0x00007ffe7570a000 	C:\Windows\SYSTEM32\WINHTTP.dll
0x00007ffe82c30000 - 0x00007ffe82c9a000 	C:\Windows\system32\mswsock.dll
0x00007ffe68aa0000 - 0x00007ffe68ab6000 	C:\Program Files\Java\jdk-21.0.9+10\bin\nio.dll
0x00007ffe695f0000 - 0x00007ffe69608000 	C:\Program Files\Java\jdk-21.0.9+10\bin\zip.dll
0x000001be38740000 - 0x000001be38743000 	C:\Users\Dell\.openjfx\cache\21+31\amd64\api-ms-win-core-console-l1-1-0.dll
0x000001be38750000 - 0x000001be38753000 	C:\Users\Dell\.openjfx\cache\21+31\amd64\api-ms-win-core-console-l1-2-0.dll
0x000001be54fa0000 - 0x000001be54fa3000 	C:\Users\Dell\.openjfx\cache\21+31\amd64\api-ms-win-core-datetime-l1-1-0.dll
0x000001be54fb0000 - 0x000001be54fb3000 	C:\Users\Dell\.openjfx\cache\21+31\amd64\api-ms-win-core-debug-l1-1-0.dll
0x000001be54fc0000 - 0x000001be54fc3000 	C:\Users\Dell\.openjfx\cache\21+31\amd64\api-ms-win-core-errorhandling-l1-1-0.dll
0x000001be54fd0000 - 0x000001be54fd4000 	C:\Users\Dell\.openjfx\cache\21+31\amd64\api-ms-win-core-file-l1-1-0.dll
0x000001be54fe0000 - 0x000001be54fe3000 	C:\Users\Dell\.openjfx\cache\21+31\amd64\api-ms-win-core-file-l1-2-0.dll
0x000001be54ff0000 - 0x000001be54ff3000 	C:\Users\Dell\.openjfx\cache\21+31\amd64\api-ms-win-core-file-l2-1-0.dll
0x000001be96e00000 - 0x000001be96e03000 	C:\Users\Dell\.openjfx\cache\21+31\amd64\api-ms-win-core-handle-l1-1-0.dll
0x000001be96e10000 - 0x000001be96e13000 	C:\Users\Dell\.openjfx\cache\21+31\amd64\api-ms-win-core-heap-l1-1-0.dll
0x000001be96e20000 - 0x000001be96e23000 	C:\Users\Dell\.openjfx\cache\21+31\amd64\api-ms-win-core-interlocked-l1-1-0.dll
0x000001be96e30000 - 0x000001be96e33000 	C:\Users\Dell\.openjfx\cache\21+31\amd64\api-ms-win-core-libraryloader-l1-1-0.dll
0x000001be96e40000 - 0x000001be96e43000 	C:\Users\Dell\.openjfx\cache\21+31\amd64\api-ms-win-core-localization-l1-2-0.dll
0x000001be96e50000 - 0x000001be96e53000 	C:\Users\Dell\.openjfx\cache\21+31\amd64\api-ms-win-core-memory-l1-1-0.dll
0x000001be96e60000 - 0x000001be96e63000 	C:\Users\Dell\.openjfx\cache\21+31\amd64\api-ms-win-core-namedpipe-l1-1-0.dll
0x000001be96e70000 - 0x000001be96e73000 	C:\Users\Dell\.openjfx\cache\21+31\amd64\api-ms-win-core-processenvironment-l1-1-0.dll
0x000001be96e80000 - 0x000001be96e83000 	C:\Users\Dell\.openjfx\cache\21+31\amd64\api-ms-win-core-processthreads-l1-1-0.dll
0x000001be96e90000 - 0x000001be96e93000 	C:\Users\Dell\.openjfx\cache\21+31\amd64\api-ms-win-core-processthreads-l1-1-1.dll
0x000001be96ea0000 - 0x000001be96ea3000 	C:\Users\Dell\.openjfx\cache\21+31\amd64\api-ms-win-core-profile-l1-1-0.dll
0x000001be96eb0000 - 0x000001be96eb3000 	C:\Users\Dell\.openjfx\cache\21+31\amd64\api-ms-win-core-rtlsupport-l1-1-0.dll
0x000001be96ec0000 - 0x000001be96ec3000 	C:\Users\Dell\.openjfx\cache\21+31\amd64\api-ms-win-core-string-l1-1-0.dll
0x000001be96ed0000 - 0x000001be96ed3000 	C:\Users\Dell\.openjfx\cache\21+31\amd64\api-ms-win-core-synch-l1-1-0.dll
0x000001be96ee0000 - 0x000001be96ee3000 	C:\Users\Dell\.openjfx\cache\21+31\amd64\api-ms-win-core-synch-l1-2-0.dll
0x000001be96ef0000 - 0x000001be96ef3000 	C:\Users\Dell\.openjfx\cache\21+31\amd64\api-ms-win-core-sysinfo-l1-1-0.dll
0x000001be96f00000 - 0x000001be96f03000 	C:\Users\Dell\.openjfx\cache\21+31\amd64\api-ms-win-core-timezone-l1-1-0.dll
0x000001be96f10000 - 0x000001be96f13000 	C:\Users\Dell\.openjfx\cache\21+31\amd64\api-ms-win-core-util-l1-1-0.dll
0x000001be96f20000 - 0x000001be96f23000 	C:\Users\Dell\.openjfx\cache\21+31\amd64\api-ms-win-crt-conio-l1-1-0.dll
0x000001be96f30000 - 0x000001be96f34000 	C:\Users\Dell\.openjfx\cache\21+31\amd64\api-ms-win-crt-convert-l1-1-0.dll
0x000001be96f40000 - 0x000001be96f43000 	C:\Users\Dell\.openjfx\cache\21+31\amd64\api-ms-win-crt-environment-l1-1-0.dll
0x000001be96f50000 - 0x000001be96f53000 	C:\Users\Dell\.openjfx\cache\21+31\amd64\api-ms-win-crt-filesystem-l1-1-0.dll
0x000001be96f60000 - 0x000001be96f63000 	C:\Users\Dell\.openjfx\cache\21+31\amd64\api-ms-win-crt-heap-l1-1-0.dll
0x000001be96f70000 - 0x000001be96f73000 	C:\Users\Dell\.openjfx\cache\21+31\amd64\api-ms-win-crt-locale-l1-1-0.dll
0x000001be96f80000 - 0x000001be96f85000 	C:\Users\Dell\.openjfx\cache\21+31\amd64\api-ms-win-crt-math-l1-1-0.dll
0x000001be96f90000 - 0x000001be96f95000 	C:\Users\Dell\.openjfx\cache\21+31\amd64\api-ms-win-crt-multibyte-l1-1-0.dll
0x000001be96fa0000 - 0x000001be96fb0000 	C:\Users\Dell\.openjfx\cache\21+31\amd64\api-ms-win-crt-private-l1-1-0.dll
0x000001be96fb0000 - 0x000001be96fb3000 	C:\Users\Dell\.openjfx\cache\21+31\amd64\api-ms-win-crt-process-l1-1-0.dll
0x000001be96fc0000 - 0x000001be96fc4000 	C:\Users\Dell\.openjfx\cache\21+31\amd64\api-ms-win-crt-runtime-l1-1-0.dll
0x000001be96fd0000 - 0x000001be96fd4000 	C:\Users\Dell\.openjfx\cache\21+31\amd64\api-ms-win-crt-stdio-l1-1-0.dll
0x000001be96fe0000 - 0x000001be96fe4000 	C:\Users\Dell\.openjfx\cache\21+31\amd64\api-ms-win-crt-string-l1-1-0.dll
0x000001be96ff0000 - 0x000001be96ff3000 	C:\Users\Dell\.openjfx\cache\21+31\amd64\api-ms-win-crt-time-l1-1-0.dll
0x000001be9b000000 - 0x000001be9b003000 	C:\Users\Dell\.openjfx\cache\21+31\amd64\api-ms-win-crt-utility-l1-1-0.dll
0x00007ffe58ca0000 - 0x00007ffe58d9c000 	C:\Users\Dell\.openjfx\cache\21+31\amd64\ucrtbase.dll
0x00007ffe5e890000 - 0x00007ffe5e8ab000 	C:\Users\Dell\.openjfx\cache\21+31\amd64\vcruntime140.dll
0x00007ffe68ac0000 - 0x00007ffe68acc000 	C:\Users\Dell\.openjfx\cache\21+31\amd64\vcruntime140_1.dll
0x00007ffe58c10000 - 0x00007ffe58c9e000 	C:\Users\Dell\.openjfx\cache\21+31\amd64\msvcp140.dll
0x00007ffe849e0000 - 0x00007ffe84b0b000 	C:\Windows\System32\ole32.dll
0x00007ffe67e30000 - 0x00007ffe67e39000 	C:\Users\Dell\.openjfx\cache\21+31\amd64\msvcp140_1.dll
0x00007ffe5e860000 - 0x00007ffe5e88f000 	C:\Users\Dell\.openjfx\cache\21+31\amd64\msvcp140_2.dll
0x00007ffe5e300000 - 0x00007ffe5e32f000 	C:\Users\Dell\.openjfx\cache\21+31\amd64\prism_d3d.dll
0x00007ffe1fa90000 - 0x00007ffe1fc61000 	C:\Windows\system32\d3d9.dll
0x00007ffe81110000 - 0x00007ffe8113e000 	C:\Windows\SYSTEM32\dwmapi.dll
0x00007ffe80ea0000 - 0x00007ffe80f3e000 	C:\Windows\system32\uxtheme.dll
0x00007ffe1cec0000 - 0x00007ffe1f3fa000 	C:\Windows\SYSTEM32\igdumdim64.dll
0x00007ffe84b40000 - 0x00007ffe84fb0000 	C:\Windows\System32\SETUPAPI.dll
0x00007ffe83cd0000 - 0x00007ffe83d1e000 	C:\Windows\System32\cfgmgr32.dll
0x00007ffe5dc20000 - 0x00007ffe5dc62000 	C:\Users\Dell\.openjfx\cache\21+31\amd64\glass.dll
0x00007ffe85190000 - 0x00007ffe8526a000 	C:\Windows\System32\COMDLG32.dll
0x00007ffe840f0000 - 0x00007ffe84205000 	C:\Windows\System32\MSCTF.dll
0x00007ffe784c0000 - 0x00007ffe78eff000 	C:\Windows\SYSTEM32\igdusc64.dll
0x00007ffe7a350000 - 0x00007ffe7a38b000 	C:\Windows\SYSTEM32\dxcore.dll
0x00007ffe5db90000 - 0x00007ffe5dba4000 	C:\Users\Dell\.openjfx\cache\21+31\amd64\javafx_font.dll
0x00007ffe7b6f0000 - 0x00007ffe7b96f000 	C:\Windows\SYSTEM32\dwrite.dll
0x00007ffe82e90000 - 0x00007ffe82ea8000 	C:\Windows\SYSTEM32\CRYPTSP.dll
0x00007ffe82570000 - 0x00007ffe825a8000 	C:\Windows\system32\rsaenh.dll
0x00007ffe83490000 - 0x00007ffe834be000 	C:\Windows\SYSTEM32\USERENV.dll
0x00007ffe82dc0000 - 0x00007ffe82dcc000 	C:\Windows\SYSTEM32\CRYPTBASE.dll
0x00007ffe82930000 - 0x00007ffe8296b000 	C:\Windows\SYSTEM32\IPHLPAPI.DLL
0x00007ffe85180000 - 0x00007ffe85188000 	C:\Windows\System32\NSI.dll
0x00007ffe5d5b0000 - 0x00007ffe5d5dd000 	C:\Users\Dell\.openjfx\cache\21+31\amd64\javafx_iio.dll
0x00007ffe854c0000 - 0x00007ffe85569000 	C:\Windows\System32\clbcatq.dll
0x00007ffe80ce0000 - 0x00007ffe80e96000 	C:\Windows\SYSTEM32\WindowsCodecs.dll
0x00007ffe6fc50000 - 0x00007ffe6fc8e000 	C:\Windows\system32\dataexchange.dll
0x00007ffe7fc90000 - 0x00007ffe7fe74000 	C:\Windows\system32\dcomp.dll
0x00007ffe7f300000 - 0x00007ffe7f564000 	C:\Windows\system32\d3d11.dll
0x00007ffe81e20000 - 0x00007ffe81f16000 	C:\Windows\system32\dxgi.dll
0x00007ffe7dce0000 - 0x00007ffe7dee3000 	C:\Windows\system32\twinapi.appcore.dll
0x00007ffe5b6e0000 - 0x00007ffe5b714000 	C:\Program Files\Common Files\Microsoft Shared\Ink\rtscom.dll
0x00007ffe790b0000 - 0x00007ffe791a9000 	C:\Windows\SYSTEM32\textinputframework.dll
0x00007ffe80200000 - 0x00007ffe8055b000 	C:\Windows\System32\CoreUIComponents.dll
0x00007ffe80560000 - 0x00007ffe80652000 	C:\Windows\System32\CoreMessaging.dll
0x00007ffe827c0000 - 0x00007ffe827f3000 	C:\Windows\SYSTEM32\ntmarta.dll

JVMTI agents: none

dbghelp: loaded successfully - version: 4.0.5 - missing functions: none
symbol engine: initialized successfully - sym options: 0x614 - pdb path: .;C:\Program Files\Java\jdk-21.0.9+10\bin;C:\Windows\SYSTEM32;C:\Windows\WinSxS\amd64_microsoft.windows.common-controls_6595b64144ccf1df_6.0.19041.6456_none_60b8a6cb71f64256;C:\Program Files\Java\jdk-21.0.9+10\bin\server;C:\Users\Dell\.openjfx\cache\21+31\amd64;C:\Program Files\Common Files\Microsoft Shared\Ink;C:\Users\Dell\AppData\Local\Temp\lwjgl_Dell\3.3.6+1\x64

VM Arguments:
jvm_args: --add-modules=javafx.controls,javafx.fxml,javafx.graphics --module-path=C:\Users\Dell\.gradle\caches\modules-2\files-2.1\org.openjfx\javafx-fxml\21\4a1cd270e1ae03ae73110eb68622afd457c6f903\javafx-fxml-21-win.jar;C:\Users\Dell\.gradle\caches\modules-2\files-2.1\org.openjfx\javafx-controls\21\76e295d84578a3d9688e092aae3f2ff1cf3e83a9\javafx-controls-21-win.jar;C:\Users\Dell\.gradle\caches\modules-2\files-2.1\org.openjfx\javafx-graphics\21\8083d97ea236079c82cf8e3463b62990340346d4\javafx-graphics-21-win.jar;C:\Users\Dell\.gradle\caches\modules-2\files-2.1\org.openjfx\javafx-base\21\a7e334fbb619859e1010cad06ddcf16e774c87a0\javafx-base-21-win.jar --add-modules=javafx.controls,javafx.fxml,javafx.graphics -Dfile.encoding=UTF-8 -Duser.country=US -Duser.language=en -Duser.variant 
java_command: com.example.MainMenu
java_class_path (initial): C:\Users\Dell\Documents\UniversityProject\University-Project\ForgeVoxel\app\build\classes\java\main;C:\Users\Dell\Documents\UniversityProject\University-Project\ForgeVoxel\app\build\resources\main;C:\Users\Dell\.gradle\caches\modules-2\files-2.1\org.jmonkeyengine\jme3-lwjgl3\3.8.1-stable\3031c655fa4bc31d4f27ed93edd7b3c7ce575b0f\jme3-lwjgl3-3.8.1-stable.jar;C:\Users\Dell\.gradle\caches\modules-2\files-2.1\org.jmonkeyengine\jme3-desktop\3.8.1-stable\e6fb38514a08947148427494a22f212862bce1f1\jme3-desktop-3.8.1-stable.jar;C:\Users\Dell\.gradle\caches\modules-2\files-2.1\org.jmonkeyengine\jme3-plugins\3.8.1-stable\1eecfc701aaeb6e15fc42b99c26ebb102ce7f9ad\jme3-plugins-3.8.1-stable.jar;C:\Users\Dell\.gradle\caches\modules-2\files-2.1\org.jmonkeyengine\jme3-core\3.8.1-stable\c936796d9744ed1ed48f561a1c926de34f1017dc\jme3-core-3.8.1-stable.jar;C:\Users\Dell\.gradle\caches\modules-2\files-2.1\org.fxmisc.richtext\richtextfx\0.11.7\8d9ea0a7d14f5fe78814ca06bce1510c66990086\richtextfx-0.11.7.jar;C:\Users\Dell\.gradle\caches\modules-2\files-2.1\org.lwjglx\lwjgl3-awt\0.2.3\2be63e81d6b73300d8203ce7235b2660c62eb3ea\lwjgl3-awt-0.2.3.jar;C:\Users\Dell\.gradle\caches\modules-2\files-2.1\org.lwjgl\lwjgl-glfw\3.3.6\7119f7d0eeb1e5502ff0ca71d2b4d47317da015\lwjgl-glfw-3.3.6.jar;C:\Users\Dell\.gradle\caches\modules-2\files-2.1\org.lwjgl\lwjgl-glfw\3.3.6\99ef08056feb9627f90425a4d2a22cd9fae8e39b\lwjgl-glfw-3.3.6-natives-windows.jar;C:\Users\Dell\.gradle\caches\modules-2\files-2.1\org.lwjgl\lwjgl-glfw\3.3.6\cfa8f1e96d572ed56da5945adf5167628f5eecdb\lwjgl-glfw-3.3.6-natives-windows-x86.jar;C:\Users\Dell\.gradle\caches\modules-2\files-2.1\org.lwjgl\lwjgl-glfw\3.3.6\797e0965709ad180d9b00c88a086dbda15002203\lwjgl-glfw-3.3.6-natives-linux.jar;C:\Users\Dell\.gradle\caches\modules-2\files-2.1\org.lwjgl\lwjgl-glfw\3.3.6\671adf04a6bc4f792af13892e37f804be30b7070\lwjgl-glfw-3.3.6-natives-linux-arm32.jar;C:\Users\Dell\.gradle\caches\modules-2\files-2.1\org.lwjgl\lwjgl-glfw\3.3.6\b54023af492b4c2c72451f3a7aa0f385e9969474\lwjgl-glfw-3.3.6-natives-linux-arm64.jar;C:\Users\Dell\.gradle\caches\modules-2\files-2.1\org.lwjgl\lwjgl-glfw\3.3.6\82c8d748a654241b5961ddd1c098e8b648e38a48\lwjgl-glfw-3.3.6-natives-macos.jar;C:\Users\Dell\.gradle\caches\modules-2\files-2.1\org.lwjgl\lwjgl-glfw\3.3.6\399b42b491c5dfa6595ae6fd79dcba61b93538a7\lwjgl-glfw-3.3.6-natives-macos-arm64.jar;C:\Users\Dell\.gradle\caches\modules-2\files-2.1\org.lwjgl\lwjgl-jawt\3.3.6\43299e222bd7db5e99254a8e620330954b73c2a6\lwjgl-jawt-3.3.6.jar;C:\Users\Dell\.gradle\caches\modules-2\files-2.1\org.lwjgl\lwjgl-jemalloc\3.3.6\245910eb57f2444429c74e6bf96030e5ec0a6739\lwjgl-jemalloc-3.3.6.jar;C:\Users\Dell\.gradle\caches\modules-2\files-2.1\org.lwjgl\lwjgl-jemalloc\3.3.6\f9da76351e14a695be172d6915c8a7b2905307f\lwjgl-jemalloc-3.3.6-natives-windows.jar;C:\Users\Dell\.gradle\caches\modules-2\files-2.1\org.lwjgl\lwjgl-jemalloc\3.3.6\c86043a342a33e5d32fabf962578580633db3c6e\lwjgl-jemalloc-3.3.6-natives-windows-x86.jar;C:\Users\Dell\.gradle\caches\modules-2\files-2.1\org.lwjgl\lwjgl-jemalloc\3.3.6\26f8b467dc2e0f3000d608de3564b572bb46f927\lwjgl-jemalloc-3.3.6-natives-linux.jar;C:\Users\Dell\.gradle\caches\modules-2\files-2.1\org.lwjgl\lwjgl-jemalloc\3.3.6\c484cae39a718010dbc7931fe5e12664600a13c2\lwjgl-jemalloc-3.3.6-natives-linux-arm32.jar;C:\Users\Dell\.gradle\caches\modules-2\files-2.1\org.lwjgl\lwjgl-jemalloc\3.3.6\1bc2e16e70df7f418d668c2984ac8066f1f6f5b1\lwjgl-jemalloc-3.3.6-natives-linux-arm64.jar;C:\Users\Dell\.gradle\caches\modules-2\files-2.1\org.lwjgl\lwjgl-jemalloc\3.3.6\9a42df0f2e9747815490311d7db7b4a046d5f40\lwjgl-jemalloc-3.3.6-natives-macos.jar;C:\Users\Dell\.gradle\caches\modules-2\files-2.1\org.lwjgl\lwjgl-jemalloc\3.3.6\1f828c1fc06792475850162725433adf5ad001c0\lwjgl-jemalloc-3.3.6-natives-macos-arm64.jar;C:\Users\Dell\.gradle\caches\modules-2\files-2.1\org.lwjgl\lwjgl-openal\3.3.6\ad313317ff399fd2a7f4dd74716a68cf3976c6ad\lwjgl-openal-3.3.6.jar;C:\Users\Dell\.gradle\caches\modules-2\files-2.1\org.lwjgl\lwjgl-openal\3.3.6\9c2b9b660e085bb0b47a4453dc0e26f24a5475e4\lwjgl-openal-3.3.6-natives-windows.jar;C:\Users\Dell\.gradle\caches\modules-2\files-2.1\org.lwjgl\lwjgl-openal\3.3.6\82f693541d69aa125750bf8be9c4194435c56f03\lwjgl-openal-3.3.6-natives-windows-x86.jar;C:\Users\Dell\.gradle\caches\modules-2\files-2.1\org.lwjgl\lwjgl-openal\3.3.6\ef356c04ef141d4efbde07793f31784f1f1a1bae\lwjgl-openal-3.3.6-natives-linux.jar;C:\Users\Dell\.gradle\caches\modules-2\files-2.1\org.lwjgl\lwjgl-openal\3.3.6\7830af894fa110e65bf5075deb9183efbdbc50f5\lwjgl-openal-3.3.6-natives-linux-arm32.jar;C:\Users\Dell\.gradle\caches\modules-2\files-2.1\org.lwjgl\lwjgl-openal\3.3.6\fd2c17603c63e8d543cb57d1db77ebd4574f3b7a\lwjgl-openal-3.3.6-natives-linux-arm64.jar;C:\Users\Dell\.gradle\caches\modules-2\files-2.1\org.lwjgl\lwjgl-openal\3.3.6\c39f6827f0bd97601fc4e389801d5c813f59a5f2\lwjgl-openal-3.3.6-natives-macos.jar;C:\Users\Dell\.gradle\caches\modules-2\files-2.1\org.lwjgl\lwjgl-openal\3.3.6\13f692aec4ae4b2d3c468aa0008472175f0ea1e0\lwjgl-openal-3.3.6-natives-macos-arm64.jar;C:\Users\Dell\.gradle\caches\modules-2\files-2.1\org.lwjgl\lwjgl-opencl\3.3.6\93fdcea16d27b1466450e38dc28c8e1b4819ec25\lwjgl-opencl-3.3.6.jar;C:\Users\Dell\.gradle\caches\modules-2\files-2.1\org.lwjgl\lwjgl-opengl\3.3.6\ac2532612a4df374e9a9282bcf8ce2573018ebbb\lwjgl-opengl-3.3.6.jar;C:\Users\Dell\.gradle\caches\modules-2\files-2.1\org.lwjgl\lwjgl-opengl\3.3.6\18dc639ebc94aa5202c2157f7490d28997b697c5\lwjgl-opengl-3.3.6-natives-windows.jar;C:\Users\Dell\.gradle\caches\modules-2\files-2.1\org.lwjgl\lwjgl-opengl\3.3.6\b0ab1d0e315d2fcc50d6cab7e8feaf4688d5d9a0\lwjgl-opengl-3.3.6-natives-windows-x86.jar;C:\Users\Dell\.gradle\caches\modules-2\files-2.1\org.lwjgl\lwjgl-opengl\3.3.6\b8dc6467fe232d552793c53dc56f9fa8a385299c\lwjgl-opengl-3.3.6-natives-linux.jar;C:\Users\Dell\.gradle\caches\modules-2\files-2.1\org.lwjgl\lwjgl-opengl\3.3.6\ee815fbf454b916f13c10fff62e513eb09042ef0\lwjgl-opengl-3.3.6-natives-linux-arm32.jar;C:\Users\Dell\.gradle\caches\modules-2\files-2.1\org.lwjgl\lwjgl-opengl\3.3.6\44de180f79e0b45c9e5bee10ca7540dcb5ddd373\lwjgl-opengl-3.3.6-natives-linux-arm64.jar;C:\Users\Dell\.gradle\caches\modules-2\files-2.1\org.lwjgl\lwjgl-opengl\3.3.6\59f708eb4bf0be0204bbc9c06807911724673db6\lwjgl-opengl-3.3.6-natives-macos.jar;C:\Users\Dell\.gradle\caches\modules-2\files-2.1\org.lwjgl\lwjgl-opengl\3.3.6\fee4fb2ee786af6530b6f9188205a76bc4e05268\lwjgl-opengl-3.3.6-natives-macos-arm64.jar;C:\Users\Dell\.gradle\caches\modules-2\files-2.1\org.lwjgl\lwjgl\3.3.6\ce7721d30cfaf47feaed10213e0c43eb55c49d68\lwjgl-3.3.6.jar;C:\Users\Dell\.gradle\caches\modules-2\files-2.1\org.lwjgl\lwjgl\3.3.6\9a29b6a22fc5184604b8cb434ee5d5ecc4bfcbee\lwjgl-3.3.6-natives-windows.jar;C:\Users\Dell\.gradle\caches\modules-2\files-2.1\org.lwjgl\lwjgl\3.3.6\7a6f04e02429ba2f4bda9be191347bb7d3c71127\lwjgl-3.3.6-natives-windows-x86.jar;C:\Users\Dell\.gradle\caches\modules-2\files-2.1\org.lwjgl\lwjgl\3.3.6\dc7db8fc4f1e6563867f9155b9a42d9c73d8992f\lwjgl-3.3.6-natives-linux.jar;C:\Users\Dell\.gradle\caches\modules-2\files-2.1\org.lwjgl\lwjgl\3.3.6\2c9d698e76c3d0fe307d94cc6f428038492f25df\lwjgl-3.3.6-natives-linux-arm32.jar;C:\Users\Dell\.gradle\caches\modules-2\files-2.1\org.lwjgl\lwjgl\3.3.6\9eeb8887b5e3aa672efd2e1b0973ffa5891a3151\lwjgl-3.3.6-natives-linux-arm64.jar;C:\Users\Dell\.gradle\caches\modules-2\files-2.1\org.lwjgl\lwjgl\3.3.6\f14e7a5289d2355822f4f83b3fd38d158c939acd\lwjgl-3.3.6-natives-macos.jar;C:\Users\Dell\.gradle\caches\modules-2\files-2.1\org.lwjgl\lwjgl\3.3.6\832e2964ce74e02e768814a29c06d60645115b9a\lwjgl-3.3.6-natives-macos-arm64.jar;C:\Users\Dell\.gradle\caches\modules-2\files-2.1\org.jmonkeyengine\jme3-plugins-json-gson\3.8.1-stable\c8f68ae8d04b98d204b8eafd81a63b582480662c\jme3-plugins-json-gson-3.8.1-stable.jar;C:\Users\Dell\.gradle\caches\modules-2\files-2.1\org.jmonkeyengine\jme3-plugins-json\3.8.1-stable\f051548736772b45e8e314c772997c0106dce2e8\jme3-plugins-json-3.8.1-stable.jar;C:\Users\Dell\.gradle\caches\modules-2\files-2.1\org.fxmisc.undo\undofx\2.1.1\69e1b938bd6d12c48ab07478cc09386a1fba3d2d\undofx-2.1.1.jar;C:\Users\Dell\.gradle\caches\modules-2\files-2.1\org.fxmisc.flowless\flowless\0.7.4\2d4c44c78a5180752a70ed3d26dd1915d99325c4\flowless-0.7.4.jar;C:\Users\Dell\.gradle\caches\modules-2\files-2.1\org.reactfx\reactfx\2.0-M5\aa02bc40ebbb87a76d4b188516294612c8972b80\reactfx-2.0-M5.jar;C:\Users\Dell\.gradle\caches\modules-2\files-2.1\org.fxmisc.wellbehaved\wellbehavedfx\0.3.3\c69c986469f23feee75f09812357e6b6a0657d57\wellbehavedfx-0.3.3.jar;C:\Users\Dell\.gradle\caches\modules-2\files-2.1\com.google.code.gson\gson\2.9.1\2cc2131b98ebfb04e2b2c7dfb84431f4045096b\gson-2.9.1.jar
Launcher Type: SUN_STANDARD

[Global flags]
     intx CICompilerCount                          = 2                                         {product} {ergonomic}
     uint ConcGCThreads                            = 1                                         {product} {ergonomic}
     uint G1ConcRefinementThreads                  = 2                                         {product} {ergonomic}
   size_t G1HeapRegionSize                         = 1048576                                   {product} {ergonomic}
    uintx GCDrainStackTargetSize                   = 64                                        {product} {ergonomic}
   size_t InitialHeapSize                          = 67108864                                  {product} {ergonomic}
   size_t MarkStackSize                            = 4194304                                   {product} {ergonomic}
   size_t MaxHeapSize                              = 1052770304                                {product} {ergonomic}
   size_t MaxNewSize                               = 631242752                                 {product} {ergonomic}
   size_t MinHeapDeltaBytes                        = 1048576                                   {product} {ergonomic}
   size_t MinHeapSize                              = 8388608                                   {product} {ergonomic}
    uintx NonNMethodCodeHeapSize                   = 5826188                                {pd product} {ergonomic}
    uintx NonProfiledCodeHeapSize                  = 122916026                              {pd product} {ergonomic}
    uintx ProfiledCodeHeapSize                     = 122916026                              {pd product} {ergonomic}
    uintx ReservedCodeCacheSize                    = 251658240                              {pd product} {ergonomic}
     bool SegmentedCodeCache                       = true                                      {product} {ergonomic}
   size_t SoftMaxHeapSize                          = 1052770304                             {manageable} {ergonomic}
     bool UseCompressedOops                        = true                           {product lp64_product} {ergonomic}
     bool UseG1GC                                  = true                                      {product} {ergonomic}
     bool UseLargePagesIndividualAllocation        = false                                  {pd product} {ergonomic}

Logging:
Log output configuration:
 #0: stdout all=warning uptime,level,tags foldmultilines=false
 #1: stderr all=off uptime,level,tags foldmultilines=false

Release file:
IMPLEMENTOR="Eclipse Adoptium" 
IMPLEMENTOR_VERSION="Temurin-21.0.9+10" 
JAVA_RUNTIME_VERSION="21.0.9+10-LTS" 
JAVA_VERSION="21.0.9" 
JAVA_VERSION_DATE="2025-10-21" 
LIBC="default" 
MODULES="java.base java.compiler java.datatransfer java.xml java.prefs java.desktop java.instrument java.logging java.management java.security.sasl java.naming java.rmi java.management.rmi java.net.http java.scripting java.security.jgss java.transaction.xa java.sql java.sql.rowset java.xml.crypto java.se java.smartcardio jdk.accessibility jdk.internal.jvmstat jdk.attach jdk.charsets jdk.internal.opt jdk.zipfs jdk.compiler jdk.crypto.ec jdk.crypto.cryptoki jdk.crypto.mscapi jdk.dynalink jdk.internal.ed jdk.editpad jdk.hotspot.agent jdk.httpserver jdk.incubator.vector jdk.internal.le jdk.internal.vm.ci jdk.internal.vm.compiler jdk.internal.vm.compiler.management jdk.jartool jdk.javadoc jdk.jcmd jdk.management jdk.management.agent jdk.jconsole jdk.jdeps jdk.jdwp.agent jdk.jdi jdk.jfr jdk.jlink jdk.jpackage jdk.jshell jdk.jsobject jdk.jstatd jdk.localedata jdk.management.jfr jdk.naming.dns jdk.naming.rmi jdk.net jdk.nio.mapmode jdk.random jdk.sctp jdk.security.auth jdk.security.jgss jdk.unsupported jdk.unsupported.desktop jdk.xml.dom" 
OS_ARCH="x86_64" 
OS_NAME="Windows" 
SOURCE=".:git:759062135b07" 
BUILD_SOURCE="git:839fa0b45d809157cffd3dc8515aad262a4a1776"
BUILD_SOURCE_REPO="https://github.com/adoptium/temurin-build.git"
SOURCE_REPO="https://github.com/adoptium/jdk21u.git"
FULL_VERSION="21.0.9+10-LTS"
SEMANTIC_VERSION="21.0.9+10"
BUILD_INFO="OS: Windows Server 2022 Version: 10.0"
JVM_VARIANT="Hotspot"
JVM_VERSION="21.0.9+10-LTS"
IMAGE_TYPE="JDK"

Environment Variables:
JAVA_HOME=C:\Program Files\Java\jdk-24
PATH=C:\ffmpeg\bin;C:\Windows\system32;C:\Windows;C:\Windows\System32\Wbem;C:\Windows\System32\WindowsPowerShell\v1.0\;C:\Windows\System32\OpenSSH\;C:\Program Files\dotnet\;C:\Users\Dell\AppData\Local\Microsoft\WindowsApps;C:\msys64\ucrt64\bin;C:\Program Files\Git\cmd;C:\Program Files\Java\jdk-24\bin;C:\Program Files\kotlinc\bin;C:\Users\Dell\AppData\Local\Programs\Python\Python313\Scripts\;C:\Users\Dell\AppData\Local\Programs\Python\Python313\;C:\Users\Dell\AppData\Local\Microsoft\WindowsApps;C:\Users\Dell\.conda;C:\Users\Dell\AppData\Local\GitHubDesktop\bin;C:\Program Files\JetBrains\IntelliJ IDEA Community Edition 2025.2\bin;C:\Program Files\kotlinc\bin;c:\Users\Dell\.vscode\extensions\vscjava.vscode-java-debug-0.58.4\bundled\scripts\noConfigScripts
USERNAME=Dell
LANG=en_US.UTF-8
OS=Windows_NT
PROCESSOR_IDENTIFIER=Intel64 Family 6 Model 76 Stepping 4, GenuineIntel
TMP=C:\Users\Dell\AppData\Local\Temp
TEMP=C:\Users\Dell\AppData\Local\Temp




Periodic native trim disabled

---------------  S Y S T E M  ---------------

OS:
 Windows 10 , 64 bit Build 19041 (10.0.19041.5915)
OS uptime: 0 days 9:58 hours
Hyper-V role detected

CPU: total 2 (initial active 2) (2 cores per cpu, 1 threads per core) family 6 model 76 stepping 4 microcode 0x411, cx8, cmov, fxsr, mmx, 3dnowpref, sse, sse2, sse3, ssse3, sse4.1, sse4.2, popcnt, tsc, tscinvbit, aes, erms, clmul, clflush, hv, rdtscp
Processor Information for the first 2 processors :
  Max Mhz: 1601, Current Mhz: 1601, Mhz Limit: 1601

Memory: 4k page, system-wide physical 4011M (590M free)
TotalPageFile size 10403M (AvailPageFile size 1880M)
current process WorkingSet (physical memory assigned to process): 299M, peak: 483M
current process commit charge ("private bytes"): 340M, peak: 526M

vm_info: OpenJDK 64-Bit Server VM (21.0.9+10-LTS) for windows-amd64 JRE (21.0.9+10-LTS), built on 2025-10-21T00:00:00Z by "admin" with unknown MS VC++:1942

END.
